I191204 09:42:05.846644 40 util/log/clog.go:1196  [config] file created at: 2019/12/04 09:42:05
I191204 09:42:05.846644 40 util/log/clog.go:1196  [config] running on machine: proesd
I191204 09:42:05.846644 40 util/log/clog.go:1196  [config] binary: CockroachDB CCL v19.2.0 (x86_64-unknown-linux-gnu, built 2019/11/12 05:13:04, go1.12.12)
I191204 09:42:05.846644 40 util/log/clog.go:1196  [config] arguments: [cockroach start-single-node --insecure --listen-addr=localhost:9191]
I191204 09:42:05.846644 40 util/log/clog.go:1196  line format: [IWEF]yymmdd hh:mm:ss.uuuuuu goid file:line msg utf8=✓
I191204 09:42:05.846639 40 storage/engine/rocksdb.go:119  RocksDB version: 6.2.1
I191204 09:42:05.865984 40 storage/engine/rocksdb.go:119  Git sha rocksdb_build_git_sha:@b7009236531fa784872f4823eabf393501e41bf2@
I191204 09:42:05.866587 40 storage/engine/rocksdb.go:119  Compile date Nov 12 2019
I191204 09:42:05.866614 40 storage/engine/rocksdb.go:119  DB SUMMARY
I191204 09:42:05.866726 40 storage/engine/rocksdb.go:119  SST files in /var/www/micronaut-crud/databases/cockroach-data/cockroach-temp137845085 dir, Total Num: 0, files: 
I191204 09:42:05.866752 40 storage/engine/rocksdb.go:119  Write Ahead Log file in /var/www/micronaut-crud/databases/cockroach-data/cockroach-temp137845085: 
I191204 09:42:05.866779 40 storage/engine/rocksdb.go:119                          Options.error_if_exists: 0
I191204 09:42:05.866804 40 storage/engine/rocksdb.go:119                        Options.create_if_missing: 1
I191204 09:42:05.866829 40 storage/engine/rocksdb.go:119                          Options.paranoid_checks: 1
I191204 09:42:05.866855 40 storage/engine/rocksdb.go:119                                      Options.env: 0x742ca80
I191204 09:42:05.866879 40 storage/engine/rocksdb.go:119                                 Options.info_log: 0x7f4a5cc0d160
I191204 09:42:05.866903 40 storage/engine/rocksdb.go:119                 Options.max_file_opening_threads: 16
I191204 09:42:05.866927 40 storage/engine/rocksdb.go:119                               Options.statistics: 0x7f4a5cc29010
I191204 09:42:05.866951 40 storage/engine/rocksdb.go:119                                Options.use_fsync: 0
I191204 09:42:05.866975 40 storage/engine/rocksdb.go:119                        Options.max_log_file_size: 0
I191204 09:42:05.867000 40 storage/engine/rocksdb.go:119                   Options.max_manifest_file_size: 134217728
I191204 09:42:05.867024 40 storage/engine/rocksdb.go:119                    Options.log_file_time_to_roll: 0
I191204 09:42:05.867049 40 storage/engine/rocksdb.go:119                        Options.keep_log_file_num: 1000
I191204 09:42:05.867075 40 storage/engine/rocksdb.go:119                     Options.recycle_log_file_num: 1
I191204 09:42:05.867099 40 storage/engine/rocksdb.go:119                          Options.allow_fallocate: 1
I191204 09:42:05.867123 40 storage/engine/rocksdb.go:119                         Options.allow_mmap_reads: 0
I191204 09:42:05.867147 40 storage/engine/rocksdb.go:119                        Options.allow_mmap_writes: 0
I191204 09:42:05.867171 40 storage/engine/rocksdb.go:119                         Options.use_direct_reads: 0
I191204 09:42:05.867195 40 storage/engine/rocksdb.go:119                         Options.use_direct_io_for_flush_and_compaction: 0
I191204 09:42:05.867220 40 storage/engine/rocksdb.go:119           Options.create_missing_column_families: 0
I191204 09:42:05.867244 40 storage/engine/rocksdb.go:119                               Options.db_log_dir: 
I191204 09:42:05.867268 40 storage/engine/rocksdb.go:119                                  Options.wal_dir: /var/www/micronaut-crud/databases/cockroach-data/cockroach-temp137845085
I191204 09:42:05.867292 40 storage/engine/rocksdb.go:119                 Options.table_cache_numshardbits: 6
I191204 09:42:05.867316 40 storage/engine/rocksdb.go:119                       Options.max_subcompactions: 1
I191204 09:42:05.867340 40 storage/engine/rocksdb.go:119                   Options.max_background_flushes: -1
I191204 09:42:05.867365 40 storage/engine/rocksdb.go:119                          Options.WAL_ttl_seconds: 0
I191204 09:42:05.867390 40 storage/engine/rocksdb.go:119                        Options.WAL_size_limit_MB: 0
I191204 09:42:05.867415 40 storage/engine/rocksdb.go:119              Options.manifest_preallocation_size: 4194304
I191204 09:42:05.867439 40 storage/engine/rocksdb.go:119                      Options.is_fd_close_on_exec: 1
I191204 09:42:05.867463 40 storage/engine/rocksdb.go:119                    Options.advise_random_on_open: 1
I191204 09:42:05.867487 40 storage/engine/rocksdb.go:119                     Options.db_write_buffer_size: 0
I191204 09:42:05.867511 40 storage/engine/rocksdb.go:119                     Options.write_buffer_manager: 0x7f4a5cc91030
I191204 09:42:05.867536 40 storage/engine/rocksdb.go:119          Options.access_hint_on_compaction_start: 1
I191204 09:42:05.867560 40 storage/engine/rocksdb.go:119   Options.new_table_reader_for_compaction_inputs: 0
I191204 09:42:05.867584 40 storage/engine/rocksdb.go:119            Options.random_access_max_buffer_size: 1048576
I191204 09:42:05.867608 40 storage/engine/rocksdb.go:119                       Options.use_adaptive_mutex: 0
I191204 09:42:05.867632 40 storage/engine/rocksdb.go:119                             Options.rate_limiter: (nil)
I191204 09:42:05.867657 40 storage/engine/rocksdb.go:119      Options.sst_file_manager.rate_bytes_per_sec: 0
I191204 09:42:05.867681 40 storage/engine/rocksdb.go:119                        Options.wal_recovery_mode: 0
I191204 09:42:05.867706 40 storage/engine/rocksdb.go:119                   Options.enable_thread_tracking: 0
I191204 09:42:05.867730 40 storage/engine/rocksdb.go:119                   Options.enable_pipelined_write: 0
I191204 09:42:05.867753 40 storage/engine/rocksdb.go:119          Options.allow_concurrent_memtable_write: 1
I191204 09:42:05.867777 40 storage/engine/rocksdb.go:119       Options.enable_write_thread_adaptive_yield: 1
I191204 09:42:05.867801 40 storage/engine/rocksdb.go:119              Options.write_thread_max_yield_usec: 100
I191204 09:42:05.867825 40 storage/engine/rocksdb.go:119             Options.write_thread_slow_yield_usec: 3
I191204 09:42:05.867849 40 storage/engine/rocksdb.go:119                                Options.row_cache: None
I191204 09:42:05.867873 40 storage/engine/rocksdb.go:119                               Options.wal_filter: None
I191204 09:42:05.867897 40 storage/engine/rocksdb.go:119              Options.avoid_flush_during_recovery: 0
I191204 09:42:05.867922 40 storage/engine/rocksdb.go:119              Options.allow_ingest_behind: 0
I191204 09:42:05.867947 40 storage/engine/rocksdb.go:119              Options.preserve_deletes: 0
I191204 09:42:05.867970 40 storage/engine/rocksdb.go:119              Options.two_write_queues: 0
I191204 09:42:05.867994 40 storage/engine/rocksdb.go:119              Options.manual_wal_flush: 1
I191204 09:42:05.868021 40 storage/engine/rocksdb.go:119              Options.atomic_flush: 0
I191204 09:42:05.868045 40 storage/engine/rocksdb.go:119              Options.avoid_unnecessary_blocking_io: 0
I191204 09:42:05.868070 40 storage/engine/rocksdb.go:119              Options.max_background_jobs: 4
I191204 09:42:05.868094 40 storage/engine/rocksdb.go:119              Options.max_background_compactions: -1
I191204 09:42:05.868118 40 storage/engine/rocksdb.go:119              Options.avoid_flush_during_shutdown: 0
I191204 09:42:05.868143 40 storage/engine/rocksdb.go:119            Options.writable_file_max_buffer_size: 1048576
I191204 09:42:05.868168 40 storage/engine/rocksdb.go:119              Options.delayed_write_rate : 16777216
I191204 09:42:05.868194 40 storage/engine/rocksdb.go:119              Options.max_total_wal_size: 0
I191204 09:42:05.868218 40 storage/engine/rocksdb.go:119              Options.delete_obsolete_files_period_micros: 21600000000
I191204 09:42:05.868243 40 storage/engine/rocksdb.go:119                    Options.stats_dump_period_sec: 0
I191204 09:42:05.868267 40 storage/engine/rocksdb.go:119                  Options.stats_persist_period_sec: 600
I191204 09:42:05.868292 40 storage/engine/rocksdb.go:119                  Options.stats_history_buffer_size: 1048576
I191204 09:42:05.868316 40 storage/engine/rocksdb.go:119                           Options.max_open_files: 128
I191204 09:42:05.868341 40 storage/engine/rocksdb.go:119                           Options.bytes_per_sync: 524288
I191204 09:42:05.868364 40 storage/engine/rocksdb.go:119                       Options.wal_bytes_per_sync: 0
I191204 09:42:05.868461 40 storage/engine/rocksdb.go:119                    Options.strict_bytes_per_sync: 1
I191204 09:42:05.868489 40 storage/engine/rocksdb.go:119        Options.compaction_readahead_size: 0
I191204 09:42:05.868512 40 storage/engine/rocksdb.go:119  Compression algorithms supported:
I191204 09:42:05.868539 40 storage/engine/rocksdb.go:119  	kZSTDNotFinalCompression supported: 0
I191204 09:42:05.868563 40 storage/engine/rocksdb.go:119  	kZSTD supported: 0
I191204 09:42:05.868588 40 storage/engine/rocksdb.go:119  	kXpressCompression supported: 0
I191204 09:42:05.868612 40 storage/engine/rocksdb.go:119  	kLZ4HCCompression supported: 0
I191204 09:42:05.868636 40 storage/engine/rocksdb.go:119  	kLZ4Compression supported: 0
I191204 09:42:05.868660 40 storage/engine/rocksdb.go:119  	kBZip2Compression supported: 0
I191204 09:42:05.868684 40 storage/engine/rocksdb.go:119  	kZlibCompression supported: 0
I191204 09:42:05.868709 40 storage/engine/rocksdb.go:119  	kSnappyCompression supported: 1
I191204 09:42:05.868742 40 storage/engine/rocksdb.go:119  Fast CRC32 supported: Supported on x86
I191204 09:42:05.868980 40 storage/engine/rocksdb.go:119  [db/db_impl_open.cc:242] Creating manifest 1 
I191204 09:42:06.145392 40 storage/engine/rocksdb.go:119  [db/version_set.cc:4072] Recovering from manifest file: /var/www/micronaut-crud/databases/cockroach-data/cockroach-temp137845085/MANIFEST-000001
I191204 09:42:06.155890 40 storage/engine/rocksdb.go:119  [db/column_family.cc:488] --------------- Options for column family [default]:
I191204 09:42:06.155932 40 storage/engine/rocksdb.go:119                Options.comparator: cockroach_comparator
I191204 09:42:06.155959 40 storage/engine/rocksdb.go:119            Options.merge_operator: cockroach_merge_operator
I191204 09:42:06.155985 40 storage/engine/rocksdb.go:119         Options.compaction_filter: None
I191204 09:42:06.156008 40 storage/engine/rocksdb.go:119         Options.compaction_filter_factory: None
I191204 09:42:06.156033 40 storage/engine/rocksdb.go:119          Options.memtable_factory: SkipListFactory
I191204 09:42:06.156146 40 storage/engine/rocksdb.go:119             Options.table_factory: BlockBasedTable
I191204 09:42:06.156264 40 storage/engine/rocksdb.go:119             table_factory options:   flush_block_policy_factory: FlushBlockBySizePolicyFactory (0x7f4a5cc22030)
  cache_index_and_filter_blocks: 0
  cache_index_and_filter_blocks_with_high_priority: 0
  pin_l0_filter_and_index_blocks_in_cache: 0
  pin_top_level_index_and_filter: 1
  index_type: 0
  data_block_index_type: 0
  index_shortening: 1
  data_block_hash_table_util_ratio: 0.750000
  hash_index_allow_collision: 1
  checksum: 1
  no_block_cache: 0
  block_cache: 0x7f4a5cc14010
  block_cache_name: LRUCache
  block_cache_options:
    capacity : 1048576
    num_shard_bits : 4
    strict_capacity_limit : 0
    memory_allocator : None
    high_pri_pool_ratio: 0.000
  block_cache_compressed: (nil)
  persistent_cache: (nil)
  block_size: 32768
  block_size_deviation: 10
  block_restart_interval: 16
  index_block_restart_interval: 1
  metadata_block_size: 4096
  partition_filters: 0
  use_delta_encoding: 1
  filter_policy: rocksdb.BuiltinBloomFilter
  whole_key_filtering: 0
  verify_compression: 0
  read_amp_bytes_per_bit: 0
  format_version: 2
  enable_index_compression: 1
  block_align: 0
I191204 09:42:06.156296 40 storage/engine/rocksdb.go:119         Options.write_buffer_size: 67108864
I191204 09:42:06.156325 40 storage/engine/rocksdb.go:119   Options.max_write_buffer_number: 4
I191204 09:42:06.156349 40 storage/engine/rocksdb.go:119           Options.compression: Snappy
I191204 09:42:06.156374 40 storage/engine/rocksdb.go:119                   Options.bottommost_compression: Disabled
I191204 09:42:06.156439 40 storage/engine/rocksdb.go:119        Options.prefix_extractor: cockroach_prefix_extractor
I191204 09:42:06.156464 40 storage/engine/rocksdb.go:119    Options.memtable_insert_with_hint_prefix_extractor: nullptr
I191204 09:42:06.156486 40 storage/engine/rocksdb.go:119              Options.num_levels: 7
I191204 09:42:06.156518 40 storage/engine/rocksdb.go:119         Options.min_write_buffer_number_to_merge: 1
I191204 09:42:06.156542 40 storage/engine/rocksdb.go:119      Options.max_write_buffer_number_to_maintain: 0
I191204 09:42:06.156566 40 storage/engine/rocksdb.go:119             Options.bottommost_compression_opts.window_bits: -14
I191204 09:42:06.156590 40 storage/engine/rocksdb.go:119                   Options.bottommost_compression_opts.level: 32767
I191204 09:42:06.156613 40 storage/engine/rocksdb.go:119                Options.bottommost_compression_opts.strategy: 0
I191204 09:42:06.156637 40 storage/engine/rocksdb.go:119          Options.bottommost_compression_opts.max_dict_bytes: 0
I191204 09:42:06.156661 40 storage/engine/rocksdb.go:119          Options.bottommost_compression_opts.zstd_max_train_bytes: 0
I191204 09:42:06.156699 40 storage/engine/rocksdb.go:119                   Options.bottommost_compression_opts.enabled: false
I191204 09:42:06.156724 40 storage/engine/rocksdb.go:119             Options.compression_opts.window_bits: -14
I191204 09:42:06.156749 40 storage/engine/rocksdb.go:119                   Options.compression_opts.level: 32767
I191204 09:42:06.156772 40 storage/engine/rocksdb.go:119                Options.compression_opts.strategy: 0
I191204 09:42:06.156796 40 storage/engine/rocksdb.go:119          Options.compression_opts.max_dict_bytes: 0
I191204 09:42:06.156820 40 storage/engine/rocksdb.go:119          Options.compression_opts.zstd_max_train_bytes: 0
I191204 09:42:06.156843 40 storage/engine/rocksdb.go:119                   Options.compression_opts.enabled: false
I191204 09:42:06.156867 40 storage/engine/rocksdb.go:119       Options.level0_file_num_compaction_trigger: 2
I191204 09:42:06.156891 40 storage/engine/rocksdb.go:119           Options.level0_slowdown_writes_trigger: 950
I191204 09:42:06.156915 40 storage/engine/rocksdb.go:119               Options.level0_stop_writes_trigger: 1000
I191204 09:42:06.156940 40 storage/engine/rocksdb.go:119                    Options.target_file_size_base: 4194304
I191204 09:42:06.156963 40 storage/engine/rocksdb.go:119              Options.target_file_size_multiplier: 2
I191204 09:42:06.156988 40 storage/engine/rocksdb.go:119                 Options.max_bytes_for_level_base: 67108864
I191204 09:42:06.157012 40 storage/engine/rocksdb.go:119  Options.level_compaction_dynamic_level_bytes: 1
I191204 09:42:06.157041 40 storage/engine/rocksdb.go:119           Options.max_bytes_for_level_multiplier: 10.000000
I191204 09:42:06.157066 40 storage/engine/rocksdb.go:119  Options.max_bytes_for_level_multiplier_addtl[0]: 1
I191204 09:42:06.157089 40 storage/engine/rocksdb.go:119  Options.max_bytes_for_level_multiplier_addtl[1]: 1
I191204 09:42:06.157113 40 storage/engine/rocksdb.go:119  Options.max_bytes_for_level_multiplier_addtl[2]: 1
I191204 09:42:06.157138 40 storage/engine/rocksdb.go:119  Options.max_bytes_for_level_multiplier_addtl[3]: 1
I191204 09:42:06.157161 40 storage/engine/rocksdb.go:119  Options.max_bytes_for_level_multiplier_addtl[4]: 1
I191204 09:42:06.157185 40 storage/engine/rocksdb.go:119  Options.max_bytes_for_level_multiplier_addtl[5]: 1
I191204 09:42:06.157210 40 storage/engine/rocksdb.go:119  Options.max_bytes_for_level_multiplier_addtl[6]: 1
I191204 09:42:06.157234 40 storage/engine/rocksdb.go:119        Options.max_sequential_skip_in_iterations: 8
I191204 09:42:06.157258 40 storage/engine/rocksdb.go:119                     Options.max_compaction_bytes: 104857600
I191204 09:42:06.157282 40 storage/engine/rocksdb.go:119                         Options.arena_block_size: 8388608
I191204 09:42:06.157305 40 storage/engine/rocksdb.go:119    Options.soft_pending_compaction_bytes_limit: 2199023255552
I191204 09:42:06.157329 40 storage/engine/rocksdb.go:119    Options.hard_pending_compaction_bytes_limit: 4400193994752
I191204 09:42:06.157353 40 storage/engine/rocksdb.go:119        Options.rate_limit_delay_max_milliseconds: 100
I191204 09:42:06.157377 40 storage/engine/rocksdb.go:119                 Options.disable_auto_compactions: 0
I191204 09:42:06.157404 40 storage/engine/rocksdb.go:119                         Options.compaction_style: kCompactionStyleLevel
I191204 09:42:06.157432 40 storage/engine/rocksdb.go:119                           Options.compaction_pri: kMinOverlappingRatio
I191204 09:42:06.157456 40 storage/engine/rocksdb.go:119  Options.compaction_options_universal.size_ratio: 1
I191204 09:42:06.157480 40 storage/engine/rocksdb.go:119  Options.compaction_options_universal.min_merge_width: 2
I191204 09:42:06.157503 40 storage/engine/rocksdb.go:119  Options.compaction_options_universal.max_merge_width: 4294967295
I191204 09:42:06.157528 40 storage/engine/rocksdb.go:119  Options.compaction_options_universal.max_size_amplification_percent: 200
I191204 09:42:06.157552 40 storage/engine/rocksdb.go:119  Options.compaction_options_universal.compression_size_percent: -1
I191204 09:42:06.157578 40 storage/engine/rocksdb.go:119  Options.compaction_options_universal.stop_style: kCompactionStopStyleTotalSize
I191204 09:42:06.157602 40 storage/engine/rocksdb.go:119  Options.compaction_options_fifo.max_table_files_size: 1073741824
I191204 09:42:06.157626 40 storage/engine/rocksdb.go:119  Options.compaction_options_fifo.allow_compaction: 0
I191204 09:42:06.157658 40 storage/engine/rocksdb.go:119                    Options.table_properties_collectors: TimeBoundTblPropCollectorFactory; DeleteRangeTblPropCollectorFactory; 
I191204 09:42:06.157687 40 storage/engine/rocksdb.go:119                    Options.inplace_update_support: 0
I191204 09:42:06.157711 40 storage/engine/rocksdb.go:119                  Options.inplace_update_num_locks: 10000
I191204 09:42:06.157737 40 storage/engine/rocksdb.go:119                Options.memtable_prefix_bloom_size_ratio: 0.000000
I191204 09:42:06.157761 40 storage/engine/rocksdb.go:119                Options.memtable_whole_key_filtering: 0
I191204 09:42:06.157786 40 storage/engine/rocksdb.go:119    Options.memtable_huge_page_size: 0
I191204 09:42:06.157811 40 storage/engine/rocksdb.go:119                            Options.bloom_locality: 0
I191204 09:42:06.157841 40 storage/engine/rocksdb.go:119                     Options.max_successive_merges: 0
I191204 09:42:06.157865 40 storage/engine/rocksdb.go:119                 Options.optimize_filters_for_hits: 1
I191204 09:42:06.157889 40 storage/engine/rocksdb.go:119                 Options.paranoid_file_checks: 0
I191204 09:42:06.157913 40 storage/engine/rocksdb.go:119                 Options.force_consistency_checks: 0
I191204 09:42:06.157936 40 storage/engine/rocksdb.go:119                 Options.report_bg_io_stats: 0
I191204 09:42:06.157960 40 storage/engine/rocksdb.go:119                                Options.ttl: 0
I191204 09:42:06.157984 40 storage/engine/rocksdb.go:119           Options.periodic_compaction_seconds: 0
I191204 09:42:06.159660 40 storage/engine/rocksdb.go:119  [db/version_set.cc:4286] Recovered from manifest file:/var/www/micronaut-crud/databases/cockroach-data/cockroach-temp137845085/MANIFEST-000001 succeeded,manifest_file_number is 1, next_file_number is 3, last_sequence is 0, log_number is 0,prev_log_number is 0,max_column_family is 0,min_log_number_to_keep is 0
I191204 09:42:06.159703 40 storage/engine/rocksdb.go:119  [db/version_set.cc:4295] Column family [default] (ID 0), log number is 0
I191204 09:42:06.251065 40 storage/engine/rocksdb.go:119  DB pointer 0x7f4a5cc9e000
I191204 09:42:06.539112 40 storage/engine/rocksdb.go:119  RocksDB version: 6.2.1
I191204 09:42:06.539183 40 storage/engine/rocksdb.go:119  Git sha rocksdb_build_git_sha:@b7009236531fa784872f4823eabf393501e41bf2@
I191204 09:42:06.539211 40 storage/engine/rocksdb.go:119  Compile date Nov 12 2019
I191204 09:42:06.539269 40 storage/engine/rocksdb.go:119  DB SUMMARY
I191204 09:42:06.539427 40 storage/engine/rocksdb.go:119  CURRENT file:  CURRENT
I191204 09:42:06.539454 40 storage/engine/rocksdb.go:119  IDENTITY file:  IDENTITY
I191204 09:42:06.539494 40 storage/engine/rocksdb.go:119  MANIFEST file:  MANIFEST-000015 size: 300 Bytes
I191204 09:42:06.539530 40 storage/engine/rocksdb.go:119  SST files in /var/www/micronaut-crud/databases/cockroach-data dir, Total Num: 1, files: 000021.sst 
I191204 09:42:06.539609 40 storage/engine/rocksdb.go:119  Write Ahead Log file in /var/www/micronaut-crud/databases/cockroach-data: 000016.log size: 59842737 ; 000019.log size: 56434242 ; 
I191204 09:42:06.539639 40 storage/engine/rocksdb.go:119                          Options.error_if_exists: 0
I191204 09:42:06.539666 40 storage/engine/rocksdb.go:119                        Options.create_if_missing: 1
I191204 09:42:06.539691 40 storage/engine/rocksdb.go:119                          Options.paranoid_checks: 1
I191204 09:42:06.539717 40 storage/engine/rocksdb.go:119                                      Options.env: 0x742ca80
I191204 09:42:06.539774 40 storage/engine/rocksdb.go:119                                 Options.info_log: 0x7f4a5d80d0a0
I191204 09:42:06.539817 40 storage/engine/rocksdb.go:119                 Options.max_file_opening_threads: 16
I191204 09:42:06.539843 40 storage/engine/rocksdb.go:119                               Options.statistics: 0x7f4a5d822010
I191204 09:42:06.539869 40 storage/engine/rocksdb.go:119                                Options.use_fsync: 0
I191204 09:42:06.539894 40 storage/engine/rocksdb.go:119                        Options.max_log_file_size: 0
I191204 09:42:06.539921 40 storage/engine/rocksdb.go:119                   Options.max_manifest_file_size: 134217728
I191204 09:42:06.539979 40 storage/engine/rocksdb.go:119                    Options.log_file_time_to_roll: 0
I191204 09:42:06.540020 40 storage/engine/rocksdb.go:119                        Options.keep_log_file_num: 1000
I191204 09:42:06.540046 40 storage/engine/rocksdb.go:119                     Options.recycle_log_file_num: 1
I191204 09:42:06.540097 40 storage/engine/rocksdb.go:119                          Options.allow_fallocate: 1
I191204 09:42:06.540157 40 storage/engine/rocksdb.go:119                         Options.allow_mmap_reads: 0
I191204 09:42:06.540183 40 storage/engine/rocksdb.go:119                        Options.allow_mmap_writes: 0
I191204 09:42:06.540210 40 storage/engine/rocksdb.go:119                         Options.use_direct_reads: 0
I191204 09:42:06.540236 40 storage/engine/rocksdb.go:119                         Options.use_direct_io_for_flush_and_compaction: 0
I191204 09:42:06.540308 40 storage/engine/rocksdb.go:119           Options.create_missing_column_families: 0
I191204 09:42:06.540335 40 storage/engine/rocksdb.go:119                               Options.db_log_dir: 
I191204 09:42:06.540361 40 storage/engine/rocksdb.go:119                                  Options.wal_dir: /var/www/micronaut-crud/databases/cockroach-data
I191204 09:42:06.540483 40 storage/engine/rocksdb.go:119                 Options.table_cache_numshardbits: 6
I191204 09:42:06.540512 40 storage/engine/rocksdb.go:119                       Options.max_subcompactions: 1
I191204 09:42:06.540538 40 storage/engine/rocksdb.go:119                   Options.max_background_flushes: -1
I191204 09:42:06.540608 40 storage/engine/rocksdb.go:119                          Options.WAL_ttl_seconds: 0
I191204 09:42:06.540638 40 storage/engine/rocksdb.go:119                        Options.WAL_size_limit_MB: 0
I191204 09:42:06.540664 40 storage/engine/rocksdb.go:119              Options.manifest_preallocation_size: 4194304
I191204 09:42:06.540690 40 storage/engine/rocksdb.go:119                      Options.is_fd_close_on_exec: 1
I191204 09:42:06.540716 40 storage/engine/rocksdb.go:119                    Options.advise_random_on_open: 1
I191204 09:42:06.540742 40 storage/engine/rocksdb.go:119                     Options.db_write_buffer_size: 0
I191204 09:42:06.540814 40 storage/engine/rocksdb.go:119                     Options.write_buffer_manager: 0x7f4a5d88a030
I191204 09:42:06.540840 40 storage/engine/rocksdb.go:119          Options.access_hint_on_compaction_start: 1
I191204 09:42:06.540866 40 storage/engine/rocksdb.go:119   Options.new_table_reader_for_compaction_inputs: 0
I191204 09:42:06.540892 40 storage/engine/rocksdb.go:119            Options.random_access_max_buffer_size: 1048576
I191204 09:42:06.540980 40 storage/engine/rocksdb.go:119                       Options.use_adaptive_mutex: 0
I191204 09:42:06.541016 40 storage/engine/rocksdb.go:119                             Options.rate_limiter: (nil)
I191204 09:42:06.541066 40 storage/engine/rocksdb.go:119      Options.sst_file_manager.rate_bytes_per_sec: 0
I191204 09:42:06.541146 40 storage/engine/rocksdb.go:119                        Options.wal_recovery_mode: 0
I191204 09:42:06.541172 40 storage/engine/rocksdb.go:119                   Options.enable_thread_tracking: 0
I191204 09:42:06.541198 40 storage/engine/rocksdb.go:119                   Options.enable_pipelined_write: 0
I191204 09:42:06.541225 40 storage/engine/rocksdb.go:119          Options.allow_concurrent_memtable_write: 1
I191204 09:42:06.541282 40 storage/engine/rocksdb.go:119       Options.enable_write_thread_adaptive_yield: 1
I191204 09:42:06.541311 40 storage/engine/rocksdb.go:119              Options.write_thread_max_yield_usec: 100
I191204 09:42:06.541352 40 storage/engine/rocksdb.go:119             Options.write_thread_slow_yield_usec: 3
I191204 09:42:06.541389 40 storage/engine/rocksdb.go:119                                Options.row_cache: None
I191204 09:42:06.541455 40 storage/engine/rocksdb.go:119                               Options.wal_filter: None
I191204 09:42:06.541486 40 storage/engine/rocksdb.go:119              Options.avoid_flush_during_recovery: 0
I191204 09:42:06.541516 40 storage/engine/rocksdb.go:119              Options.allow_ingest_behind: 0
I191204 09:42:06.541546 40 storage/engine/rocksdb.go:119              Options.preserve_deletes: 0
I191204 09:42:06.541627 40 storage/engine/rocksdb.go:119              Options.two_write_queues: 0
I191204 09:42:06.541659 40 storage/engine/rocksdb.go:119              Options.manual_wal_flush: 1
I191204 09:42:06.541690 40 storage/engine/rocksdb.go:119              Options.atomic_flush: 0
I191204 09:42:06.541719 40 storage/engine/rocksdb.go:119              Options.avoid_unnecessary_blocking_io: 0
I191204 09:42:06.541784 40 storage/engine/rocksdb.go:119              Options.max_background_jobs: 4
I191204 09:42:06.541816 40 storage/engine/rocksdb.go:119              Options.max_background_compactions: -1
I191204 09:42:06.541847 40 storage/engine/rocksdb.go:119              Options.avoid_flush_during_shutdown: 0
I191204 09:42:06.541894 40 storage/engine/rocksdb.go:119            Options.writable_file_max_buffer_size: 1048576
I191204 09:42:06.541961 40 storage/engine/rocksdb.go:119              Options.delayed_write_rate : 16777216
I191204 09:42:06.541993 40 storage/engine/rocksdb.go:119              Options.max_total_wal_size: 0
I191204 09:42:06.542073 40 storage/engine/rocksdb.go:119              Options.delete_obsolete_files_period_micros: 21600000000
I191204 09:42:06.542133 40 storage/engine/rocksdb.go:119                    Options.stats_dump_period_sec: 0
I191204 09:42:06.542161 40 storage/engine/rocksdb.go:119                  Options.stats_persist_period_sec: 600
I191204 09:42:06.542201 40 storage/engine/rocksdb.go:119                  Options.stats_history_buffer_size: 1048576
I191204 09:42:06.542227 40 storage/engine/rocksdb.go:119                           Options.max_open_files: 10000
I191204 09:42:06.542282 40 storage/engine/rocksdb.go:119                           Options.bytes_per_sync: 524288
I191204 09:42:06.542311 40 storage/engine/rocksdb.go:119                       Options.wal_bytes_per_sync: 0
I191204 09:42:06.542337 40 storage/engine/rocksdb.go:119                    Options.strict_bytes_per_sync: 1
I191204 09:42:06.542363 40 storage/engine/rocksdb.go:119        Options.compaction_readahead_size: 0
I191204 09:42:06.542401 40 storage/engine/rocksdb.go:119  Compression algorithms supported:
I191204 09:42:06.542460 40 storage/engine/rocksdb.go:119  	kZSTDNotFinalCompression supported: 0
I191204 09:42:06.542497 40 storage/engine/rocksdb.go:119  	kZSTD supported: 0
I191204 09:42:06.542528 40 storage/engine/rocksdb.go:119  	kXpressCompression supported: 0
I191204 09:42:06.542558 40 storage/engine/rocksdb.go:119  	kLZ4HCCompression supported: 0
I191204 09:42:06.542622 40 storage/engine/rocksdb.go:119  	kLZ4Compression supported: 0
I191204 09:42:06.542654 40 storage/engine/rocksdb.go:119  	kBZip2Compression supported: 0
I191204 09:42:06.542701 40 storage/engine/rocksdb.go:119  	kZlibCompression supported: 0
I191204 09:42:06.542731 40 storage/engine/rocksdb.go:119  	kSnappyCompression supported: 1
I191204 09:42:06.542803 40 storage/engine/rocksdb.go:119  Fast CRC32 supported: Supported on x86
I191204 09:42:06.601309 40 storage/engine/rocksdb.go:119  [db/version_set.cc:4072] Recovering from manifest file: /var/www/micronaut-crud/databases/cockroach-data/MANIFEST-000015
I191204 09:42:06.601667 40 storage/engine/rocksdb.go:119  [db/column_family.cc:488] --------------- Options for column family [default]:
I191204 09:42:06.601693 40 storage/engine/rocksdb.go:119                Options.comparator: cockroach_comparator
I191204 09:42:06.601716 40 storage/engine/rocksdb.go:119            Options.merge_operator: cockroach_merge_operator
I191204 09:42:06.601740 40 storage/engine/rocksdb.go:119         Options.compaction_filter: None
I191204 09:42:06.601762 40 storage/engine/rocksdb.go:119         Options.compaction_filter_factory: None
I191204 09:42:06.601785 40 storage/engine/rocksdb.go:119          Options.memtable_factory: SkipListFactory
I191204 09:42:06.601805 40 storage/engine/rocksdb.go:119             Options.table_factory: BlockBasedTable
I191204 09:42:06.601916 40 storage/engine/rocksdb.go:119             table_factory options:   flush_block_policy_factory: FlushBlockBySizePolicyFactory (0x7f4a5d816028)
  cache_index_and_filter_blocks: 0
  cache_index_and_filter_blocks_with_high_priority: 0
  pin_l0_filter_and_index_blocks_in_cache: 0
  pin_top_level_index_and_filter: 1
  index_type: 0
  data_block_index_type: 0
  index_shortening: 1
  data_block_hash_table_util_ratio: 0.750000
  hash_index_allow_collision: 1
  checksum: 1
  no_block_cache: 0
  block_cache: 0x7f4a57c0e010
  block_cache_name: LRUCache
  block_cache_options:
    capacity : 67108864
    num_shard_bits : 4
    strict_capacity_limit : 0
    memory_allocator : None
    high_pri_pool_ratio: 0.000
  block_cache_compressed: (nil)
  persistent_cache: (nil)
  block_size: 32768
  block_size_deviation: 10
  block_restart_interval: 16
  index_block_restart_interval: 1
  metadata_block_size: 4096
  partition_filters: 0
  use_delta_encoding: 1
  filter_policy: rocksdb.BuiltinBloomFilter
  whole_key_filtering: 0
  verify_compression: 0
  read_amp_bytes_per_bit: 0
  format_version: 2
  enable_index_compression: 1
  block_align: 0
I191204 09:42:06.601944 40 storage/engine/rocksdb.go:119         Options.write_buffer_size: 67108864
I191204 09:42:06.601972 40 storage/engine/rocksdb.go:119   Options.max_write_buffer_number: 4
I191204 09:42:06.601994 40 storage/engine/rocksdb.go:119           Options.compression: Snappy
I191204 09:42:06.602015 40 storage/engine/rocksdb.go:119                   Options.bottommost_compression: Disabled
I191204 09:42:06.602037 40 storage/engine/rocksdb.go:119        Options.prefix_extractor: cockroach_prefix_extractor
I191204 09:42:06.602058 40 storage/engine/rocksdb.go:119    Options.memtable_insert_with_hint_prefix_extractor: nullptr
I191204 09:42:06.602080 40 storage/engine/rocksdb.go:119              Options.num_levels: 7
I191204 09:42:06.602102 40 storage/engine/rocksdb.go:119         Options.min_write_buffer_number_to_merge: 1
I191204 09:42:06.602124 40 storage/engine/rocksdb.go:119      Options.max_write_buffer_number_to_maintain: 0
I191204 09:42:06.602145 40 storage/engine/rocksdb.go:119             Options.bottommost_compression_opts.window_bits: -14
I191204 09:42:06.602166 40 storage/engine/rocksdb.go:119                   Options.bottommost_compression_opts.level: 32767
I191204 09:42:06.602188 40 storage/engine/rocksdb.go:119                Options.bottommost_compression_opts.strategy: 0
I191204 09:42:06.602210 40 storage/engine/rocksdb.go:119          Options.bottommost_compression_opts.max_dict_bytes: 0
I191204 09:42:06.602232 40 storage/engine/rocksdb.go:119          Options.bottommost_compression_opts.zstd_max_train_bytes: 0
I191204 09:42:06.602253 40 storage/engine/rocksdb.go:119                   Options.bottommost_compression_opts.enabled: false
I191204 09:42:06.602275 40 storage/engine/rocksdb.go:119             Options.compression_opts.window_bits: -14
I191204 09:42:06.602296 40 storage/engine/rocksdb.go:119                   Options.compression_opts.level: 32767
I191204 09:42:06.602317 40 storage/engine/rocksdb.go:119                Options.compression_opts.strategy: 0
I191204 09:42:06.602338 40 storage/engine/rocksdb.go:119          Options.compression_opts.max_dict_bytes: 0
I191204 09:42:06.602359 40 storage/engine/rocksdb.go:119          Options.compression_opts.zstd_max_train_bytes: 0
I191204 09:42:06.602381 40 storage/engine/rocksdb.go:119                   Options.compression_opts.enabled: false
I191204 09:42:06.602402 40 storage/engine/rocksdb.go:119       Options.level0_file_num_compaction_trigger: 2
I191204 09:42:06.602424 40 storage/engine/rocksdb.go:119           Options.level0_slowdown_writes_trigger: 950
I191204 09:42:06.602445 40 storage/engine/rocksdb.go:119               Options.level0_stop_writes_trigger: 1000
I191204 09:42:06.602467 40 storage/engine/rocksdb.go:119                    Options.target_file_size_base: 4194304
I191204 09:42:06.602488 40 storage/engine/rocksdb.go:119              Options.target_file_size_multiplier: 2
I191204 09:42:06.602509 40 storage/engine/rocksdb.go:119                 Options.max_bytes_for_level_base: 67108864
I191204 09:42:06.602530 40 storage/engine/rocksdb.go:119  Options.level_compaction_dynamic_level_bytes: 1
I191204 09:42:06.602556 40 storage/engine/rocksdb.go:119           Options.max_bytes_for_level_multiplier: 10.000000
I191204 09:42:06.602578 40 storage/engine/rocksdb.go:119  Options.max_bytes_for_level_multiplier_addtl[0]: 1
I191204 09:42:06.602599 40 storage/engine/rocksdb.go:119  Options.max_bytes_for_level_multiplier_addtl[1]: 1
I191204 09:42:06.602621 40 storage/engine/rocksdb.go:119  Options.max_bytes_for_level_multiplier_addtl[2]: 1
I191204 09:42:06.602642 40 storage/engine/rocksdb.go:119  Options.max_bytes_for_level_multiplier_addtl[3]: 1
I191204 09:42:06.602664 40 storage/engine/rocksdb.go:119  Options.max_bytes_for_level_multiplier_addtl[4]: 1
I191204 09:42:06.602685 40 storage/engine/rocksdb.go:119  Options.max_bytes_for_level_multiplier_addtl[5]: 1
I191204 09:42:06.602708 40 storage/engine/rocksdb.go:119  Options.max_bytes_for_level_multiplier_addtl[6]: 1
I191204 09:42:06.602730 40 storage/engine/rocksdb.go:119        Options.max_sequential_skip_in_iterations: 8
I191204 09:42:06.602751 40 storage/engine/rocksdb.go:119                     Options.max_compaction_bytes: 104857600
I191204 09:42:06.602772 40 storage/engine/rocksdb.go:119                         Options.arena_block_size: 8388608
I191204 09:42:06.602794 40 storage/engine/rocksdb.go:119    Options.soft_pending_compaction_bytes_limit: 2199023255552
I191204 09:42:06.602815 40 storage/engine/rocksdb.go:119    Options.hard_pending_compaction_bytes_limit: 4400193994752
I191204 09:42:06.602836 40 storage/engine/rocksdb.go:119        Options.rate_limit_delay_max_milliseconds: 100
I191204 09:42:06.602859 40 storage/engine/rocksdb.go:119                 Options.disable_auto_compactions: 0
I191204 09:42:06.602883 40 storage/engine/rocksdb.go:119                         Options.compaction_style: kCompactionStyleLevel
I191204 09:42:06.602906 40 storage/engine/rocksdb.go:119                           Options.compaction_pri: kMinOverlappingRatio
I191204 09:42:06.602929 40 storage/engine/rocksdb.go:119  Options.compaction_options_universal.size_ratio: 1
I191204 09:42:06.602950 40 storage/engine/rocksdb.go:119  Options.compaction_options_universal.min_merge_width: 2
I191204 09:42:06.602971 40 storage/engine/rocksdb.go:119  Options.compaction_options_universal.max_merge_width: 4294967295
I191204 09:42:06.602993 40 storage/engine/rocksdb.go:119  Options.compaction_options_universal.max_size_amplification_percent: 200
I191204 09:42:06.603014 40 storage/engine/rocksdb.go:119  Options.compaction_options_universal.compression_size_percent: -1
I191204 09:42:06.603037 40 storage/engine/rocksdb.go:119  Options.compaction_options_universal.stop_style: kCompactionStopStyleTotalSize
I191204 09:42:06.603058 40 storage/engine/rocksdb.go:119  Options.compaction_options_fifo.max_table_files_size: 1073741824
I191204 09:42:06.603080 40 storage/engine/rocksdb.go:119  Options.compaction_options_fifo.allow_compaction: 0
I191204 09:42:06.603108 40 storage/engine/rocksdb.go:119                    Options.table_properties_collectors: TimeBoundTblPropCollectorFactory; DeleteRangeTblPropCollectorFactory; 
I191204 09:42:06.603132 40 storage/engine/rocksdb.go:119                    Options.inplace_update_support: 0
I191204 09:42:06.603153 40 storage/engine/rocksdb.go:119                  Options.inplace_update_num_locks: 10000
I191204 09:42:06.603176 40 storage/engine/rocksdb.go:119                Options.memtable_prefix_bloom_size_ratio: 0.000000
I191204 09:42:06.603198 40 storage/engine/rocksdb.go:119                Options.memtable_whole_key_filtering: 0
I191204 09:42:06.603219 40 storage/engine/rocksdb.go:119    Options.memtable_huge_page_size: 0
I191204 09:42:06.603240 40 storage/engine/rocksdb.go:119                            Options.bloom_locality: 0
I191204 09:42:06.603263 40 storage/engine/rocksdb.go:119                     Options.max_successive_merges: 0
I191204 09:42:06.603284 40 storage/engine/rocksdb.go:119                 Options.optimize_filters_for_hits: 1
I191204 09:42:06.603306 40 storage/engine/rocksdb.go:119                 Options.paranoid_file_checks: 0
I191204 09:42:06.603327 40 storage/engine/rocksdb.go:119                 Options.force_consistency_checks: 0
I191204 09:42:06.603348 40 storage/engine/rocksdb.go:119                 Options.report_bg_io_stats: 0
I191204 09:42:06.603370 40 storage/engine/rocksdb.go:119                                Options.ttl: 0
I191204 09:42:06.603391 40 storage/engine/rocksdb.go:119           Options.periodic_compaction_seconds: 0
I191204 09:42:06.630942 40 storage/engine/rocksdb.go:119  [db/version_set.cc:3086] More existing levels in DB than needed. max_bytes_for_level_multiplier may not be guaranteed.
I191204 09:42:06.631010 40 storage/engine/rocksdb.go:119  [db/version_set.cc:4286] Recovered from manifest file:/var/www/micronaut-crud/databases/cockroach-data/MANIFEST-000015 succeeded,manifest_file_number is 15, next_file_number is 23, last_sequence is 731100, log_number is 19,prev_log_number is 0,max_column_family is 0,min_log_number_to_keep is 0
I191204 09:42:06.631039 40 storage/engine/rocksdb.go:119  [db/version_set.cc:4295] Column family [default] (ID 0), log number is 19
I191204 09:42:06.631380 40 storage/engine/rocksdb.go:119  EVENT_LOG_v1 {"time_micros": 1575452526631329, "job": 1, "event": "recovery_started", "log_files": [16, 19]}
I191204 09:42:06.631425 40 storage/engine/rocksdb.go:119  [db/db_impl_open.cc:586] Skipping log #16 since it is older than min log to keep #19
I191204 09:42:06.631456 40 storage/engine/rocksdb.go:119  [db/db_impl_open.cc:598] Recovering log #19 mode 0
I191204 09:42:10.195817 40 storage/engine/rocksdb.go:119  EVENT_LOG_v1 {"time_micros": 1575452530195605, "cf_name": "default", "job": 1, "event": "table_file_creation", "file_number": 23, "file_size": 358879, "table_properties": {"data_size": 347534, "index_size": 4283, "index_partitions": 0, "top_level_index_size": 0, "index_key_is_user_key": 0, "index_value_is_delta_encoded": 0, "filter_size": 8133, "raw_key_size": 237757, "raw_average_key_size": 31, "raw_value_size": 1956951, "raw_average_value_size": 258, "num_data_blocks": 65, "num_entries": 7574, "num_deletions": 5227, "num_merge_operands": 1328, "num_range_deletions": 1328, "format_version": 0, "fixed_key_len": 0, "filter_policy": "rocksdb.BuiltinBloomFilter", "column_family_name": "default", "column_family_id": 0, "comparator": "cockroach_comparator", "merge_operator": "cockroach_merge_operator", "prefix_extractor_name": "cockroach_prefix_extractor", "property_collectors": "[TimeBoundTblPropCollectorFactory,DeleteRangeTblPropCollectorFactory]", "compression": "Snappy", "compression_options": "window_bits=-14; level=32767; strategy=0; max_dict_bytes=0; zstd_max_train_bytes=0; enabled=0; ", "creation_time": 1575452527, "oldest_key_time": 3, "file_creation_time": 0}}
I191204 09:42:10.203881 40 storage/engine/rocksdb.go:119  [db/version_set.cc:3560] Creating manifest 24
I191204 09:42:10.204493 40 storage/engine/rocksdb.go:119  [db/version_set.cc:3086] More existing levels in DB than needed. max_bytes_for_level_multiplier may not be guaranteed.
I191204 09:42:10.306989 40 storage/engine/rocksdb.go:119  EVENT_LOG_v1 {"time_micros": 1575452530306791, "job": 1, "event": "recovery_finished"}
I191204 09:42:10.398291 40 storage/engine/rocksdb.go:119  DB pointer 0x7f4a5d898000
I191204 09:42:18.383369 444 storage/engine/rocksdb.go:119  bloom filter utility:    -nan%
I191204 09:42:18.427623 444 storage/engine/rocksdb.go:119  [db/db_impl.cc:392] Shutdown: canceling all background work
I191204 09:42:18.472797 444 storage/engine/rocksdb.go:119  [db/db_impl.cc:565] Shutdown complete
I191204 09:42:18.561625 444 storage/engine/rocksdb.go:119  bloom filter utility:    76.9%
I191204 09:42:18.606051 444 storage/engine/rocksdb.go:119  [db/db_impl.cc:392] Shutdown: canceling all background work
I191204 09:42:18.651416 444 storage/engine/rocksdb.go:119  [db/db_impl.cc:565] Shutdown complete
