I191204 09:44:07.262543 55 util/log/clog.go:1196  [config] file created at: 2019/12/04 09:44:07
I191204 09:44:07.262543 55 util/log/clog.go:1196  [config] running on machine: proesd
I191204 09:44:07.262543 55 util/log/clog.go:1196  [config] binary: CockroachDB CCL v19.2.0 (x86_64-unknown-linux-gnu, built 2019/11/12 05:13:04, go1.12.12)
I191204 09:44:07.262543 55 util/log/clog.go:1196  [config] arguments: [cockroach start-single-node --insecure --listen-addr=localhost:26257 --http-addr=localhost:9191]
I191204 09:44:07.262543 55 util/log/clog.go:1196  line format: [IWEF]yymmdd hh:mm:ss.uuuuuu goid file:line msg utf8=✓
I191204 09:44:07.262537 55 storage/engine/rocksdb.go:119  RocksDB version: 6.2.1
I191204 09:44:07.263195 55 storage/engine/rocksdb.go:119  Git sha rocksdb_build_git_sha:@b7009236531fa784872f4823eabf393501e41bf2@
I191204 09:44:07.263867 55 storage/engine/rocksdb.go:119  Compile date Nov 12 2019
I191204 09:44:07.263891 55 storage/engine/rocksdb.go:119  DB SUMMARY
I191204 09:44:07.264001 55 storage/engine/rocksdb.go:119  SST files in /var/www/micronaut-crud/databases/cockroach-data/cockroach-temp159160474 dir, Total Num: 0, files: 
I191204 09:44:07.264025 55 storage/engine/rocksdb.go:119  Write Ahead Log file in /var/www/micronaut-crud/databases/cockroach-data/cockroach-temp159160474: 
I191204 09:44:07.264049 55 storage/engine/rocksdb.go:119                          Options.error_if_exists: 0
I191204 09:44:07.264072 55 storage/engine/rocksdb.go:119                        Options.create_if_missing: 1
I191204 09:44:07.264093 55 storage/engine/rocksdb.go:119                          Options.paranoid_checks: 1
I191204 09:44:07.264115 55 storage/engine/rocksdb.go:119                                      Options.env: 0x742ca80
I191204 09:44:07.264138 55 storage/engine/rocksdb.go:119                                 Options.info_log: 0x7efeaf68b020
I191204 09:44:07.264160 55 storage/engine/rocksdb.go:119                 Options.max_file_opening_threads: 16
I191204 09:44:07.264181 55 storage/engine/rocksdb.go:119                               Options.statistics: 0x7efeaf61d8d0
I191204 09:44:07.264203 55 storage/engine/rocksdb.go:119                                Options.use_fsync: 0
I191204 09:44:07.264225 55 storage/engine/rocksdb.go:119                        Options.max_log_file_size: 0
I191204 09:44:07.264247 55 storage/engine/rocksdb.go:119                   Options.max_manifest_file_size: 134217728
I191204 09:44:07.264269 55 storage/engine/rocksdb.go:119                    Options.log_file_time_to_roll: 0
I191204 09:44:07.264291 55 storage/engine/rocksdb.go:119                        Options.keep_log_file_num: 1000
I191204 09:44:07.264314 55 storage/engine/rocksdb.go:119                     Options.recycle_log_file_num: 1
I191204 09:44:07.264335 55 storage/engine/rocksdb.go:119                          Options.allow_fallocate: 1
I191204 09:44:07.264358 55 storage/engine/rocksdb.go:119                         Options.allow_mmap_reads: 0
I191204 09:44:07.264381 55 storage/engine/rocksdb.go:119                        Options.allow_mmap_writes: 0
I191204 09:44:07.264505 55 storage/engine/rocksdb.go:119                         Options.use_direct_reads: 0
I191204 09:44:07.264530 55 storage/engine/rocksdb.go:119                         Options.use_direct_io_for_flush_and_compaction: 0
I191204 09:44:07.264552 55 storage/engine/rocksdb.go:119           Options.create_missing_column_families: 0
I191204 09:44:07.264574 55 storage/engine/rocksdb.go:119                               Options.db_log_dir: 
I191204 09:44:07.264602 55 storage/engine/rocksdb.go:119                                  Options.wal_dir: /var/www/micronaut-crud/databases/cockroach-data/cockroach-temp159160474
I191204 09:44:07.264623 55 storage/engine/rocksdb.go:119                 Options.table_cache_numshardbits: 6
I191204 09:44:07.264645 55 storage/engine/rocksdb.go:119                       Options.max_subcompactions: 1
I191204 09:44:07.264666 55 storage/engine/rocksdb.go:119                   Options.max_background_flushes: -1
I191204 09:44:07.264688 55 storage/engine/rocksdb.go:119                          Options.WAL_ttl_seconds: 0
I191204 09:44:07.264711 55 storage/engine/rocksdb.go:119                        Options.WAL_size_limit_MB: 0
I191204 09:44:07.264732 55 storage/engine/rocksdb.go:119              Options.manifest_preallocation_size: 4194304
I191204 09:44:07.264754 55 storage/engine/rocksdb.go:119                      Options.is_fd_close_on_exec: 1
I191204 09:44:07.264775 55 storage/engine/rocksdb.go:119                    Options.advise_random_on_open: 1
I191204 09:44:07.264797 55 storage/engine/rocksdb.go:119                     Options.db_write_buffer_size: 0
I191204 09:44:07.264819 55 storage/engine/rocksdb.go:119                     Options.write_buffer_manager: 0x7efeaf660ce0
I191204 09:44:07.264841 55 storage/engine/rocksdb.go:119          Options.access_hint_on_compaction_start: 1
I191204 09:44:07.264863 55 storage/engine/rocksdb.go:119   Options.new_table_reader_for_compaction_inputs: 0
I191204 09:44:07.264886 55 storage/engine/rocksdb.go:119            Options.random_access_max_buffer_size: 1048576
I191204 09:44:07.264909 55 storage/engine/rocksdb.go:119                       Options.use_adaptive_mutex: 0
I191204 09:44:07.264932 55 storage/engine/rocksdb.go:119                             Options.rate_limiter: (nil)
I191204 09:44:07.264956 55 storage/engine/rocksdb.go:119      Options.sst_file_manager.rate_bytes_per_sec: 0
I191204 09:44:07.264978 55 storage/engine/rocksdb.go:119                        Options.wal_recovery_mode: 0
I191204 09:44:07.265000 55 storage/engine/rocksdb.go:119                   Options.enable_thread_tracking: 0
I191204 09:44:07.265022 55 storage/engine/rocksdb.go:119                   Options.enable_pipelined_write: 0
I191204 09:44:07.265043 55 storage/engine/rocksdb.go:119          Options.allow_concurrent_memtable_write: 1
I191204 09:44:07.265067 55 storage/engine/rocksdb.go:119       Options.enable_write_thread_adaptive_yield: 1
I191204 09:44:07.265090 55 storage/engine/rocksdb.go:119              Options.write_thread_max_yield_usec: 100
I191204 09:44:07.265112 55 storage/engine/rocksdb.go:119             Options.write_thread_slow_yield_usec: 3
I191204 09:44:07.265133 55 storage/engine/rocksdb.go:119                                Options.row_cache: None
I191204 09:44:07.265155 55 storage/engine/rocksdb.go:119                               Options.wal_filter: None
I191204 09:44:07.265177 55 storage/engine/rocksdb.go:119              Options.avoid_flush_during_recovery: 0
I191204 09:44:07.265200 55 storage/engine/rocksdb.go:119              Options.allow_ingest_behind: 0
I191204 09:44:07.265222 55 storage/engine/rocksdb.go:119              Options.preserve_deletes: 0
I191204 09:44:07.265243 55 storage/engine/rocksdb.go:119              Options.two_write_queues: 0
I191204 09:44:07.265265 55 storage/engine/rocksdb.go:119              Options.manual_wal_flush: 1
I191204 09:44:07.265287 55 storage/engine/rocksdb.go:119              Options.atomic_flush: 0
I191204 09:44:07.265308 55 storage/engine/rocksdb.go:119              Options.avoid_unnecessary_blocking_io: 0
I191204 09:44:07.265330 55 storage/engine/rocksdb.go:119              Options.max_background_jobs: 4
I191204 09:44:07.265351 55 storage/engine/rocksdb.go:119              Options.max_background_compactions: -1
I191204 09:44:07.265373 55 storage/engine/rocksdb.go:119              Options.avoid_flush_during_shutdown: 0
I191204 09:44:07.265394 55 storage/engine/rocksdb.go:119            Options.writable_file_max_buffer_size: 1048576
I191204 09:44:07.265415 55 storage/engine/rocksdb.go:119              Options.delayed_write_rate : 16777216
I191204 09:44:07.265437 55 storage/engine/rocksdb.go:119              Options.max_total_wal_size: 0
I191204 09:44:07.265460 55 storage/engine/rocksdb.go:119              Options.delete_obsolete_files_period_micros: 21600000000
I191204 09:44:07.265482 55 storage/engine/rocksdb.go:119                    Options.stats_dump_period_sec: 0
I191204 09:44:07.265503 55 storage/engine/rocksdb.go:119                  Options.stats_persist_period_sec: 600
I191204 09:44:07.265524 55 storage/engine/rocksdb.go:119                  Options.stats_history_buffer_size: 1048576
I191204 09:44:07.265561 55 storage/engine/rocksdb.go:119                           Options.max_open_files: 128
I191204 09:44:07.265584 55 storage/engine/rocksdb.go:119                           Options.bytes_per_sync: 524288
I191204 09:44:07.265606 55 storage/engine/rocksdb.go:119                       Options.wal_bytes_per_sync: 0
I191204 09:44:07.265627 55 storage/engine/rocksdb.go:119                    Options.strict_bytes_per_sync: 1
I191204 09:44:07.265649 55 storage/engine/rocksdb.go:119        Options.compaction_readahead_size: 0
I191204 09:44:07.265670 55 storage/engine/rocksdb.go:119  Compression algorithms supported:
I191204 09:44:07.265692 55 storage/engine/rocksdb.go:119  	kZSTDNotFinalCompression supported: 0
I191204 09:44:07.265714 55 storage/engine/rocksdb.go:119  	kZSTD supported: 0
I191204 09:44:07.265735 55 storage/engine/rocksdb.go:119  	kXpressCompression supported: 0
I191204 09:44:07.265756 55 storage/engine/rocksdb.go:119  	kLZ4HCCompression supported: 0
I191204 09:44:07.265778 55 storage/engine/rocksdb.go:119  	kLZ4Compression supported: 0
I191204 09:44:07.265799 55 storage/engine/rocksdb.go:119  	kBZip2Compression supported: 0
I191204 09:44:07.265820 55 storage/engine/rocksdb.go:119  	kZlibCompression supported: 0
I191204 09:44:07.265843 55 storage/engine/rocksdb.go:119  	kSnappyCompression supported: 1
I191204 09:44:07.265876 55 storage/engine/rocksdb.go:119  Fast CRC32 supported: Supported on x86
I191204 09:44:07.266107 55 storage/engine/rocksdb.go:119  [db/db_impl_open.cc:242] Creating manifest 1 
I191204 09:44:07.440899 55 storage/engine/rocksdb.go:119  [db/version_set.cc:4072] Recovering from manifest file: /var/www/micronaut-crud/databases/cockroach-data/cockroach-temp159160474/MANIFEST-000001
I191204 09:44:07.441279 55 storage/engine/rocksdb.go:119  [db/column_family.cc:488] --------------- Options for column family [default]:
I191204 09:44:07.441310 55 storage/engine/rocksdb.go:119                Options.comparator: cockroach_comparator
I191204 09:44:07.441336 55 storage/engine/rocksdb.go:119            Options.merge_operator: cockroach_merge_operator
I191204 09:44:07.441362 55 storage/engine/rocksdb.go:119         Options.compaction_filter: None
I191204 09:44:07.441386 55 storage/engine/rocksdb.go:119         Options.compaction_filter_factory: None
I191204 09:44:07.441412 55 storage/engine/rocksdb.go:119          Options.memtable_factory: SkipListFactory
I191204 09:44:07.441437 55 storage/engine/rocksdb.go:119             Options.table_factory: BlockBasedTable
I191204 09:44:07.441555 55 storage/engine/rocksdb.go:119             table_factory options:   flush_block_policy_factory: FlushBlockBySizePolicyFactory (0x7efeaf624040)
  cache_index_and_filter_blocks: 0
  cache_index_and_filter_blocks_with_high_priority: 0
  pin_l0_filter_and_index_blocks_in_cache: 0
  pin_top_level_index_and_filter: 1
  index_type: 0
  data_block_index_type: 0
  index_shortening: 1
  data_block_hash_table_util_ratio: 0.750000
  hash_index_allow_collision: 1
  checksum: 1
  no_block_cache: 0
  block_cache: 0x7efeaf64b210
  block_cache_name: LRUCache
  block_cache_options:
    capacity : 1048576
    num_shard_bits : 4
    strict_capacity_limit : 0
    memory_allocator : None
    high_pri_pool_ratio: 0.000
  block_cache_compressed: (nil)
  persistent_cache: (nil)
  block_size: 32768
  block_size_deviation: 10
  block_restart_interval: 16
  index_block_restart_interval: 1
  metadata_block_size: 4096
  partition_filters: 0
  use_delta_encoding: 1
  filter_policy: rocksdb.BuiltinBloomFilter
  whole_key_filtering: 0
  verify_compression: 0
  read_amp_bytes_per_bit: 0
  format_version: 2
  enable_index_compression: 1
  block_align: 0
I191204 09:44:07.441588 55 storage/engine/rocksdb.go:119         Options.write_buffer_size: 67108864
I191204 09:44:07.441617 55 storage/engine/rocksdb.go:119   Options.max_write_buffer_number: 4
I191204 09:44:07.441642 55 storage/engine/rocksdb.go:119           Options.compression: Snappy
I191204 09:44:07.441667 55 storage/engine/rocksdb.go:119                   Options.bottommost_compression: Disabled
I191204 09:44:07.441692 55 storage/engine/rocksdb.go:119        Options.prefix_extractor: cockroach_prefix_extractor
I191204 09:44:07.441716 55 storage/engine/rocksdb.go:119    Options.memtable_insert_with_hint_prefix_extractor: nullptr
I191204 09:44:07.441740 55 storage/engine/rocksdb.go:119              Options.num_levels: 7
I191204 09:44:07.441764 55 storage/engine/rocksdb.go:119         Options.min_write_buffer_number_to_merge: 1
I191204 09:44:07.441789 55 storage/engine/rocksdb.go:119      Options.max_write_buffer_number_to_maintain: 0
I191204 09:44:07.441814 55 storage/engine/rocksdb.go:119             Options.bottommost_compression_opts.window_bits: -14
I191204 09:44:07.441838 55 storage/engine/rocksdb.go:119                   Options.bottommost_compression_opts.level: 32767
I191204 09:44:07.441863 55 storage/engine/rocksdb.go:119                Options.bottommost_compression_opts.strategy: 0
I191204 09:44:07.441887 55 storage/engine/rocksdb.go:119          Options.bottommost_compression_opts.max_dict_bytes: 0
I191204 09:44:07.441912 55 storage/engine/rocksdb.go:119          Options.bottommost_compression_opts.zstd_max_train_bytes: 0
I191204 09:44:07.441937 55 storage/engine/rocksdb.go:119                   Options.bottommost_compression_opts.enabled: false
I191204 09:44:07.441960 55 storage/engine/rocksdb.go:119             Options.compression_opts.window_bits: -14
I191204 09:44:07.441984 55 storage/engine/rocksdb.go:119                   Options.compression_opts.level: 32767
I191204 09:44:07.442009 55 storage/engine/rocksdb.go:119                Options.compression_opts.strategy: 0
I191204 09:44:07.442033 55 storage/engine/rocksdb.go:119          Options.compression_opts.max_dict_bytes: 0
I191204 09:44:07.442058 55 storage/engine/rocksdb.go:119          Options.compression_opts.zstd_max_train_bytes: 0
I191204 09:44:07.442083 55 storage/engine/rocksdb.go:119                   Options.compression_opts.enabled: false
I191204 09:44:07.442124 55 storage/engine/rocksdb.go:119       Options.level0_file_num_compaction_trigger: 2
I191204 09:44:07.442149 55 storage/engine/rocksdb.go:119           Options.level0_slowdown_writes_trigger: 950
I191204 09:44:07.442173 55 storage/engine/rocksdb.go:119               Options.level0_stop_writes_trigger: 1000
I191204 09:44:07.442198 55 storage/engine/rocksdb.go:119                    Options.target_file_size_base: 4194304
I191204 09:44:07.442223 55 storage/engine/rocksdb.go:119              Options.target_file_size_multiplier: 2
I191204 09:44:07.442247 55 storage/engine/rocksdb.go:119                 Options.max_bytes_for_level_base: 67108864
I191204 09:44:07.442273 55 storage/engine/rocksdb.go:119  Options.level_compaction_dynamic_level_bytes: 1
I191204 09:44:07.442304 55 storage/engine/rocksdb.go:119           Options.max_bytes_for_level_multiplier: 10.000000
I191204 09:44:07.442330 55 storage/engine/rocksdb.go:119  Options.max_bytes_for_level_multiplier_addtl[0]: 1
I191204 09:44:07.442357 55 storage/engine/rocksdb.go:119  Options.max_bytes_for_level_multiplier_addtl[1]: 1
I191204 09:44:07.442382 55 storage/engine/rocksdb.go:119  Options.max_bytes_for_level_multiplier_addtl[2]: 1
I191204 09:44:07.442407 55 storage/engine/rocksdb.go:119  Options.max_bytes_for_level_multiplier_addtl[3]: 1
I191204 09:44:07.442432 55 storage/engine/rocksdb.go:119  Options.max_bytes_for_level_multiplier_addtl[4]: 1
I191204 09:44:07.442457 55 storage/engine/rocksdb.go:119  Options.max_bytes_for_level_multiplier_addtl[5]: 1
I191204 09:44:07.442481 55 storage/engine/rocksdb.go:119  Options.max_bytes_for_level_multiplier_addtl[6]: 1
I191204 09:44:07.442506 55 storage/engine/rocksdb.go:119        Options.max_sequential_skip_in_iterations: 8
I191204 09:44:07.442531 55 storage/engine/rocksdb.go:119                     Options.max_compaction_bytes: 104857600
I191204 09:44:07.442556 55 storage/engine/rocksdb.go:119                         Options.arena_block_size: 8388608
I191204 09:44:07.442582 55 storage/engine/rocksdb.go:119    Options.soft_pending_compaction_bytes_limit: 2199023255552
I191204 09:44:07.442607 55 storage/engine/rocksdb.go:119    Options.hard_pending_compaction_bytes_limit: 4400193994752
I191204 09:44:07.442631 55 storage/engine/rocksdb.go:119        Options.rate_limit_delay_max_milliseconds: 100
I191204 09:44:07.442656 55 storage/engine/rocksdb.go:119                 Options.disable_auto_compactions: 0
I191204 09:44:07.442689 55 storage/engine/rocksdb.go:119                         Options.compaction_style: kCompactionStyleLevel
I191204 09:44:07.442717 55 storage/engine/rocksdb.go:119                           Options.compaction_pri: kMinOverlappingRatio
I191204 09:44:07.442742 55 storage/engine/rocksdb.go:119  Options.compaction_options_universal.size_ratio: 1
I191204 09:44:07.442767 55 storage/engine/rocksdb.go:119  Options.compaction_options_universal.min_merge_width: 2
I191204 09:44:07.442791 55 storage/engine/rocksdb.go:119  Options.compaction_options_universal.max_merge_width: 4294967295
I191204 09:44:07.442816 55 storage/engine/rocksdb.go:119  Options.compaction_options_universal.max_size_amplification_percent: 200
I191204 09:44:07.442841 55 storage/engine/rocksdb.go:119  Options.compaction_options_universal.compression_size_percent: -1
I191204 09:44:07.442867 55 storage/engine/rocksdb.go:119  Options.compaction_options_universal.stop_style: kCompactionStopStyleTotalSize
I191204 09:44:07.442892 55 storage/engine/rocksdb.go:119  Options.compaction_options_fifo.max_table_files_size: 1073741824
I191204 09:44:07.442917 55 storage/engine/rocksdb.go:119  Options.compaction_options_fifo.allow_compaction: 0
I191204 09:44:07.442950 55 storage/engine/rocksdb.go:119                    Options.table_properties_collectors: TimeBoundTblPropCollectorFactory; DeleteRangeTblPropCollectorFactory; 
I191204 09:44:07.442990 55 storage/engine/rocksdb.go:119                    Options.inplace_update_support: 0
I191204 09:44:07.443016 55 storage/engine/rocksdb.go:119                  Options.inplace_update_num_locks: 10000
I191204 09:44:07.443044 55 storage/engine/rocksdb.go:119                Options.memtable_prefix_bloom_size_ratio: 0.000000
I191204 09:44:07.443069 55 storage/engine/rocksdb.go:119                Options.memtable_whole_key_filtering: 0
I191204 09:44:07.443096 55 storage/engine/rocksdb.go:119    Options.memtable_huge_page_size: 0
I191204 09:44:07.443121 55 storage/engine/rocksdb.go:119                            Options.bloom_locality: 0
I191204 09:44:07.443147 55 storage/engine/rocksdb.go:119                     Options.max_successive_merges: 0
I191204 09:44:07.443171 55 storage/engine/rocksdb.go:119                 Options.optimize_filters_for_hits: 1
I191204 09:44:07.443196 55 storage/engine/rocksdb.go:119                 Options.paranoid_file_checks: 0
I191204 09:44:07.443221 55 storage/engine/rocksdb.go:119                 Options.force_consistency_checks: 0
I191204 09:44:07.443246 55 storage/engine/rocksdb.go:119                 Options.report_bg_io_stats: 0
I191204 09:44:07.443271 55 storage/engine/rocksdb.go:119                                Options.ttl: 0
I191204 09:44:07.443296 55 storage/engine/rocksdb.go:119           Options.periodic_compaction_seconds: 0
I191204 09:44:07.446910 55 storage/engine/rocksdb.go:119  [db/version_set.cc:4286] Recovered from manifest file:/var/www/micronaut-crud/databases/cockroach-data/cockroach-temp159160474/MANIFEST-000001 succeeded,manifest_file_number is 1, next_file_number is 3, last_sequence is 0, log_number is 0,prev_log_number is 0,max_column_family is 0,min_log_number_to_keep is 0
I191204 09:44:07.446948 55 storage/engine/rocksdb.go:119  [db/version_set.cc:4295] Column family [default] (ID 0), log number is 0
I191204 09:44:07.510779 55 storage/engine/rocksdb.go:119  DB pointer 0x7efeaf76b000
I191204 09:44:07.540697 55 storage/engine/rocksdb.go:119  RocksDB version: 6.2.1
I191204 09:44:07.540741 55 storage/engine/rocksdb.go:119  Git sha rocksdb_build_git_sha:@b7009236531fa784872f4823eabf393501e41bf2@
I191204 09:44:07.540764 55 storage/engine/rocksdb.go:119  Compile date Nov 12 2019
I191204 09:44:07.540787 55 storage/engine/rocksdb.go:119  DB SUMMARY
I191204 09:44:07.540987 55 storage/engine/rocksdb.go:119  CURRENT file:  CURRENT
I191204 09:44:07.541010 55 storage/engine/rocksdb.go:119  IDENTITY file:  IDENTITY
I191204 09:44:07.541045 55 storage/engine/rocksdb.go:119  MANIFEST file:  MANIFEST-000027 size: 313 Bytes
I191204 09:44:07.541074 55 storage/engine/rocksdb.go:119  SST files in /var/www/micronaut-crud/databases/cockroach-data dir, Total Num: 1, files: 000031.sst 
I191204 09:44:07.541096 55 storage/engine/rocksdb.go:119  Write Ahead Log file in /var/www/micronaut-crud/databases/cockroach-data: 000028.log size: 1648815 ; 
I191204 09:44:07.541121 55 storage/engine/rocksdb.go:119                          Options.error_if_exists: 0
I191204 09:44:07.541142 55 storage/engine/rocksdb.go:119                        Options.create_if_missing: 1
I191204 09:44:07.541163 55 storage/engine/rocksdb.go:119                          Options.paranoid_checks: 1
I191204 09:44:07.541185 55 storage/engine/rocksdb.go:119                                      Options.env: 0x742ca80
I191204 09:44:07.541206 55 storage/engine/rocksdb.go:119                                 Options.info_log: 0x7efeaf68b0e0
I191204 09:44:07.541227 55 storage/engine/rocksdb.go:119                 Options.max_file_opening_threads: 16
I191204 09:44:07.541248 55 storage/engine/rocksdb.go:119                               Options.statistics: 0x7efeaf61d940
I191204 09:44:07.541269 55 storage/engine/rocksdb.go:119                                Options.use_fsync: 0
I191204 09:44:07.541291 55 storage/engine/rocksdb.go:119                        Options.max_log_file_size: 0
I191204 09:44:07.541312 55 storage/engine/rocksdb.go:119                   Options.max_manifest_file_size: 134217728
I191204 09:44:07.541334 55 storage/engine/rocksdb.go:119                    Options.log_file_time_to_roll: 0
I191204 09:44:07.541355 55 storage/engine/rocksdb.go:119                        Options.keep_log_file_num: 1000
I191204 09:44:07.541376 55 storage/engine/rocksdb.go:119                     Options.recycle_log_file_num: 1
I191204 09:44:07.541398 55 storage/engine/rocksdb.go:119                          Options.allow_fallocate: 1
I191204 09:44:07.541420 55 storage/engine/rocksdb.go:119                         Options.allow_mmap_reads: 0
I191204 09:44:07.541442 55 storage/engine/rocksdb.go:119                        Options.allow_mmap_writes: 0
I191204 09:44:07.541463 55 storage/engine/rocksdb.go:119                         Options.use_direct_reads: 0
I191204 09:44:07.541486 55 storage/engine/rocksdb.go:119                         Options.use_direct_io_for_flush_and_compaction: 0
I191204 09:44:07.541507 55 storage/engine/rocksdb.go:119           Options.create_missing_column_families: 0
I191204 09:44:07.541528 55 storage/engine/rocksdb.go:119                               Options.db_log_dir: 
I191204 09:44:07.541549 55 storage/engine/rocksdb.go:119                                  Options.wal_dir: /var/www/micronaut-crud/databases/cockroach-data
I191204 09:44:07.541570 55 storage/engine/rocksdb.go:119                 Options.table_cache_numshardbits: 6
I191204 09:44:07.541592 55 storage/engine/rocksdb.go:119                       Options.max_subcompactions: 1
I191204 09:44:07.541612 55 storage/engine/rocksdb.go:119                   Options.max_background_flushes: -1
I191204 09:44:07.541633 55 storage/engine/rocksdb.go:119                          Options.WAL_ttl_seconds: 0
I191204 09:44:07.541656 55 storage/engine/rocksdb.go:119                        Options.WAL_size_limit_MB: 0
I191204 09:44:07.541678 55 storage/engine/rocksdb.go:119              Options.manifest_preallocation_size: 4194304
I191204 09:44:07.541698 55 storage/engine/rocksdb.go:119                      Options.is_fd_close_on_exec: 1
I191204 09:44:07.541719 55 storage/engine/rocksdb.go:119                    Options.advise_random_on_open: 1
I191204 09:44:07.541741 55 storage/engine/rocksdb.go:119                     Options.db_write_buffer_size: 0
I191204 09:44:07.541762 55 storage/engine/rocksdb.go:119                     Options.write_buffer_manager: 0x7efeaf6611f0
I191204 09:44:07.541782 55 storage/engine/rocksdb.go:119          Options.access_hint_on_compaction_start: 1
I191204 09:44:07.541803 55 storage/engine/rocksdb.go:119   Options.new_table_reader_for_compaction_inputs: 0
I191204 09:44:07.541824 55 storage/engine/rocksdb.go:119            Options.random_access_max_buffer_size: 1048576
I191204 09:44:07.541845 55 storage/engine/rocksdb.go:119                       Options.use_adaptive_mutex: 0
I191204 09:44:07.541866 55 storage/engine/rocksdb.go:119                             Options.rate_limiter: (nil)
I191204 09:44:07.541888 55 storage/engine/rocksdb.go:119      Options.sst_file_manager.rate_bytes_per_sec: 0
I191204 09:44:07.541910 55 storage/engine/rocksdb.go:119                        Options.wal_recovery_mode: 0
I191204 09:44:07.541931 55 storage/engine/rocksdb.go:119                   Options.enable_thread_tracking: 0
I191204 09:44:07.541952 55 storage/engine/rocksdb.go:119                   Options.enable_pipelined_write: 0
I191204 09:44:07.541973 55 storage/engine/rocksdb.go:119          Options.allow_concurrent_memtable_write: 1
I191204 09:44:07.541995 55 storage/engine/rocksdb.go:119       Options.enable_write_thread_adaptive_yield: 1
I191204 09:44:07.542017 55 storage/engine/rocksdb.go:119              Options.write_thread_max_yield_usec: 100
I191204 09:44:07.542038 55 storage/engine/rocksdb.go:119             Options.write_thread_slow_yield_usec: 3
I191204 09:44:07.542058 55 storage/engine/rocksdb.go:119                                Options.row_cache: None
I191204 09:44:07.542079 55 storage/engine/rocksdb.go:119                               Options.wal_filter: None
I191204 09:44:07.542100 55 storage/engine/rocksdb.go:119              Options.avoid_flush_during_recovery: 0
I191204 09:44:07.542121 55 storage/engine/rocksdb.go:119              Options.allow_ingest_behind: 0
I191204 09:44:07.542143 55 storage/engine/rocksdb.go:119              Options.preserve_deletes: 0
I191204 09:44:07.542164 55 storage/engine/rocksdb.go:119              Options.two_write_queues: 0
I191204 09:44:07.542185 55 storage/engine/rocksdb.go:119              Options.manual_wal_flush: 1
I191204 09:44:07.542206 55 storage/engine/rocksdb.go:119              Options.atomic_flush: 0
I191204 09:44:07.542227 55 storage/engine/rocksdb.go:119              Options.avoid_unnecessary_blocking_io: 0
I191204 09:44:07.542251 55 storage/engine/rocksdb.go:119              Options.max_background_jobs: 4
I191204 09:44:07.542272 55 storage/engine/rocksdb.go:119              Options.max_background_compactions: -1
I191204 09:44:07.542294 55 storage/engine/rocksdb.go:119              Options.avoid_flush_during_shutdown: 0
I191204 09:44:07.542315 55 storage/engine/rocksdb.go:119            Options.writable_file_max_buffer_size: 1048576
I191204 09:44:07.542336 55 storage/engine/rocksdb.go:119              Options.delayed_write_rate : 16777216
I191204 09:44:07.542357 55 storage/engine/rocksdb.go:119              Options.max_total_wal_size: 0
I191204 09:44:07.542378 55 storage/engine/rocksdb.go:119              Options.delete_obsolete_files_period_micros: 21600000000
I191204 09:44:07.542399 55 storage/engine/rocksdb.go:119                    Options.stats_dump_period_sec: 0
I191204 09:44:07.542420 55 storage/engine/rocksdb.go:119                  Options.stats_persist_period_sec: 600
I191204 09:44:07.542442 55 storage/engine/rocksdb.go:119                  Options.stats_history_buffer_size: 1048576
I191204 09:44:07.542463 55 storage/engine/rocksdb.go:119                           Options.max_open_files: 10000
I191204 09:44:07.542484 55 storage/engine/rocksdb.go:119                           Options.bytes_per_sync: 524288
I191204 09:44:07.542505 55 storage/engine/rocksdb.go:119                       Options.wal_bytes_per_sync: 0
I191204 09:44:07.542527 55 storage/engine/rocksdb.go:119                    Options.strict_bytes_per_sync: 1
I191204 09:44:07.542548 55 storage/engine/rocksdb.go:119        Options.compaction_readahead_size: 0
I191204 09:44:07.542584 55 storage/engine/rocksdb.go:119  Compression algorithms supported:
I191204 09:44:07.542608 55 storage/engine/rocksdb.go:119  	kZSTDNotFinalCompression supported: 0
I191204 09:44:07.542629 55 storage/engine/rocksdb.go:119  	kZSTD supported: 0
I191204 09:44:07.542650 55 storage/engine/rocksdb.go:119  	kXpressCompression supported: 0
I191204 09:44:07.542672 55 storage/engine/rocksdb.go:119  	kLZ4HCCompression supported: 0
I191204 09:44:07.542693 55 storage/engine/rocksdb.go:119  	kLZ4Compression supported: 0
I191204 09:44:07.542716 55 storage/engine/rocksdb.go:119  	kBZip2Compression supported: 0
I191204 09:44:07.542739 55 storage/engine/rocksdb.go:119  	kZlibCompression supported: 0
I191204 09:44:07.542761 55 storage/engine/rocksdb.go:119  	kSnappyCompression supported: 1
I191204 09:44:07.542789 55 storage/engine/rocksdb.go:119  Fast CRC32 supported: Supported on x86
I191204 09:44:07.543362 55 storage/engine/rocksdb.go:119  [db/version_set.cc:4072] Recovering from manifest file: /var/www/micronaut-crud/databases/cockroach-data/MANIFEST-000027
I191204 09:44:07.543581 55 storage/engine/rocksdb.go:119  [db/column_family.cc:488] --------------- Options for column family [default]:
I191204 09:44:07.543604 55 storage/engine/rocksdb.go:119                Options.comparator: cockroach_comparator
I191204 09:44:07.543626 55 storage/engine/rocksdb.go:119            Options.merge_operator: cockroach_merge_operator
I191204 09:44:07.543647 55 storage/engine/rocksdb.go:119         Options.compaction_filter: None
I191204 09:44:07.543668 55 storage/engine/rocksdb.go:119         Options.compaction_filter_factory: None
I191204 09:44:07.543689 55 storage/engine/rocksdb.go:119          Options.memtable_factory: SkipListFactory
I191204 09:44:07.543710 55 storage/engine/rocksdb.go:119             Options.table_factory: BlockBasedTable
I191204 09:44:07.543804 55 storage/engine/rocksdb.go:119             table_factory options:   flush_block_policy_factory: FlushBlockBySizePolicyFactory (0x7efeaf6240a0)
  cache_index_and_filter_blocks: 0
  cache_index_and_filter_blocks_with_high_priority: 0
  pin_l0_filter_and_index_blocks_in_cache: 0
  pin_top_level_index_and_filter: 1
  index_type: 0
  data_block_index_type: 0
  index_shortening: 1
  data_block_hash_table_util_ratio: 0.750000
  hash_index_allow_collision: 1
  checksum: 1
  no_block_cache: 0
  block_cache: 0x7efeaf783a90
  block_cache_name: LRUCache
  block_cache_options:
    capacity : 67108864
    num_shard_bits : 4
    strict_capacity_limit : 0
    memory_allocator : None
    high_pri_pool_ratio: 0.000
  block_cache_compressed: (nil)
  persistent_cache: (nil)
  block_size: 32768
  block_size_deviation: 10
  block_restart_interval: 16
  index_block_restart_interval: 1
  metadata_block_size: 4096
  partition_filters: 0
  use_delta_encoding: 1
  filter_policy: rocksdb.BuiltinBloomFilter
  whole_key_filtering: 0
  verify_compression: 0
  read_amp_bytes_per_bit: 0
  format_version: 2
  enable_index_compression: 1
  block_align: 0
I191204 09:44:07.543832 55 storage/engine/rocksdb.go:119         Options.write_buffer_size: 67108864
I191204 09:44:07.543858 55 storage/engine/rocksdb.go:119   Options.max_write_buffer_number: 4
I191204 09:44:07.543880 55 storage/engine/rocksdb.go:119           Options.compression: Snappy
I191204 09:44:07.543901 55 storage/engine/rocksdb.go:119                   Options.bottommost_compression: Disabled
I191204 09:44:07.543923 55 storage/engine/rocksdb.go:119        Options.prefix_extractor: cockroach_prefix_extractor
I191204 09:44:07.543944 55 storage/engine/rocksdb.go:119    Options.memtable_insert_with_hint_prefix_extractor: nullptr
I191204 09:44:07.543965 55 storage/engine/rocksdb.go:119              Options.num_levels: 7
I191204 09:44:07.543986 55 storage/engine/rocksdb.go:119         Options.min_write_buffer_number_to_merge: 1
I191204 09:44:07.544008 55 storage/engine/rocksdb.go:119      Options.max_write_buffer_number_to_maintain: 0
I191204 09:44:07.544029 55 storage/engine/rocksdb.go:119             Options.bottommost_compression_opts.window_bits: -14
I191204 09:44:07.544050 55 storage/engine/rocksdb.go:119                   Options.bottommost_compression_opts.level: 32767
I191204 09:44:07.544072 55 storage/engine/rocksdb.go:119                Options.bottommost_compression_opts.strategy: 0
I191204 09:44:07.544093 55 storage/engine/rocksdb.go:119          Options.bottommost_compression_opts.max_dict_bytes: 0
I191204 09:44:07.544115 55 storage/engine/rocksdb.go:119          Options.bottommost_compression_opts.zstd_max_train_bytes: 0
I191204 09:44:07.544135 55 storage/engine/rocksdb.go:119                   Options.bottommost_compression_opts.enabled: false
I191204 09:44:07.544156 55 storage/engine/rocksdb.go:119             Options.compression_opts.window_bits: -14
I191204 09:44:07.544178 55 storage/engine/rocksdb.go:119                   Options.compression_opts.level: 32767
I191204 09:44:07.544199 55 storage/engine/rocksdb.go:119                Options.compression_opts.strategy: 0
I191204 09:44:07.544221 55 storage/engine/rocksdb.go:119          Options.compression_opts.max_dict_bytes: 0
I191204 09:44:07.544242 55 storage/engine/rocksdb.go:119          Options.compression_opts.zstd_max_train_bytes: 0
I191204 09:44:07.544264 55 storage/engine/rocksdb.go:119                   Options.compression_opts.enabled: false
I191204 09:44:07.544285 55 storage/engine/rocksdb.go:119       Options.level0_file_num_compaction_trigger: 2
I191204 09:44:07.544307 55 storage/engine/rocksdb.go:119           Options.level0_slowdown_writes_trigger: 950
I191204 09:44:07.544328 55 storage/engine/rocksdb.go:119               Options.level0_stop_writes_trigger: 1000
I191204 09:44:07.544350 55 storage/engine/rocksdb.go:119                    Options.target_file_size_base: 4194304
I191204 09:44:07.544371 55 storage/engine/rocksdb.go:119              Options.target_file_size_multiplier: 2
I191204 09:44:07.544456 55 storage/engine/rocksdb.go:119                 Options.max_bytes_for_level_base: 67108864
I191204 09:44:07.544496 55 storage/engine/rocksdb.go:119  Options.level_compaction_dynamic_level_bytes: 1
I191204 09:44:07.544529 55 storage/engine/rocksdb.go:119           Options.max_bytes_for_level_multiplier: 10.000000
I191204 09:44:07.544553 55 storage/engine/rocksdb.go:119  Options.max_bytes_for_level_multiplier_addtl[0]: 1
I191204 09:44:07.544575 55 storage/engine/rocksdb.go:119  Options.max_bytes_for_level_multiplier_addtl[1]: 1
I191204 09:44:07.544596 55 storage/engine/rocksdb.go:119  Options.max_bytes_for_level_multiplier_addtl[2]: 1
I191204 09:44:07.544619 55 storage/engine/rocksdb.go:119  Options.max_bytes_for_level_multiplier_addtl[3]: 1
I191204 09:44:07.544641 55 storage/engine/rocksdb.go:119  Options.max_bytes_for_level_multiplier_addtl[4]: 1
I191204 09:44:07.544662 55 storage/engine/rocksdb.go:119  Options.max_bytes_for_level_multiplier_addtl[5]: 1
I191204 09:44:07.544685 55 storage/engine/rocksdb.go:119  Options.max_bytes_for_level_multiplier_addtl[6]: 1
I191204 09:44:07.544707 55 storage/engine/rocksdb.go:119        Options.max_sequential_skip_in_iterations: 8
I191204 09:44:07.544728 55 storage/engine/rocksdb.go:119                     Options.max_compaction_bytes: 104857600
I191204 09:44:07.544749 55 storage/engine/rocksdb.go:119                         Options.arena_block_size: 8388608
I191204 09:44:07.544771 55 storage/engine/rocksdb.go:119    Options.soft_pending_compaction_bytes_limit: 2199023255552
I191204 09:44:07.544792 55 storage/engine/rocksdb.go:119    Options.hard_pending_compaction_bytes_limit: 4400193994752
I191204 09:44:07.544814 55 storage/engine/rocksdb.go:119        Options.rate_limit_delay_max_milliseconds: 100
I191204 09:44:07.544836 55 storage/engine/rocksdb.go:119                 Options.disable_auto_compactions: 0
I191204 09:44:07.544864 55 storage/engine/rocksdb.go:119                         Options.compaction_style: kCompactionStyleLevel
I191204 09:44:07.544888 55 storage/engine/rocksdb.go:119                           Options.compaction_pri: kMinOverlappingRatio
I191204 09:44:07.544910 55 storage/engine/rocksdb.go:119  Options.compaction_options_universal.size_ratio: 1
I191204 09:44:07.544932 55 storage/engine/rocksdb.go:119  Options.compaction_options_universal.min_merge_width: 2
I191204 09:44:07.544953 55 storage/engine/rocksdb.go:119  Options.compaction_options_universal.max_merge_width: 4294967295
I191204 09:44:07.544975 55 storage/engine/rocksdb.go:119  Options.compaction_options_universal.max_size_amplification_percent: 200
I191204 09:44:07.544997 55 storage/engine/rocksdb.go:119  Options.compaction_options_universal.compression_size_percent: -1
I191204 09:44:07.545020 55 storage/engine/rocksdb.go:119  Options.compaction_options_universal.stop_style: kCompactionStopStyleTotalSize
I191204 09:44:07.545043 55 storage/engine/rocksdb.go:119  Options.compaction_options_fifo.max_table_files_size: 1073741824
I191204 09:44:07.545065 55 storage/engine/rocksdb.go:119  Options.compaction_options_fifo.allow_compaction: 0
I191204 09:44:07.545094 55 storage/engine/rocksdb.go:119                    Options.table_properties_collectors: TimeBoundTblPropCollectorFactory; DeleteRangeTblPropCollectorFactory; 
I191204 09:44:07.545120 55 storage/engine/rocksdb.go:119                    Options.inplace_update_support: 0
I191204 09:44:07.545141 55 storage/engine/rocksdb.go:119                  Options.inplace_update_num_locks: 10000
I191204 09:44:07.545166 55 storage/engine/rocksdb.go:119                Options.memtable_prefix_bloom_size_ratio: 0.000000
I191204 09:44:07.545189 55 storage/engine/rocksdb.go:119                Options.memtable_whole_key_filtering: 0
I191204 09:44:07.545210 55 storage/engine/rocksdb.go:119    Options.memtable_huge_page_size: 0
I191204 09:44:07.545231 55 storage/engine/rocksdb.go:119                            Options.bloom_locality: 0
I191204 09:44:07.545252 55 storage/engine/rocksdb.go:119                     Options.max_successive_merges: 0
I191204 09:44:07.545273 55 storage/engine/rocksdb.go:119                 Options.optimize_filters_for_hits: 1
I191204 09:44:07.545295 55 storage/engine/rocksdb.go:119                 Options.paranoid_file_checks: 0
I191204 09:44:07.545316 55 storage/engine/rocksdb.go:119                 Options.force_consistency_checks: 0
I191204 09:44:07.545337 55 storage/engine/rocksdb.go:119                 Options.report_bg_io_stats: 0
I191204 09:44:07.545358 55 storage/engine/rocksdb.go:119                                Options.ttl: 0
I191204 09:44:07.545379 55 storage/engine/rocksdb.go:119           Options.periodic_compaction_seconds: 0
I191204 09:44:07.547955 55 storage/engine/rocksdb.go:119  [db/version_set.cc:3086] More existing levels in DB than needed. max_bytes_for_level_multiplier may not be guaranteed.
I191204 09:44:07.548013 55 storage/engine/rocksdb.go:119  [db/version_set.cc:4286] Recovered from manifest file:/var/www/micronaut-crud/databases/cockroach-data/MANIFEST-000027 succeeded,manifest_file_number is 27, next_file_number is 33, last_sequence is 933725, log_number is 26,prev_log_number is 0,max_column_family is 0,min_log_number_to_keep is 0
I191204 09:44:07.548037 55 storage/engine/rocksdb.go:119  [db/version_set.cc:4295] Column family [default] (ID 0), log number is 26
I191204 09:44:07.548267 55 storage/engine/rocksdb.go:119  EVENT_LOG_v1 {"time_micros": 1575452647548227, "job": 1, "event": "recovery_started", "log_files": [28]}
I191204 09:44:07.548298 55 storage/engine/rocksdb.go:119  [db/db_impl_open.cc:598] Recovering log #28 mode 0
I191204 09:44:07.663956 55 storage/engine/rocksdb.go:119  EVENT_LOG_v1 {"time_micros": 1575452647663656, "cf_name": "default", "job": 1, "event": "table_file_creation", "file_number": 33, "file_size": 88766, "table_properties": {"data_size": 85395, "index_size": 353, "index_partitions": 0, "top_level_index_size": 0, "index_key_is_user_key": 0, "index_value_is_delta_encoded": 0, "filter_size": 2117, "raw_key_size": 79764, "raw_average_key_size": 36, "raw_value_size": 270178, "raw_average_value_size": 121, "num_data_blocks": 8, "num_entries": 2215, "num_deletions": 1100, "num_merge_operands": 664, "num_range_deletions": 664, "format_version": 0, "fixed_key_len": 0, "filter_policy": "rocksdb.BuiltinBloomFilter", "column_family_name": "default", "column_family_id": 0, "comparator": "cockroach_comparator", "merge_operator": "cockroach_merge_operator", "prefix_extractor_name": "cockroach_prefix_extractor", "property_collectors": "[TimeBoundTblPropCollectorFactory,DeleteRangeTblPropCollectorFactory]", "compression": "Snappy", "compression_options": "window_bits=-14; level=32767; strategy=0; max_dict_bytes=0; zstd_max_train_bytes=0; enabled=0; ", "creation_time": 1575452647, "oldest_key_time": 3, "file_creation_time": 0}}
I191204 09:44:07.664747 55 storage/engine/rocksdb.go:119  [db/version_set.cc:3560] Creating manifest 34
I191204 09:44:07.665301 55 storage/engine/rocksdb.go:119  [db/version_set.cc:3086] More existing levels in DB than needed. max_bytes_for_level_multiplier may not be guaranteed.
I191204 09:44:07.752932 55 storage/engine/rocksdb.go:119  EVENT_LOG_v1 {"time_micros": 1575452647752751, "job": 1, "event": "recovery_finished"}
I191204 09:44:07.821834 55 storage/engine/rocksdb.go:119  DB pointer 0x7efeaf76d800
I191204 10:28:37.162059 28429 storage/engine/rocksdb.go:119  bloom filter utility:    -nan%
I191204 10:28:37.206379 28429 storage/engine/rocksdb.go:119  [db/db_impl.cc:392] Shutdown: canceling all background work
I191204 10:28:37.240432 28429 storage/engine/rocksdb.go:119  [db/db_impl.cc:565] Shutdown complete
I191204 10:28:37.329209 28429 storage/engine/rocksdb.go:119  bloom filter utility:    52.3%
I191204 10:28:37.362555 28429 storage/engine/rocksdb.go:119  [db/db_impl.cc:392] Shutdown: canceling all background work
I191204 10:28:37.426536 28429 storage/engine/rocksdb.go:119  [db/db_impl.cc:565] Shutdown complete
