I191204 09:42:55.776509 1 util/log/clog.go:1196  [config] file created at: 2019/12/04 09:42:55
I191204 09:42:55.776509 1 util/log/clog.go:1196  [config] running on machine: proesd
I191204 09:42:55.776509 1 util/log/clog.go:1196  [config] binary: CockroachDB CCL v19.2.0 (x86_64-unknown-linux-gnu, built 2019/11/12 05:13:04, go1.12.12)
I191204 09:42:55.776509 1 util/log/clog.go:1196  [config] arguments: [cockroach start-single-node --insecure --listen-addr=localhost:26257 --http-addr=localhost:9191]
I191204 09:42:55.776509 1 util/log/clog.go:1196  line format: [IWEF]yymmdd hh:mm:ss.uuuuuu goid file:line msg utf8=✓
I191204 09:42:55.776505 1 cli/start.go:1138  logging to directory /var/www/micronaut-crud/databases/cockroach-data/logs
W191204 09:42:55.777197 1 cli/start.go:1176  RUNNING IN INSECURE MODE!

- Your cluster is open for any client that can access localhost.
- Any user, even root, can log in without providing a password.
- Any user, connecting as root, can read or write any data in your cluster.
- There is no network encryption nor authentication, and thus no confidentiality.

Check out how to secure your cluster: https://www.cockroachlabs.com/docs/v19.2/secure-a-cluster.html
I191204 09:42:55.777928 1 server/status/recorder.go:599  available memory from cgroups (8.0 EiB) exceeds system memory 11 GiB, using system memory
W191204 09:42:55.778451 1 cli/start.go:1046  Using the default setting for --cache (128 MiB).
  A significantly larger value is usually needed for good performance.
  If you have a dedicated server a reasonable setting is --cache=.25 (2.7 GiB).
I191204 09:42:55.778794 1 server/status/recorder.go:599  available memory from cgroups (8.0 EiB) exceeds system memory 11 GiB, using system memory
W191204 09:42:55.778874 1 cli/start.go:1059  Using the default setting for --max-sql-memory (128 MiB).
  A significantly larger value is usually needed in production.
  If you have a dedicated server a reasonable setting is --max-sql-memory=.25 (2.7 GiB).
I191204 09:42:55.779123 1 server/status/recorder.go:599  available memory from cgroups (8.0 EiB) exceeds system memory 11 GiB, using system memory
I191204 09:42:55.779208 1 cli/start.go:1190  CockroachDB CCL v19.2.0 (x86_64-unknown-linux-gnu, built 2019/11/12 05:13:04, go1.12.12)
I191204 09:42:55.881961 1 server/status/recorder.go:599  available memory from cgroups (8.0 EiB) exceeds system memory 11 GiB, using system memory
I191204 09:42:55.882065 1 server/config.go:394  system total memory: 11 GiB
I191204 09:42:55.882255 1 server/config.go:396  server configuration:
max offset             500000000
cache size             128 MiB
SQL memory pool size   128 MiB
scan interval          10m0s
scan min idle time     10ms
scan max idle time     1s
event log enabled      true
I191204 09:42:55.882368 1 cli/start.go:1031  process identity: uid 1000 euid 1000 gid 1000 egid 1000
I191204 09:42:55.882540 1 cli/start.go:638  starting cockroach node
I191204 09:42:55.888747 37 storage/engine/rocksdb.go:621  opening rocksdb instance at "/var/www/micronaut-crud/databases/cockroach-data/cockroach-temp673089697"
I191204 09:42:56.220988 37 server/server.go:927  [n?] monitoring forward clock jumps based on server.clock.forward_jump_check_enabled
I191204 09:42:56.222020 37 storage/engine/rocksdb.go:621  opening rocksdb instance at "/var/www/micronaut-crud/databases/cockroach-data"
I191204 09:42:56.427688 37 server/config.go:502  [n?] 1 storage engine initialized
I191204 09:42:56.427733 37 server/config.go:505  [n?] RocksDB cache size: 128 MiB
I191204 09:42:56.427761 37 server/config.go:505  [n?] store 0: RocksDB, max size 0 B, max open file limit 10000
I191204 09:42:56.570117 37 server/server.go:977  [n?] Sleeping till wall time 1575452576569976673 to catches up to 1575452576720814179 to ensure monotonicity. Delta: 150.837506ms
I191204 09:42:56.722000 37 gossip/gossip.go:394  [n1] NodeDescriptor set to node_id:1 address:<network_field:"tcp" address_field:"localhost:26257" > attrs:<> locality:<> ServerVersion:<major_val:19 minor_val:2 patch:0 unstable:0 > build_tag:"v19.2.0" started_at:1575452576721590547 cluster_name:"" sql_address:<network_field:"tcp" address_field:"localhost:26257" > 
W191204 09:42:56.752455 147 storage/replica_range_lease.go:554  can't determine lease status due to node liveness error: node not in the liveness table
github.com/cockroachdb/cockroach/pkg/storage.init.ializers
	/go/src/github.com/cockroachdb/cockroach/pkg/storage/node_liveness.go:44
runtime.main
	/usr/local/go/src/runtime/proc.go:188
runtime.goexit
	/usr/local/go/src/runtime/asm_amd64.s:1337
W191204 09:42:56.752575 147 storage/store.go:1530  [n1,s1,r6/1:/Table/{SystemCon…-11}] could not gossip system config: [NotLeaseHolderError] r6: replica (n1,s1):1 not lease holder; lease holder unknown
I191204 09:42:56.754229 37 server/node.go:431  [n1] initialized store [n1,s1]: disk (capacity=91 GiB, available=36 GiB, used=2.1 MiB, logicalBytes=37 MiB), ranges=26, leases=0, queries=0.00, writes=0.00, bytesPerReplica={p10=0.00 p25=0.00 p50=254.00 p75=7566.00 p90=19339.00 pMax=38647752.00}, writesPerReplica={p10=0.00 p25=0.00 p50=0.00 p75=0.00 p90=0.00 pMax=0.00}
I191204 09:42:56.754557 37 storage/stores.go:240  [n1] read 0 node addresses from persistent storage
I191204 09:42:56.754888 37 server/node.go:645  [n1] connecting to gossip network to verify cluster ID...
I191204 09:42:56.754957 37 server/node.go:665  [n1] node connected via gossip and verified as part of cluster "d712e4f9-1d3d-4670-85a6-2695873dea41"
I191204 09:42:56.755208 37 server/node.go:512  [n1] node=1: started with [<no-attributes>=/var/www/micronaut-crud/databases/cockroach-data] engine(s) and attributes []
I191204 09:42:56.755489 37 server/server.go:1513  [n1] starting http server at 127.0.0.1:9191 (use: localhost:9191)
I191204 09:42:56.755549 37 server/server.go:1520  [n1] starting grpc/postgres server at 127.0.0.1:26257
I191204 09:42:56.755603 37 server/server.go:1521  [n1] advertising CockroachDB node at localhost:26257
W191204 09:42:56.808587 147 storage/store.go:1530  [n1,s1,r6/1:/Table/{SystemCon…-11}] could not gossip system config: [NotLeaseHolderError] r6: replica (n1,s1):1 not lease holder; lease holder unknown
I191204 09:42:56.960208 182 storage/node_liveness.go:474  [n1,liveness-hb] heartbeat failed on epoch increment; retrying
I191204 09:42:57.051340 182 storage/node_liveness.go:474  [n1,liveness-hb] heartbeat failed on epoch increment; retrying
I191204 09:42:57.206088 37 server/server.go:1589  [n1] done ensuring all necessary migrations have run
I191204 09:42:57.206241 37 server/server.go:1840  [n1] serving sql connections
I191204 09:42:57.206487 37 cli/start.go:797  [config] clusterID: d712e4f9-1d3d-4670-85a6-2695873dea41
I191204 09:42:57.206563 37 cli/start.go:806  node startup completed:
CockroachDB node starting at 2019-12-04 09:42:57.206306214 +0000 UTC (took 1.4s)
build:               CCL v19.2.0 @ 2019/11/12 05:13:04 (go1.12.12)
webui:               http://localhost:9191
sql:                 postgresql://root@localhost:26257?sslmode=disable
RPC client flags:    cockroach <client cmd> --host=localhost:26257 --insecure
logs:                /var/www/micronaut-crud/databases/cockroach-data/logs
temp dir:            /var/www/micronaut-crud/databases/cockroach-data/cockroach-temp673089697
external I/O path:   /var/www/micronaut-crud/databases/cockroach-data/extern
store[0]:            path=/var/www/micronaut-crud/databases/cockroach-data
status:              restarted pre-existing node
clusterID:           d712e4f9-1d3d-4670-85a6-2695873dea41
nodeID:              1
I191204 09:42:57.215278 246 server/server_update.go:50  [n1] failed attempt to upgrade cluster version, error: node 1 not running (UNAVAILABLE), cannot determine version
I191204 09:42:57.738705 248 sql/event_log.go:130  [n1] Event: "node_restart", target: 1, info: {Descriptor:{NodeID:1 Address:localhost:26257 Attrs: Locality: ServerVersion:19.2 BuildTag:v19.2.0 StartedAt:1575452576721590547 LocalityAddress:[] ClusterName: SQLAddress:localhost:26257} ClusterID:d712e4f9-1d3d-4670-85a6-2695873dea41 StartedAt:1575452576721590547 LastUp:1575452537694742658}
I191204 09:42:58.573286 246 server/server_update.go:53  [n1] no need to upgrade, cluster already at the newest version
I191204 09:42:58.836532 88 gossip/gossip.go:1531  [n1] node has connected to cluster via gossip
I191204 09:42:58.836799 88 storage/stores.go:259  [n1] wrote 0 node addresses to persistent storage
I191204 09:42:59.551986 250 server/updates.go:267  [n1] A new version is available: 19.2.1, details: https://www.cockroachlabs.com/docs/releases/v19.2.1.html
I191204 09:43:06.757875 160 server/status/runtime.go:498  [n1] runtime stats: 106 MiB RSS, 141 goroutines, 90 MiB/34 MiB/134 MiB GO alloc/idle/total, 15 MiB/20 MiB CGO alloc/total, 0.0 CGO/sec, 0.0/0.0 %(u/s)time, 0.0 %gc (10x), 31 KiB/30 KiB (r/w)net
I191204 09:43:16.758480 160 server/status/runtime.go:498  [n1] runtime stats: 116 MiB RSS, 141 goroutines, 99 MiB/25 MiB/135 MiB GO alloc/idle/total, 16 MiB/20 MiB CGO alloc/total, 97.6 CGO/sec, 2.1/1.4 %(u/s)time, 0.0 %gc (0x), 14 KiB/25 KiB (r/w)net
I191204 09:43:16.758551 155 storage/store.go:2364  [n1,s1] sstables (read amplification = 1):
6 [ 1M 1 ]: 1M
I191204 09:43:16.759070 155 storage/store.go:2365  [n1,s1] 
** Compaction Stats [default] **
Level    Files   Size     Score Read(GB)  Rn(GB) Rnp1(GB) Write(GB) Wnew(GB) Moved(GB) W-Amp Rd(MB/s) Wr(MB/s) Comp(sec) CompMergeCPU(sec) Comp(cnt) Avg(sec) KeyIn KeyDrop
----------------------------------------------------------------------------------------------------------------------------------------------------------------------------
  L0      0/0    0.00 KB   0.0      0.0     0.0      0.0       0.0      0.0       0.0   1.0      0.0      0.8      0.04              0.00         1    0.045       0      0
  L6      1/0    1.19 MB   0.0      0.0     0.0      0.0       0.0      0.0       0.0   3.2      5.5      4.9      0.24              0.15         1    0.243     12K   5966
 Sum      1/0    1.19 MB   0.0      0.0     0.0      0.0       0.0      0.0       0.0  34.9      4.6      4.3      0.29              0.15         2    0.144     12K   5966
 Int      0/0    0.00 KB   0.0      0.0     0.0      0.0       0.0      0.0       0.0  34.9      4.6      4.3      0.29              0.15         2    0.144     12K   5966

** Compaction Stats [default] **
Priority    Files   Size     Score Read(GB)  Rn(GB) Rnp1(GB) Write(GB) Wnew(GB) Moved(GB) W-Amp Rd(MB/s) Wr(MB/s) Comp(sec) CompMergeCPU(sec) Comp(cnt) Avg(sec) KeyIn KeyDrop
-------------------------------------------------------------------------------------------------------------------------------------------------------------------------------
 Low      0/0    0.00 KB   0.0      0.0     0.0      0.0       0.0      0.0       0.0   0.0      5.5      4.9      0.24              0.15         1    0.243     12K   5966
User      0/0    0.00 KB   0.0      0.0     0.0      0.0       0.0      0.0       0.0   0.0      0.0      0.8      0.04              0.00         1    0.045       0      0
Uptime(secs): 20.5 total, 20.5 interval
Flush(GB): cumulative 0.000, interval 0.000
AddFile(GB): cumulative 0.000, interval 0.000
AddFile(Total Files): cumulative 0, interval 0
AddFile(L0 Files): cumulative 0, interval 0
AddFile(Keys): cumulative 0, interval 0
Cumulative compaction: 0.00 GB write, 0.06 MB/s write, 0.00 GB read, 0.07 MB/s read, 0.3 seconds
Interval compaction: 0.00 GB write, 0.06 MB/s write, 0.00 GB read, 0.07 MB/s read, 0.3 seconds
Stalls(count): 0 level0_slowdown, 0 level0_slowdown_with_compaction, 0 level0_numfiles, 0 level0_numfiles_with_compaction, 0 stop for pending_compaction_bytes, 0 slowdown for pending_compaction_bytes, 0 memtable_compaction, 0 memtable_slowdown, interval 0 total count
estimated_pending_compaction_bytes: 0 B
I191204 09:43:22.093480 785 storage/replica_consistency.go:194  [n1,consistencyChecker,s1,r4/1:/System{/tsd-tse}] triggering stats recomputation to resolve delta of {ContainsEstimates:true LastUpdateNanos:1575452597288127642 IntentAge:0 GCBytesAge:0 LiveBytes:30722828 LiveCount:-2656 KeyBytes:-128476 KeyCount:-2656 ValBytes:30851304 ValCount:-2656 IntentBytes:0 IntentCount:0 SysBytes:0 SysCount:0}
I191204 09:43:26.758134 160 server/status/runtime.go:498  [n1] runtime stats: 143 MiB RSS, 141 goroutines, 116 MiB/7.5 MiB/136 MiB GO alloc/idle/total, 23 MiB/30 MiB CGO alloc/total, 483.4 CGO/sec, 3.9/1.8 %(u/s)time, 0.0 %gc (0x), 16 KiB/21 KiB (r/w)net
I191204 09:43:36.758383 160 server/status/runtime.go:498  [n1] runtime stats: 147 MiB RSS, 142 goroutines, 84 MiB/36 MiB/136 MiB GO alloc/idle/total, 23 MiB/30 MiB CGO alloc/total, 31.9 CGO/sec, 2.1/0.9 %(u/s)time, 0.0 %gc (1x), 9.9 KiB/17 KiB (r/w)net
I191204 09:43:46.758557 160 server/status/runtime.go:498  [n1] runtime stats: 148 MiB RSS, 142 goroutines, 91 MiB/30 MiB/136 MiB GO alloc/idle/total, 23 MiB/31 MiB CGO alloc/total, 33.4 CGO/sec, 1.6/0.7 %(u/s)time, 0.0 %gc (0x), 13 KiB/19 KiB (r/w)net
I191204 09:43:56.755671 156 gossip/gossip.go:566  [n1] gossip status (ok, 1 node)
gossip client (0/3 cur/max conns)
gossip server (0/3 cur/max conns, infos 0/0 sent/received, bytes 0B/0B sent/received)
gossip connectivity
  n1 [sentinel];
I191204 09:43:56.758774 160 server/status/runtime.go:498  [n1] runtime stats: 150 MiB RSS, 142 goroutines, 98 MiB/24 MiB/136 MiB GO alloc/idle/total, 23 MiB/31 MiB CGO alloc/total, 25.7 CGO/sec, 1.3/0.9 %(u/s)time, 0.0 %gc (0x), 59 KiB/14 KiB (r/w)net
I191204 09:44:01.935119 1 cli/start.go:859  received signal 'interrupt'
I191204 09:44:01.966286 1 cli/start.go:924  initiating graceful shutdown of server
I191204 09:44:02.200247 1368 util/stop/stopper.go:542  [server drain process] quiescing; tasks left:
1      [async] intent_resolver_ir_batcher
1      [async] intent_resolver_gc_batcher
1      [async] closedts-rangefeed-subscriber
I191204 09:44:02.231969 1368 util/stop/stopper.go:542  [server drain process] quiescing; tasks left:
1      [async] intent_resolver_ir_batcher
1      [async] closedts-rangefeed-subscriber
I191204 09:44:02.265804 1368 storage/engine/rocksdb.go:761  closing rocksdb instance at "/var/www/micronaut-crud/databases/cockroach-data/cockroach-temp673089697"
I191204 09:44:02.401640 1368 storage/engine/rocksdb.go:761  closing rocksdb instance at "/var/www/micronaut-crud/databases/cockroach-data"
I191204 09:44:02.559781 1 cli/start.go:970  server drained and shutdown completed
E191204 09:44:02.590100 1 cli/error.go:233  interrupted
