I191202 07:18:04.624381 16 util/log/clog.go:1196  [config] file created at: 2019/12/02 07:18:04
I191202 07:18:04.624381 16 util/log/clog.go:1196  [config] running on machine: proesd
I191202 07:18:04.624381 16 util/log/clog.go:1196  [config] binary: CockroachDB CCL v19.2.0 (x86_64-unknown-linux-gnu, built 2019/11/12 05:13:04, go1.12.12)
I191202 07:18:04.624381 16 util/log/clog.go:1196  [config] arguments: [cockroach start-single-node --insecure --listen-addr=localhost:26257 --http-addr=localhost:8080]
I191202 07:18:04.624381 16 util/log/clog.go:1196  line format: [IWEF]yymmdd hh:mm:ss.uuuuuu goid file:line msg utf8=✓
I191202 07:18:04.624376 16 storage/engine/rocksdb.go:119  RocksDB version: 6.2.1
I191202 07:18:04.624909 16 storage/engine/rocksdb.go:119  Git sha rocksdb_build_git_sha:@b7009236531fa784872f4823eabf393501e41bf2@
I191202 07:18:04.624932 16 storage/engine/rocksdb.go:119  Compile date Nov 12 2019
I191202 07:18:04.624952 16 storage/engine/rocksdb.go:119  DB SUMMARY
I191202 07:18:04.625038 16 storage/engine/rocksdb.go:119  SST files in /var/www/micronaut-crud/databases/cockroach-data/cockroach-temp058482426 dir, Total Num: 0, files: 
I191202 07:18:04.625226 16 storage/engine/rocksdb.go:119  Write Ahead Log file in /var/www/micronaut-crud/databases/cockroach-data/cockroach-temp058482426: 
I191202 07:18:04.625250 16 storage/engine/rocksdb.go:119                          Options.error_if_exists: 0
I191202 07:18:04.625271 16 storage/engine/rocksdb.go:119                        Options.create_if_missing: 1
I191202 07:18:04.625293 16 storage/engine/rocksdb.go:119                          Options.paranoid_checks: 1
I191202 07:18:04.625314 16 storage/engine/rocksdb.go:119                                      Options.env: 0x742ca80
I191202 07:18:04.625335 16 storage/engine/rocksdb.go:119                                 Options.info_log: 0x7fad8048b000
I191202 07:18:04.625356 16 storage/engine/rocksdb.go:119                 Options.max_file_opening_threads: 16
I191202 07:18:04.625377 16 storage/engine/rocksdb.go:119                               Options.statistics: 0x7fad8041d8d0
I191202 07:18:04.625398 16 storage/engine/rocksdb.go:119                                Options.use_fsync: 0
I191202 07:18:04.625420 16 storage/engine/rocksdb.go:119                        Options.max_log_file_size: 0
I191202 07:18:04.625441 16 storage/engine/rocksdb.go:119                   Options.max_manifest_file_size: 134217728
I191202 07:18:04.625462 16 storage/engine/rocksdb.go:119                    Options.log_file_time_to_roll: 0
I191202 07:18:04.625483 16 storage/engine/rocksdb.go:119                        Options.keep_log_file_num: 1000
I191202 07:18:04.625504 16 storage/engine/rocksdb.go:119                     Options.recycle_log_file_num: 1
I191202 07:18:04.625525 16 storage/engine/rocksdb.go:119                          Options.allow_fallocate: 1
I191202 07:18:04.625546 16 storage/engine/rocksdb.go:119                         Options.allow_mmap_reads: 0
I191202 07:18:04.625567 16 storage/engine/rocksdb.go:119                        Options.allow_mmap_writes: 0
I191202 07:18:04.625588 16 storage/engine/rocksdb.go:119                         Options.use_direct_reads: 0
I191202 07:18:04.625610 16 storage/engine/rocksdb.go:119                         Options.use_direct_io_for_flush_and_compaction: 0
I191202 07:18:04.625631 16 storage/engine/rocksdb.go:119           Options.create_missing_column_families: 0
I191202 07:18:04.625651 16 storage/engine/rocksdb.go:119                               Options.db_log_dir: 
I191202 07:18:04.625674 16 storage/engine/rocksdb.go:119                                  Options.wal_dir: /var/www/micronaut-crud/databases/cockroach-data/cockroach-temp058482426
I191202 07:18:04.625695 16 storage/engine/rocksdb.go:119                 Options.table_cache_numshardbits: 6
I191202 07:18:04.625716 16 storage/engine/rocksdb.go:119                       Options.max_subcompactions: 1
I191202 07:18:04.625737 16 storage/engine/rocksdb.go:119                   Options.max_background_flushes: -1
I191202 07:18:04.625757 16 storage/engine/rocksdb.go:119                          Options.WAL_ttl_seconds: 0
I191202 07:18:04.625778 16 storage/engine/rocksdb.go:119                        Options.WAL_size_limit_MB: 0
I191202 07:18:04.625799 16 storage/engine/rocksdb.go:119              Options.manifest_preallocation_size: 4194304
I191202 07:18:04.625820 16 storage/engine/rocksdb.go:119                      Options.is_fd_close_on_exec: 1
I191202 07:18:04.625841 16 storage/engine/rocksdb.go:119                    Options.advise_random_on_open: 1
I191202 07:18:04.625861 16 storage/engine/rocksdb.go:119                     Options.db_write_buffer_size: 0
I191202 07:18:04.625889 16 storage/engine/rocksdb.go:119                     Options.write_buffer_manager: 0x7fad80460ce0
I191202 07:18:04.625910 16 storage/engine/rocksdb.go:119          Options.access_hint_on_compaction_start: 1
I191202 07:18:04.625931 16 storage/engine/rocksdb.go:119   Options.new_table_reader_for_compaction_inputs: 0
I191202 07:18:04.625952 16 storage/engine/rocksdb.go:119            Options.random_access_max_buffer_size: 1048576
I191202 07:18:04.625973 16 storage/engine/rocksdb.go:119                       Options.use_adaptive_mutex: 0
I191202 07:18:04.625994 16 storage/engine/rocksdb.go:119                             Options.rate_limiter: (nil)
I191202 07:18:04.626015 16 storage/engine/rocksdb.go:119      Options.sst_file_manager.rate_bytes_per_sec: 0
I191202 07:18:04.626036 16 storage/engine/rocksdb.go:119                        Options.wal_recovery_mode: 0
I191202 07:18:04.626057 16 storage/engine/rocksdb.go:119                   Options.enable_thread_tracking: 0
I191202 07:18:04.626078 16 storage/engine/rocksdb.go:119                   Options.enable_pipelined_write: 0
I191202 07:18:04.626099 16 storage/engine/rocksdb.go:119          Options.allow_concurrent_memtable_write: 1
I191202 07:18:04.626120 16 storage/engine/rocksdb.go:119       Options.enable_write_thread_adaptive_yield: 1
I191202 07:18:04.626141 16 storage/engine/rocksdb.go:119              Options.write_thread_max_yield_usec: 100
I191202 07:18:04.626161 16 storage/engine/rocksdb.go:119             Options.write_thread_slow_yield_usec: 3
I191202 07:18:04.626192 16 storage/engine/rocksdb.go:119                                Options.row_cache: None
I191202 07:18:04.626214 16 storage/engine/rocksdb.go:119                               Options.wal_filter: None
I191202 07:18:04.626235 16 storage/engine/rocksdb.go:119              Options.avoid_flush_during_recovery: 0
I191202 07:18:04.626266 16 storage/engine/rocksdb.go:119              Options.allow_ingest_behind: 0
I191202 07:18:04.626287 16 storage/engine/rocksdb.go:119              Options.preserve_deletes: 0
I191202 07:18:04.626308 16 storage/engine/rocksdb.go:119              Options.two_write_queues: 0
I191202 07:18:04.626329 16 storage/engine/rocksdb.go:119              Options.manual_wal_flush: 1
I191202 07:18:04.626350 16 storage/engine/rocksdb.go:119              Options.atomic_flush: 0
I191202 07:18:04.626371 16 storage/engine/rocksdb.go:119              Options.avoid_unnecessary_blocking_io: 0
I191202 07:18:04.626392 16 storage/engine/rocksdb.go:119              Options.max_background_jobs: 4
I191202 07:18:04.626413 16 storage/engine/rocksdb.go:119              Options.max_background_compactions: -1
I191202 07:18:04.626434 16 storage/engine/rocksdb.go:119              Options.avoid_flush_during_shutdown: 0
I191202 07:18:04.626455 16 storage/engine/rocksdb.go:119            Options.writable_file_max_buffer_size: 1048576
I191202 07:18:04.626476 16 storage/engine/rocksdb.go:119              Options.delayed_write_rate : 16777216
I191202 07:18:04.626496 16 storage/engine/rocksdb.go:119              Options.max_total_wal_size: 0
I191202 07:18:04.626518 16 storage/engine/rocksdb.go:119              Options.delete_obsolete_files_period_micros: 21600000000
I191202 07:18:04.626539 16 storage/engine/rocksdb.go:119                    Options.stats_dump_period_sec: 0
I191202 07:18:04.626560 16 storage/engine/rocksdb.go:119                  Options.stats_persist_period_sec: 600
I191202 07:18:04.626581 16 storage/engine/rocksdb.go:119                  Options.stats_history_buffer_size: 1048576
I191202 07:18:04.626601 16 storage/engine/rocksdb.go:119                           Options.max_open_files: 128
I191202 07:18:04.626622 16 storage/engine/rocksdb.go:119                           Options.bytes_per_sync: 524288
I191202 07:18:04.626643 16 storage/engine/rocksdb.go:119                       Options.wal_bytes_per_sync: 0
I191202 07:18:04.626664 16 storage/engine/rocksdb.go:119                    Options.strict_bytes_per_sync: 1
I191202 07:18:04.626691 16 storage/engine/rocksdb.go:119        Options.compaction_readahead_size: 0
I191202 07:18:04.626716 16 storage/engine/rocksdb.go:119  Compression algorithms supported:
I191202 07:18:04.626738 16 storage/engine/rocksdb.go:119  	kZSTDNotFinalCompression supported: 0
I191202 07:18:04.626760 16 storage/engine/rocksdb.go:119  	kZSTD supported: 0
I191202 07:18:04.626781 16 storage/engine/rocksdb.go:119  	kXpressCompression supported: 0
I191202 07:18:04.626803 16 storage/engine/rocksdb.go:119  	kLZ4HCCompression supported: 0
I191202 07:18:04.626824 16 storage/engine/rocksdb.go:119  	kLZ4Compression supported: 0
I191202 07:18:04.626845 16 storage/engine/rocksdb.go:119  	kBZip2Compression supported: 0
I191202 07:18:04.626866 16 storage/engine/rocksdb.go:119  	kZlibCompression supported: 0
I191202 07:18:04.626888 16 storage/engine/rocksdb.go:119  	kSnappyCompression supported: 1
I191202 07:18:04.626913 16 storage/engine/rocksdb.go:119  Fast CRC32 supported: Supported on x86
I191202 07:18:04.627132 16 storage/engine/rocksdb.go:119  [db/db_impl_open.cc:242] Creating manifest 1 
I191202 07:18:04.767789 16 storage/engine/rocksdb.go:119  [db/version_set.cc:4072] Recovering from manifest file: /var/www/micronaut-crud/databases/cockroach-data/cockroach-temp058482426/MANIFEST-000001
I191202 07:18:04.768194 16 storage/engine/rocksdb.go:119  [db/column_family.cc:488] --------------- Options for column family [default]:
I191202 07:18:04.768233 16 storage/engine/rocksdb.go:119                Options.comparator: cockroach_comparator
I191202 07:18:04.768268 16 storage/engine/rocksdb.go:119            Options.merge_operator: cockroach_merge_operator
I191202 07:18:04.768302 16 storage/engine/rocksdb.go:119         Options.compaction_filter: None
I191202 07:18:04.768335 16 storage/engine/rocksdb.go:119         Options.compaction_filter_factory: None
I191202 07:18:04.768368 16 storage/engine/rocksdb.go:119          Options.memtable_factory: SkipListFactory
I191202 07:18:04.768401 16 storage/engine/rocksdb.go:119             Options.table_factory: BlockBasedTable
I191202 07:18:04.768550 16 storage/engine/rocksdb.go:119             table_factory options:   flush_block_policy_factory: FlushBlockBySizePolicyFactory (0x7fad80424040)
  cache_index_and_filter_blocks: 0
  cache_index_and_filter_blocks_with_high_priority: 0
  pin_l0_filter_and_index_blocks_in_cache: 0
  pin_top_level_index_and_filter: 1
  index_type: 0
  data_block_index_type: 0
  index_shortening: 1
  data_block_hash_table_util_ratio: 0.750000
  hash_index_allow_collision: 1
  checksum: 1
  no_block_cache: 0
  block_cache: 0x7fad8044b210
  block_cache_name: LRUCache
  block_cache_options:
    capacity : 1048576
    num_shard_bits : 4
    strict_capacity_limit : 0
    memory_allocator : None
    high_pri_pool_ratio: 0.000
  block_cache_compressed: (nil)
  persistent_cache: (nil)
  block_size: 32768
  block_size_deviation: 10
  block_restart_interval: 16
  index_block_restart_interval: 1
  metadata_block_size: 4096
  partition_filters: 0
  use_delta_encoding: 1
  filter_policy: rocksdb.BuiltinBloomFilter
  whole_key_filtering: 0
  verify_compression: 0
  read_amp_bytes_per_bit: 0
  format_version: 2
  enable_index_compression: 1
  block_align: 0
I191202 07:18:04.768590 16 storage/engine/rocksdb.go:119         Options.write_buffer_size: 67108864
I191202 07:18:04.768654 16 storage/engine/rocksdb.go:119   Options.max_write_buffer_number: 4
I191202 07:18:04.768702 16 storage/engine/rocksdb.go:119           Options.compression: Snappy
I191202 07:18:04.768758 16 storage/engine/rocksdb.go:119                   Options.bottommost_compression: Disabled
I191202 07:18:04.768792 16 storage/engine/rocksdb.go:119        Options.prefix_extractor: cockroach_prefix_extractor
I191202 07:18:04.768824 16 storage/engine/rocksdb.go:119    Options.memtable_insert_with_hint_prefix_extractor: nullptr
I191202 07:18:04.768857 16 storage/engine/rocksdb.go:119              Options.num_levels: 7
I191202 07:18:04.768891 16 storage/engine/rocksdb.go:119         Options.min_write_buffer_number_to_merge: 1
I191202 07:18:04.768923 16 storage/engine/rocksdb.go:119      Options.max_write_buffer_number_to_maintain: 0
I191202 07:18:04.768966 16 storage/engine/rocksdb.go:119             Options.bottommost_compression_opts.window_bits: -14
I191202 07:18:04.769082 16 storage/engine/rocksdb.go:119                   Options.bottommost_compression_opts.level: 32767
I191202 07:18:04.769119 16 storage/engine/rocksdb.go:119                Options.bottommost_compression_opts.strategy: 0
I191202 07:18:04.769153 16 storage/engine/rocksdb.go:119          Options.bottommost_compression_opts.max_dict_bytes: 0
I191202 07:18:04.769186 16 storage/engine/rocksdb.go:119          Options.bottommost_compression_opts.zstd_max_train_bytes: 0
I191202 07:18:04.769218 16 storage/engine/rocksdb.go:119                   Options.bottommost_compression_opts.enabled: false
I191202 07:18:04.769252 16 storage/engine/rocksdb.go:119             Options.compression_opts.window_bits: -14
I191202 07:18:04.769285 16 storage/engine/rocksdb.go:119                   Options.compression_opts.level: 32767
I191202 07:18:04.769317 16 storage/engine/rocksdb.go:119                Options.compression_opts.strategy: 0
I191202 07:18:04.769350 16 storage/engine/rocksdb.go:119          Options.compression_opts.max_dict_bytes: 0
I191202 07:18:04.769384 16 storage/engine/rocksdb.go:119          Options.compression_opts.zstd_max_train_bytes: 0
I191202 07:18:04.769416 16 storage/engine/rocksdb.go:119                   Options.compression_opts.enabled: false
I191202 07:18:04.769449 16 storage/engine/rocksdb.go:119       Options.level0_file_num_compaction_trigger: 2
I191202 07:18:04.769482 16 storage/engine/rocksdb.go:119           Options.level0_slowdown_writes_trigger: 950
I191202 07:18:04.769514 16 storage/engine/rocksdb.go:119               Options.level0_stop_writes_trigger: 1000
I191202 07:18:04.769547 16 storage/engine/rocksdb.go:119                    Options.target_file_size_base: 4194304
I191202 07:18:04.769590 16 storage/engine/rocksdb.go:119              Options.target_file_size_multiplier: 2
I191202 07:18:04.769624 16 storage/engine/rocksdb.go:119                 Options.max_bytes_for_level_base: 67108864
I191202 07:18:04.769657 16 storage/engine/rocksdb.go:119  Options.level_compaction_dynamic_level_bytes: 1
I191202 07:18:04.769696 16 storage/engine/rocksdb.go:119           Options.max_bytes_for_level_multiplier: 10.000000
I191202 07:18:04.769731 16 storage/engine/rocksdb.go:119  Options.max_bytes_for_level_multiplier_addtl[0]: 1
I191202 07:18:04.769764 16 storage/engine/rocksdb.go:119  Options.max_bytes_for_level_multiplier_addtl[1]: 1
I191202 07:18:04.769797 16 storage/engine/rocksdb.go:119  Options.max_bytes_for_level_multiplier_addtl[2]: 1
I191202 07:18:04.769830 16 storage/engine/rocksdb.go:119  Options.max_bytes_for_level_multiplier_addtl[3]: 1
I191202 07:18:04.769863 16 storage/engine/rocksdb.go:119  Options.max_bytes_for_level_multiplier_addtl[4]: 1
I191202 07:18:04.769896 16 storage/engine/rocksdb.go:119  Options.max_bytes_for_level_multiplier_addtl[5]: 1
I191202 07:18:04.769955 16 storage/engine/rocksdb.go:119  Options.max_bytes_for_level_multiplier_addtl[6]: 1
I191202 07:18:04.769984 16 storage/engine/rocksdb.go:119        Options.max_sequential_skip_in_iterations: 8
I191202 07:18:04.770012 16 storage/engine/rocksdb.go:119                     Options.max_compaction_bytes: 104857600
I191202 07:18:04.770039 16 storage/engine/rocksdb.go:119                         Options.arena_block_size: 8388608
I191202 07:18:04.770067 16 storage/engine/rocksdb.go:119    Options.soft_pending_compaction_bytes_limit: 2199023255552
I191202 07:18:04.770103 16 storage/engine/rocksdb.go:119    Options.hard_pending_compaction_bytes_limit: 4400193994752
I191202 07:18:04.770134 16 storage/engine/rocksdb.go:119        Options.rate_limit_delay_max_milliseconds: 100
I191202 07:18:04.770161 16 storage/engine/rocksdb.go:119                 Options.disable_auto_compactions: 0
I191202 07:18:04.770192 16 storage/engine/rocksdb.go:119                         Options.compaction_style: kCompactionStyleLevel
I191202 07:18:04.770222 16 storage/engine/rocksdb.go:119                           Options.compaction_pri: kMinOverlappingRatio
I191202 07:18:04.770257 16 storage/engine/rocksdb.go:119  Options.compaction_options_universal.size_ratio: 1
I191202 07:18:04.770285 16 storage/engine/rocksdb.go:119  Options.compaction_options_universal.min_merge_width: 2
I191202 07:18:04.770313 16 storage/engine/rocksdb.go:119  Options.compaction_options_universal.max_merge_width: 4294967295
I191202 07:18:04.770353 16 storage/engine/rocksdb.go:119  Options.compaction_options_universal.max_size_amplification_percent: 200
I191202 07:18:04.770382 16 storage/engine/rocksdb.go:119  Options.compaction_options_universal.compression_size_percent: -1
I191202 07:18:04.770411 16 storage/engine/rocksdb.go:119  Options.compaction_options_universal.stop_style: kCompactionStopStyleTotalSize
I191202 07:18:04.770453 16 storage/engine/rocksdb.go:119  Options.compaction_options_fifo.max_table_files_size: 1073741824
I191202 07:18:04.770485 16 storage/engine/rocksdb.go:119  Options.compaction_options_fifo.allow_compaction: 0
I191202 07:18:04.770527 16 storage/engine/rocksdb.go:119                    Options.table_properties_collectors: TimeBoundTblPropCollectorFactory; DeleteRangeTblPropCollectorFactory; 
I191202 07:18:04.770585 16 storage/engine/rocksdb.go:119                    Options.inplace_update_support: 0
I191202 07:18:04.770619 16 storage/engine/rocksdb.go:119                  Options.inplace_update_num_locks: 10000
I191202 07:18:04.770656 16 storage/engine/rocksdb.go:119                Options.memtable_prefix_bloom_size_ratio: 0.000000
I191202 07:18:04.770688 16 storage/engine/rocksdb.go:119                Options.memtable_whole_key_filtering: 0
I191202 07:18:04.770722 16 storage/engine/rocksdb.go:119    Options.memtable_huge_page_size: 0
I191202 07:18:04.770754 16 storage/engine/rocksdb.go:119                            Options.bloom_locality: 0
I191202 07:18:04.770787 16 storage/engine/rocksdb.go:119                     Options.max_successive_merges: 0
I191202 07:18:04.770820 16 storage/engine/rocksdb.go:119                 Options.optimize_filters_for_hits: 1
I191202 07:18:04.770853 16 storage/engine/rocksdb.go:119                 Options.paranoid_file_checks: 0
I191202 07:18:04.770886 16 storage/engine/rocksdb.go:119                 Options.force_consistency_checks: 0
I191202 07:18:04.770919 16 storage/engine/rocksdb.go:119                 Options.report_bg_io_stats: 0
I191202 07:18:04.770952 16 storage/engine/rocksdb.go:119                                Options.ttl: 0
I191202 07:18:04.771011 16 storage/engine/rocksdb.go:119           Options.periodic_compaction_seconds: 0
I191202 07:18:04.773404 16 storage/engine/rocksdb.go:119  [db/version_set.cc:4286] Recovered from manifest file:/var/www/micronaut-crud/databases/cockroach-data/cockroach-temp058482426/MANIFEST-000001 succeeded,manifest_file_number is 1, next_file_number is 3, last_sequence is 0, log_number is 0,prev_log_number is 0,max_column_family is 0,min_log_number_to_keep is 0
I191202 07:18:04.773441 16 storage/engine/rocksdb.go:119  [db/version_set.cc:4295] Column family [default] (ID 0), log number is 0
I191202 07:18:04.836075 16 storage/engine/rocksdb.go:119  DB pointer 0x7fad8058b000
I191202 07:18:04.858837 16 storage/engine/rocksdb.go:119  RocksDB version: 6.2.1
I191202 07:18:04.858867 16 storage/engine/rocksdb.go:119  Git sha rocksdb_build_git_sha:@b7009236531fa784872f4823eabf393501e41bf2@
I191202 07:18:04.858888 16 storage/engine/rocksdb.go:119  Compile date Nov 12 2019
I191202 07:18:04.858911 16 storage/engine/rocksdb.go:119  DB SUMMARY
I191202 07:18:04.859010 16 storage/engine/rocksdb.go:119  SST files in /var/www/micronaut-crud/databases/cockroach-data dir, Total Num: 0, files: 
I191202 07:18:04.859036 16 storage/engine/rocksdb.go:119  Write Ahead Log file in /var/www/micronaut-crud/databases/cockroach-data: 
I191202 07:18:04.859060 16 storage/engine/rocksdb.go:119                          Options.error_if_exists: 0
I191202 07:18:04.859084 16 storage/engine/rocksdb.go:119                        Options.create_if_missing: 1
I191202 07:18:04.859112 16 storage/engine/rocksdb.go:119                          Options.paranoid_checks: 1
I191202 07:18:04.859134 16 storage/engine/rocksdb.go:119                                      Options.env: 0x742ca80
I191202 07:18:04.859156 16 storage/engine/rocksdb.go:119                                 Options.info_log: 0x7fad8048b0e0
I191202 07:18:04.859177 16 storage/engine/rocksdb.go:119                 Options.max_file_opening_threads: 16
I191202 07:18:04.859198 16 storage/engine/rocksdb.go:119                               Options.statistics: 0x7fad8041d940
I191202 07:18:04.859232 16 storage/engine/rocksdb.go:119                                Options.use_fsync: 0
I191202 07:18:04.859260 16 storage/engine/rocksdb.go:119                        Options.max_log_file_size: 0
I191202 07:18:04.859289 16 storage/engine/rocksdb.go:119                   Options.max_manifest_file_size: 134217728
I191202 07:18:04.859316 16 storage/engine/rocksdb.go:119                    Options.log_file_time_to_roll: 0
I191202 07:18:04.859344 16 storage/engine/rocksdb.go:119                        Options.keep_log_file_num: 1000
I191202 07:18:04.859372 16 storage/engine/rocksdb.go:119                     Options.recycle_log_file_num: 1
I191202 07:18:04.859400 16 storage/engine/rocksdb.go:119                          Options.allow_fallocate: 1
I191202 07:18:04.859428 16 storage/engine/rocksdb.go:119                         Options.allow_mmap_reads: 0
I191202 07:18:04.859456 16 storage/engine/rocksdb.go:119                        Options.allow_mmap_writes: 0
I191202 07:18:04.859483 16 storage/engine/rocksdb.go:119                         Options.use_direct_reads: 0
I191202 07:18:04.859511 16 storage/engine/rocksdb.go:119                         Options.use_direct_io_for_flush_and_compaction: 0
I191202 07:18:04.859540 16 storage/engine/rocksdb.go:119           Options.create_missing_column_families: 0
I191202 07:18:04.859567 16 storage/engine/rocksdb.go:119                               Options.db_log_dir: 
I191202 07:18:04.859595 16 storage/engine/rocksdb.go:119                                  Options.wal_dir: /var/www/micronaut-crud/databases/cockroach-data
I191202 07:18:04.859623 16 storage/engine/rocksdb.go:119                 Options.table_cache_numshardbits: 6
I191202 07:18:04.859651 16 storage/engine/rocksdb.go:119                       Options.max_subcompactions: 1
I191202 07:18:04.859680 16 storage/engine/rocksdb.go:119                   Options.max_background_flushes: -1
I191202 07:18:04.859709 16 storage/engine/rocksdb.go:119                          Options.WAL_ttl_seconds: 0
I191202 07:18:04.859736 16 storage/engine/rocksdb.go:119                        Options.WAL_size_limit_MB: 0
I191202 07:18:04.859764 16 storage/engine/rocksdb.go:119              Options.manifest_preallocation_size: 4194304
I191202 07:18:04.859792 16 storage/engine/rocksdb.go:119                      Options.is_fd_close_on_exec: 1
I191202 07:18:04.859820 16 storage/engine/rocksdb.go:119                    Options.advise_random_on_open: 1
I191202 07:18:04.859847 16 storage/engine/rocksdb.go:119                     Options.db_write_buffer_size: 0
I191202 07:18:04.859874 16 storage/engine/rocksdb.go:119                     Options.write_buffer_manager: 0x7fad804611f0
I191202 07:18:04.859902 16 storage/engine/rocksdb.go:119          Options.access_hint_on_compaction_start: 1
I191202 07:18:04.859930 16 storage/engine/rocksdb.go:119   Options.new_table_reader_for_compaction_inputs: 0
I191202 07:18:04.859957 16 storage/engine/rocksdb.go:119            Options.random_access_max_buffer_size: 1048576
I191202 07:18:04.859985 16 storage/engine/rocksdb.go:119                       Options.use_adaptive_mutex: 0
I191202 07:18:04.860012 16 storage/engine/rocksdb.go:119                             Options.rate_limiter: (nil)
I191202 07:18:04.860041 16 storage/engine/rocksdb.go:119      Options.sst_file_manager.rate_bytes_per_sec: 0
I191202 07:18:04.860068 16 storage/engine/rocksdb.go:119                        Options.wal_recovery_mode: 0
I191202 07:18:04.860096 16 storage/engine/rocksdb.go:119                   Options.enable_thread_tracking: 0
I191202 07:18:04.860132 16 storage/engine/rocksdb.go:119                   Options.enable_pipelined_write: 0
I191202 07:18:04.860160 16 storage/engine/rocksdb.go:119          Options.allow_concurrent_memtable_write: 1
I191202 07:18:04.860188 16 storage/engine/rocksdb.go:119       Options.enable_write_thread_adaptive_yield: 1
I191202 07:18:04.860216 16 storage/engine/rocksdb.go:119              Options.write_thread_max_yield_usec: 100
I191202 07:18:04.860243 16 storage/engine/rocksdb.go:119             Options.write_thread_slow_yield_usec: 3
I191202 07:18:04.860270 16 storage/engine/rocksdb.go:119                                Options.row_cache: None
I191202 07:18:04.860298 16 storage/engine/rocksdb.go:119                               Options.wal_filter: None
I191202 07:18:04.860325 16 storage/engine/rocksdb.go:119              Options.avoid_flush_during_recovery: 0
I191202 07:18:04.860355 16 storage/engine/rocksdb.go:119              Options.allow_ingest_behind: 0
I191202 07:18:04.860384 16 storage/engine/rocksdb.go:119              Options.preserve_deletes: 0
I191202 07:18:04.860411 16 storage/engine/rocksdb.go:119              Options.two_write_queues: 0
I191202 07:18:04.860438 16 storage/engine/rocksdb.go:119              Options.manual_wal_flush: 1
I191202 07:18:04.860467 16 storage/engine/rocksdb.go:119              Options.atomic_flush: 0
I191202 07:18:04.860494 16 storage/engine/rocksdb.go:119              Options.avoid_unnecessary_blocking_io: 0
I191202 07:18:04.860522 16 storage/engine/rocksdb.go:119              Options.max_background_jobs: 4
I191202 07:18:04.860549 16 storage/engine/rocksdb.go:119              Options.max_background_compactions: -1
I191202 07:18:04.860577 16 storage/engine/rocksdb.go:119              Options.avoid_flush_during_shutdown: 0
I191202 07:18:04.860605 16 storage/engine/rocksdb.go:119            Options.writable_file_max_buffer_size: 1048576
I191202 07:18:04.860633 16 storage/engine/rocksdb.go:119              Options.delayed_write_rate : 16777216
I191202 07:18:04.860660 16 storage/engine/rocksdb.go:119              Options.max_total_wal_size: 0
I191202 07:18:04.860688 16 storage/engine/rocksdb.go:119              Options.delete_obsolete_files_period_micros: 21600000000
I191202 07:18:04.860716 16 storage/engine/rocksdb.go:119                    Options.stats_dump_period_sec: 0
I191202 07:18:04.860744 16 storage/engine/rocksdb.go:119                  Options.stats_persist_period_sec: 600
I191202 07:18:04.860774 16 storage/engine/rocksdb.go:119                  Options.stats_history_buffer_size: 1048576
I191202 07:18:04.860802 16 storage/engine/rocksdb.go:119                           Options.max_open_files: 10000
I191202 07:18:04.860830 16 storage/engine/rocksdb.go:119                           Options.bytes_per_sync: 524288
I191202 07:18:04.860858 16 storage/engine/rocksdb.go:119                       Options.wal_bytes_per_sync: 0
I191202 07:18:04.860885 16 storage/engine/rocksdb.go:119                    Options.strict_bytes_per_sync: 1
I191202 07:18:04.860914 16 storage/engine/rocksdb.go:119        Options.compaction_readahead_size: 0
I191202 07:18:04.860940 16 storage/engine/rocksdb.go:119  Compression algorithms supported:
I191202 07:18:04.860970 16 storage/engine/rocksdb.go:119  	kZSTDNotFinalCompression supported: 0
I191202 07:18:04.860998 16 storage/engine/rocksdb.go:119  	kZSTD supported: 0
I191202 07:18:04.861027 16 storage/engine/rocksdb.go:119  	kXpressCompression supported: 0
I191202 07:18:04.861055 16 storage/engine/rocksdb.go:119  	kLZ4HCCompression supported: 0
I191202 07:18:04.861084 16 storage/engine/rocksdb.go:119  	kLZ4Compression supported: 0
I191202 07:18:04.861112 16 storage/engine/rocksdb.go:119  	kBZip2Compression supported: 0
I191202 07:18:04.861141 16 storage/engine/rocksdb.go:119  	kZlibCompression supported: 0
I191202 07:18:04.861168 16 storage/engine/rocksdb.go:119  	kSnappyCompression supported: 1
I191202 07:18:04.861202 16 storage/engine/rocksdb.go:119  Fast CRC32 supported: Supported on x86
I191202 07:18:04.861391 16 storage/engine/rocksdb.go:119  [db/db_impl_open.cc:242] Creating manifest 1 
I191202 07:18:04.990951 16 storage/engine/rocksdb.go:119  [db/version_set.cc:4072] Recovering from manifest file: /var/www/micronaut-crud/databases/cockroach-data/MANIFEST-000001
I191202 07:18:04.991442 16 storage/engine/rocksdb.go:119  [db/column_family.cc:488] --------------- Options for column family [default]:
I191202 07:18:04.991481 16 storage/engine/rocksdb.go:119                Options.comparator: cockroach_comparator
I191202 07:18:04.991515 16 storage/engine/rocksdb.go:119            Options.merge_operator: cockroach_merge_operator
I191202 07:18:04.991549 16 storage/engine/rocksdb.go:119         Options.compaction_filter: None
I191202 07:18:04.991582 16 storage/engine/rocksdb.go:119         Options.compaction_filter_factory: None
I191202 07:18:04.991615 16 storage/engine/rocksdb.go:119          Options.memtable_factory: SkipListFactory
I191202 07:18:04.991648 16 storage/engine/rocksdb.go:119             Options.table_factory: BlockBasedTable
I191202 07:18:04.991790 16 storage/engine/rocksdb.go:119             table_factory options:   flush_block_policy_factory: FlushBlockBySizePolicyFactory (0x7fad804240a0)
  cache_index_and_filter_blocks: 0
  cache_index_and_filter_blocks_with_high_priority: 0
  pin_l0_filter_and_index_blocks_in_cache: 0
  pin_top_level_index_and_filter: 1
  index_type: 0
  data_block_index_type: 0
  index_shortening: 1
  data_block_hash_table_util_ratio: 0.750000
  hash_index_allow_collision: 1
  checksum: 1
  no_block_cache: 0
  block_cache: 0x7fad805a3c10
  block_cache_name: LRUCache
  block_cache_options:
    capacity : 67108864
    num_shard_bits : 4
    strict_capacity_limit : 0
    memory_allocator : None
    high_pri_pool_ratio: 0.000
  block_cache_compressed: (nil)
  persistent_cache: (nil)
  block_size: 32768
  block_size_deviation: 10
  block_restart_interval: 16
  index_block_restart_interval: 1
  metadata_block_size: 4096
  partition_filters: 0
  use_delta_encoding: 1
  filter_policy: rocksdb.BuiltinBloomFilter
  whole_key_filtering: 0
  verify_compression: 0
  read_amp_bytes_per_bit: 0
  format_version: 2
  enable_index_compression: 1
  block_align: 0
I191202 07:18:04.991833 16 storage/engine/rocksdb.go:119         Options.write_buffer_size: 67108864
I191202 07:18:04.991874 16 storage/engine/rocksdb.go:119   Options.max_write_buffer_number: 4
I191202 07:18:04.991908 16 storage/engine/rocksdb.go:119           Options.compression: Snappy
I191202 07:18:04.991977 16 storage/engine/rocksdb.go:119                   Options.bottommost_compression: Disabled
I191202 07:18:04.992007 16 storage/engine/rocksdb.go:119        Options.prefix_extractor: cockroach_prefix_extractor
I191202 07:18:04.992045 16 storage/engine/rocksdb.go:119    Options.memtable_insert_with_hint_prefix_extractor: nullptr
I191202 07:18:04.992078 16 storage/engine/rocksdb.go:119              Options.num_levels: 7
I191202 07:18:04.992111 16 storage/engine/rocksdb.go:119         Options.min_write_buffer_number_to_merge: 1
I191202 07:18:04.992143 16 storage/engine/rocksdb.go:119      Options.max_write_buffer_number_to_maintain: 0
I191202 07:18:04.992177 16 storage/engine/rocksdb.go:119             Options.bottommost_compression_opts.window_bits: -14
I191202 07:18:04.992210 16 storage/engine/rocksdb.go:119                   Options.bottommost_compression_opts.level: 32767
I191202 07:18:04.992242 16 storage/engine/rocksdb.go:119                Options.bottommost_compression_opts.strategy: 0
I191202 07:18:04.992275 16 storage/engine/rocksdb.go:119          Options.bottommost_compression_opts.max_dict_bytes: 0
I191202 07:18:04.992308 16 storage/engine/rocksdb.go:119          Options.bottommost_compression_opts.zstd_max_train_bytes: 0
I191202 07:18:04.992341 16 storage/engine/rocksdb.go:119                   Options.bottommost_compression_opts.enabled: false
I191202 07:18:04.992374 16 storage/engine/rocksdb.go:119             Options.compression_opts.window_bits: -14
I191202 07:18:04.992407 16 storage/engine/rocksdb.go:119                   Options.compression_opts.level: 32767
I191202 07:18:04.992448 16 storage/engine/rocksdb.go:119                Options.compression_opts.strategy: 0
I191202 07:18:04.992481 16 storage/engine/rocksdb.go:119          Options.compression_opts.max_dict_bytes: 0
I191202 07:18:04.992515 16 storage/engine/rocksdb.go:119          Options.compression_opts.zstd_max_train_bytes: 0
I191202 07:18:04.992547 16 storage/engine/rocksdb.go:119                   Options.compression_opts.enabled: false
I191202 07:18:04.992579 16 storage/engine/rocksdb.go:119       Options.level0_file_num_compaction_trigger: 2
I191202 07:18:04.992612 16 storage/engine/rocksdb.go:119           Options.level0_slowdown_writes_trigger: 950
I191202 07:18:04.992645 16 storage/engine/rocksdb.go:119               Options.level0_stop_writes_trigger: 1000
I191202 07:18:04.992677 16 storage/engine/rocksdb.go:119                    Options.target_file_size_base: 4194304
I191202 07:18:04.992709 16 storage/engine/rocksdb.go:119              Options.target_file_size_multiplier: 2
I191202 07:18:04.992758 16 storage/engine/rocksdb.go:119                 Options.max_bytes_for_level_base: 67108864
I191202 07:18:04.992792 16 storage/engine/rocksdb.go:119  Options.level_compaction_dynamic_level_bytes: 1
I191202 07:18:04.992832 16 storage/engine/rocksdb.go:119           Options.max_bytes_for_level_multiplier: 10.000000
I191202 07:18:04.992865 16 storage/engine/rocksdb.go:119  Options.max_bytes_for_level_multiplier_addtl[0]: 1
I191202 07:18:04.992898 16 storage/engine/rocksdb.go:119  Options.max_bytes_for_level_multiplier_addtl[1]: 1
I191202 07:18:04.992931 16 storage/engine/rocksdb.go:119  Options.max_bytes_for_level_multiplier_addtl[2]: 1
I191202 07:18:04.992964 16 storage/engine/rocksdb.go:119  Options.max_bytes_for_level_multiplier_addtl[3]: 1
I191202 07:18:04.992997 16 storage/engine/rocksdb.go:119  Options.max_bytes_for_level_multiplier_addtl[4]: 1
I191202 07:18:04.993030 16 storage/engine/rocksdb.go:119  Options.max_bytes_for_level_multiplier_addtl[5]: 1
I191202 07:18:04.993063 16 storage/engine/rocksdb.go:119  Options.max_bytes_for_level_multiplier_addtl[6]: 1
I191202 07:18:04.993095 16 storage/engine/rocksdb.go:119        Options.max_sequential_skip_in_iterations: 8
I191202 07:18:04.993131 16 storage/engine/rocksdb.go:119                     Options.max_compaction_bytes: 104857600
I191202 07:18:04.993163 16 storage/engine/rocksdb.go:119                         Options.arena_block_size: 8388608
I191202 07:18:04.993196 16 storage/engine/rocksdb.go:119    Options.soft_pending_compaction_bytes_limit: 2199023255552
I191202 07:18:04.993229 16 storage/engine/rocksdb.go:119    Options.hard_pending_compaction_bytes_limit: 4400193994752
I191202 07:18:04.993262 16 storage/engine/rocksdb.go:119        Options.rate_limit_delay_max_milliseconds: 100
I191202 07:18:04.993295 16 storage/engine/rocksdb.go:119                 Options.disable_auto_compactions: 0
I191202 07:18:04.993331 16 storage/engine/rocksdb.go:119                         Options.compaction_style: kCompactionStyleLevel
I191202 07:18:04.993367 16 storage/engine/rocksdb.go:119                           Options.compaction_pri: kMinOverlappingRatio
I191202 07:18:04.993400 16 storage/engine/rocksdb.go:119  Options.compaction_options_universal.size_ratio: 1
I191202 07:18:04.993432 16 storage/engine/rocksdb.go:119  Options.compaction_options_universal.min_merge_width: 2
I191202 07:18:04.993466 16 storage/engine/rocksdb.go:119  Options.compaction_options_universal.max_merge_width: 4294967295
I191202 07:18:04.993499 16 storage/engine/rocksdb.go:119  Options.compaction_options_universal.max_size_amplification_percent: 200
I191202 07:18:04.993548 16 storage/engine/rocksdb.go:119  Options.compaction_options_universal.compression_size_percent: -1
I191202 07:18:04.993586 16 storage/engine/rocksdb.go:119  Options.compaction_options_universal.stop_style: kCompactionStopStyleTotalSize
I191202 07:18:04.993619 16 storage/engine/rocksdb.go:119  Options.compaction_options_fifo.max_table_files_size: 1073741824
I191202 07:18:04.993661 16 storage/engine/rocksdb.go:119  Options.compaction_options_fifo.allow_compaction: 0
I191202 07:18:04.993702 16 storage/engine/rocksdb.go:119                    Options.table_properties_collectors: TimeBoundTblPropCollectorFactory; DeleteRangeTblPropCollectorFactory; 
I191202 07:18:04.993740 16 storage/engine/rocksdb.go:119                    Options.inplace_update_support: 0
I191202 07:18:04.993774 16 storage/engine/rocksdb.go:119                  Options.inplace_update_num_locks: 10000
I191202 07:18:04.993810 16 storage/engine/rocksdb.go:119                Options.memtable_prefix_bloom_size_ratio: 0.000000
I191202 07:18:04.993843 16 storage/engine/rocksdb.go:119                Options.memtable_whole_key_filtering: 0
I191202 07:18:04.993876 16 storage/engine/rocksdb.go:119    Options.memtable_huge_page_size: 0
I191202 07:18:04.993909 16 storage/engine/rocksdb.go:119                            Options.bloom_locality: 0
I191202 07:18:04.993944 16 storage/engine/rocksdb.go:119                     Options.max_successive_merges: 0
I191202 07:18:04.993977 16 storage/engine/rocksdb.go:119                 Options.optimize_filters_for_hits: 1
I191202 07:18:04.994010 16 storage/engine/rocksdb.go:119                 Options.paranoid_file_checks: 0
I191202 07:18:04.994042 16 storage/engine/rocksdb.go:119                 Options.force_consistency_checks: 0
I191202 07:18:04.994075 16 storage/engine/rocksdb.go:119                 Options.report_bg_io_stats: 0
I191202 07:18:04.994107 16 storage/engine/rocksdb.go:119                                Options.ttl: 0
I191202 07:18:04.994141 16 storage/engine/rocksdb.go:119           Options.periodic_compaction_seconds: 0
I191202 07:18:04.996057 16 storage/engine/rocksdb.go:119  [db/version_set.cc:4286] Recovered from manifest file:/var/www/micronaut-crud/databases/cockroach-data/MANIFEST-000001 succeeded,manifest_file_number is 1, next_file_number is 3, last_sequence is 0, log_number is 0,prev_log_number is 0,max_column_family is 0,min_log_number_to_keep is 0
I191202 07:18:04.996099 16 storage/engine/rocksdb.go:119  [db/version_set.cc:4295] Column family [default] (ID 0), log number is 0
I191202 07:18:05.048259 16 storage/engine/rocksdb.go:119  DB pointer 0x7fad8058d800
I191202 08:03:36.636057 134 storage/engine/rocksdb.go:119  [db/db_impl_write.cc:1437] [default] New memtable created with log file: #6. Immutable memtables: 0.
I191202 08:03:36.636740 17 storage/engine/rocksdb.go:119  (Original Log Time 2019/12/02-03:03:36.636411) [db/db_impl_compaction_flush.cc:2097] Calling FlushMemTableToOutputFile with column family [default], flush slots available 1, compaction slots available 1, flush slots scheduled 1, compaction slots scheduled 0
I191202 08:03:36.636795 17 storage/engine/rocksdb.go:119  [db/flush_job.cc:322] [default] [JOB 2] Flushing memtable with next log file: 6
I191202 08:03:36.636979 17 storage/engine/rocksdb.go:119  EVENT_LOG_v1 {"time_micros": 1575273816636889, "job": 2, "event": "flush_started", "num_memtables": 1, "num_entries": 214625, "num_deletes": 6112, "total_data_size": 61027194, "memory_usage": 65027624, "flush_reason": "Write Buffer Full"}
I191202 08:03:36.637033 17 storage/engine/rocksdb.go:119  [db/flush_job.cc:351] [default] [JOB 2] Level-0 flush table #7: started
I191202 08:03:39.454865 17 storage/engine/rocksdb.go:119  EVENT_LOG_v1 {"time_micros": 1575273819454485, "cf_name": "default", "job": 2, "event": "table_file_creation", "file_number": 7, "file_size": 434347, "table_properties": {"data_size": 421265, "index_size": 4678, "index_partitions": 0, "top_level_index_size": 0, "index_key_is_user_key": 0, "index_value_is_delta_encoded": 0, "filter_size": 9541, "raw_key_size": 270795, "raw_average_key_size": 31, "raw_value_size": 2225742, "raw_average_value_size": 256, "num_data_blocks": 73, "num_entries": 8662, "num_deletions": 5956, "num_merge_operands": 1328, "num_range_deletions": 1328, "format_version": 0, "fixed_key_len": 0, "filter_policy": "rocksdb.BuiltinBloomFilter", "column_family_name": "default", "column_family_id": 0, "comparator": "cockroach_comparator", "merge_operator": "cockroach_merge_operator", "prefix_extractor_name": "cockroach_prefix_extractor", "property_collectors": "[TimeBoundTblPropCollectorFactory,DeleteRangeTblPropCollectorFactory]", "compression": "Snappy", "compression_options": "window_bits=-14; level=32767; strategy=0; max_dict_bytes=0; zstd_max_train_bytes=0; enabled=0; ", "creation_time": 1575273816, "oldest_key_time": 1575271085, "file_creation_time": 1575273816}}
I191202 08:03:39.454938 17 storage/engine/rocksdb.go:119  [db/flush_job.cc:392] [default] [JOB 2] Level-0 flush table #7: 434347 bytes OK
I191202 08:03:39.476050 17 storage/engine/rocksdb.go:119  [db/version_set.cc:3560] Creating manifest 8
I191202 08:03:39.577148 17 storage/engine/rocksdb.go:119  [db/db_impl_files.cc:194] adding log 3 to recycle list
I191202 08:03:39.577229 17 storage/engine/rocksdb.go:119  (Original Log Time 2019/12/02-03:03:39.475888) [db/memtable_list.cc:386] [default] Level-0 commit table #7 started
I191202 08:03:39.577281 17 storage/engine/rocksdb.go:119  (Original Log Time 2019/12/02-03:03:39.576661) [db/memtable_list.cc:434] [default] Level-0 commit table #7: memtable #1 done
I191202 08:03:39.577333 17 storage/engine/rocksdb.go:119  (Original Log Time 2019/12/02-03:03:39.576758) EVENT_LOG_v1 {"time_micros": 1575273819576713, "job": 2, "event": "flush_finished", "output_compression": "Snappy", "lsm_state": [1, 0, 0, 0, 0, 0, 0], "immutable_memtables": 0}
I191202 08:03:39.577397 17 storage/engine/rocksdb.go:119  (Original Log Time 2019/12/02-03:03:39.576822) [db/db_impl_compaction_flush.cc:208] [default] Level summary: files[1 0 0 0 0 0 0] max score 0.50
I191202 08:03:39.577465 17 storage/engine/rocksdb.go:119  [db/db_impl_files.cc:356] [JOB 2] Try to delete WAL files size 59650619, prev total WAL file size 59732083, number of live WAL files 2.
I191202 08:32:17.662837 17 storage/engine/rocksdb.go:119  [db/compaction_job.cc:1647] [default] [JOB 3] Compacting 1@0 files to L0, score 0.00
I191202 08:32:17.662882 17 storage/engine/rocksdb.go:119  [db/compaction_job.cc:1651] [default] Compaction start summary: Base version 2 Base level 0, inputs: [7(424KB)]
I191202 08:32:17.663054 17 storage/engine/rocksdb.go:119  EVENT_LOG_v1 {"time_micros": 1575275537662924, "job": 3, "event": "compaction_started", "compaction_reason": "BottommostFiles", "files_L0": [7], "score": 0, "input_data_size": 434347}
I191202 08:32:17.872139 17 storage/engine/rocksdb.go:119  [db/compaction_job.cc:1334] [default] [JOB 3] Generated table #9: 2706 keys, 354275 bytes
I191202 08:32:17.872313 17 storage/engine/rocksdb.go:119  EVENT_LOG_v1 {"time_micros": 1575275537872195, "cf_name": "default", "job": 3, "event": "table_file_creation", "file_number": 9, "file_size": 354275, "table_properties": {"data_size": 351206, "index_size": 4470, "index_partitions": 0, "top_level_index_size": 0, "index_key_is_user_key": 0, "index_value_is_delta_encoded": 0, "filter_size": 0, "raw_key_size": 114166, "raw_average_key_size": 42, "raw_value_size": 2153139, "raw_average_value_size": 795, "num_data_blocks": 69, "num_entries": 2706, "num_deletions": 0, "num_merge_operands": 0, "num_range_deletions": 0, "format_version": 0, "fixed_key_len": 0, "filter_policy": "rocksdb.BuiltinBloomFilter", "column_family_name": "default", "column_family_id": 0, "comparator": "cockroach_comparator", "merge_operator": "cockroach_merge_operator", "prefix_extractor_name": "cockroach_prefix_extractor", "property_collectors": "[TimeBoundTblPropCollectorFactory,DeleteRangeTblPropCollectorFactory]", "compression": "Snappy", "compression_options": "window_bits=-14; level=32767; strategy=0; max_dict_bytes=0; zstd_max_train_bytes=0; enabled=0; ", "creation_time": 1575273816, "oldest_key_time": 0, "file_creation_time": 1575275537}}
I191202 08:32:17.917403 17 storage/engine/rocksdb.go:119  [db/compaction_job.cc:1397] [default] [JOB 3] Compacted 1@0 files to L0 => 354275 bytes
I191202 08:32:17.961295 17 storage/engine/rocksdb.go:119  (Original Log Time 2019/12/02-03:32:17.960937) [db/compaction_job.cc:770] [default] compacted to: files[1 0 0 0 0 0 0] max score 0.50, MB/sec: 2.1 rd, 1.7 wr, level 0, files in(0, 1) out(1) MB in(0.0, 0.4) out(0.3), read-write-amplify(0.0) write-amplify(0.0) OK, records in: 8662, records dropped: 5956 output_compression: Snappy
I191202 08:32:17.961361 17 storage/engine/rocksdb.go:119  (Original Log Time 2019/12/02-03:32:17.961030) EVENT_LOG_v1 {"time_micros": 1575275537960983, "job": 3, "event": "compaction_finished", "compaction_time_micros": 209327, "compaction_time_cpu_micros": 72663, "output_level": 0, "num_output_files": 1, "total_output_size": 354275, "num_input_records": 8662, "num_output_records": 2706, "num_subcompactions": 1, "output_compression": "Snappy", "num_single_delete_mismatches": 0, "num_single_delete_fallthrough": 0, "lsm_state": [1, 0, 0, 0, 0, 0, 0]}
I191202 08:32:17.961766 17 storage/engine/rocksdb.go:119  EVENT_LOG_v1 {"time_micros": 1575275537961731, "job": 3, "event": "table_file_deletion", "file_number": 7}
I191202 08:49:26.725151 130 storage/engine/rocksdb.go:119  [db/db_impl_open.cc:1125] reusing log 3 from recycle list
I191202 08:49:26.725674 130 storage/engine/rocksdb.go:119  [db/db_impl_write.cc:1437] [default] New memtable created with log file: #10. Immutable memtables: 0.
I191202 08:49:26.726234 17 storage/engine/rocksdb.go:119  (Original Log Time 2019/12/02-03:49:26.726123) [db/db_impl_compaction_flush.cc:2097] Calling FlushMemTableToOutputFile with column family [default], flush slots available 1, compaction slots available 1, flush slots scheduled 1, compaction slots scheduled 0
I191202 08:49:26.726278 17 storage/engine/rocksdb.go:119  [db/flush_job.cc:322] [default] [JOB 4] Flushing memtable with next log file: 10
I191202 08:49:26.726393 17 storage/engine/rocksdb.go:119  EVENT_LOG_v1 {"time_micros": 1575276566726328, "job": 4, "event": "flush_started", "num_memtables": 1, "num_entries": 214355, "num_deletes": 5791, "total_data_size": 61084621, "memory_usage": 65106560, "flush_reason": "Write Buffer Full"}
I191202 08:49:26.726437 17 storage/engine/rocksdb.go:119  [db/flush_job.cc:351] [default] [JOB 4] Level-0 flush table #11: started
I191202 08:49:29.904510 17 storage/engine/rocksdb.go:119  EVENT_LOG_v1 {"time_micros": 1575276569904204, "cf_name": "default", "job": 4, "event": "table_file_creation", "file_number": 11, "file_size": 394204, "table_properties": {"data_size": 383017, "index_size": 4510, "index_partitions": 0, "top_level_index_size": 0, "index_key_is_user_key": 0, "index_value_is_delta_encoded": 0, "filter_size": 7749, "raw_key_size": 208788, "raw_average_key_size": 28, "raw_value_size": 2203630, "raw_average_value_size": 305, "num_data_blocks": 70, "num_entries": 7213, "num_deletions": 5659, "num_merge_operands": 664, "num_range_deletions": 664, "format_version": 0, "fixed_key_len": 0, "filter_policy": "rocksdb.BuiltinBloomFilter", "column_family_name": "default", "column_family_id": 0, "comparator": "cockroach_comparator", "merge_operator": "cockroach_merge_operator", "prefix_extractor_name": "cockroach_prefix_extractor", "property_collectors": "[TimeBoundTblPropCollectorFactory,DeleteRangeTblPropCollectorFactory]", "compression": "Snappy", "compression_options": "window_bits=-14; level=32767; strategy=0; max_dict_bytes=0; zstd_max_train_bytes=0; enabled=0; ", "creation_time": 1575276566, "oldest_key_time": 1575273816, "file_creation_time": 1575276566}}
I191202 08:49:29.904589 17 storage/engine/rocksdb.go:119  [db/flush_job.cc:392] [default] [JOB 4] Level-0 flush table #11: 394204 bytes OK
I191202 08:49:29.970432 17 storage/engine/rocksdb.go:119  [db/db_impl_files.cc:194] adding log 6 to recycle list
I191202 08:49:29.970541 17 storage/engine/rocksdb.go:119  (Original Log Time 2019/12/02-03:49:29.925625) [db/memtable_list.cc:386] [default] Level-0 commit table #11 started
I191202 08:49:29.970584 17 storage/engine/rocksdb.go:119  (Original Log Time 2019/12/02-03:49:29.970063) [db/memtable_list.cc:434] [default] Level-0 commit table #11: memtable #1 done
I191202 08:49:29.970627 17 storage/engine/rocksdb.go:119  (Original Log Time 2019/12/02-03:49:29.970158) EVENT_LOG_v1 {"time_micros": 1575276569970117, "job": 4, "event": "flush_finished", "output_compression": "Snappy", "lsm_state": [2, 0, 0, 0, 0, 0, 0], "immutable_memtables": 0}
I191202 08:49:29.970680 17 storage/engine/rocksdb.go:119  (Original Log Time 2019/12/02-03:49:29.970231) [db/db_impl_compaction_flush.cc:208] [default] Level summary: files[2 0 0 0 0 0 0] max score 1.00
I191202 08:49:29.970786 32226 storage/engine/rocksdb.go:119  [db/compaction_job.cc:1647] [default] [JOB 5] Compacting 2@0 files to L6, score 1.00
I191202 08:49:29.970838 32226 storage/engine/rocksdb.go:119  [db/compaction_job.cc:1651] [default] Compaction start summary: Base version 4 Base level 0, inputs: [11(384KB) 9(345KB)]
I191202 08:49:29.970955 32226 storage/engine/rocksdb.go:119  EVENT_LOG_v1 {"time_micros": 1575276569970876, "job": 5, "event": "compaction_started", "compaction_reason": "LevelL0FilesNum", "files_L0": [11, 9], "score": 1, "input_data_size": 748479}
I191202 08:49:30.092727 32226 storage/engine/rocksdb.go:119  [db/compaction_job.cc:1334] [default] [JOB 5] Generated table #12: 3215 keys, 637455 bytes
I191202 08:49:30.092911 32226 storage/engine/rocksdb.go:119  EVENT_LOG_v1 {"time_micros": 1575276570092784, "cf_name": "default", "job": 5, "event": "table_file_creation", "file_number": 12, "file_size": 637455, "table_properties": {"data_size": 632788, "index_size": 8590, "index_partitions": 0, "top_level_index_size": 0, "index_key_is_user_key": 0, "index_value_is_delta_encoded": 0, "filter_size": 0, "raw_key_size": 128476, "raw_average_key_size": 39, "raw_value_size": 4039525, "raw_average_value_size": 1256, "num_data_blocks": 130, "num_entries": 3215, "num_deletions": 0, "num_merge_operands": 0, "num_range_deletions": 0, "format_version": 0, "fixed_key_len": 0, "filter_policy": "rocksdb.BuiltinBloomFilter", "column_family_name": "default", "column_family_id": 0, "comparator": "cockroach_comparator", "merge_operator": "cockroach_merge_operator", "prefix_extractor_name": "cockroach_prefix_extractor", "property_collectors": "[TimeBoundTblPropCollectorFactory,DeleteRangeTblPropCollectorFactory]", "compression": "Snappy", "compression_options": "window_bits=-14; level=32767; strategy=0; max_dict_bytes=0; zstd_max_train_bytes=0; enabled=0; ", "creation_time": 1575276566, "oldest_key_time": 0, "file_creation_time": 1575276569}}
I191202 08:49:30.137843 32226 storage/engine/rocksdb.go:119  [db/compaction_job.cc:1397] [default] [JOB 5] Compacted 2@0 files to L6 => 637455 bytes
I191202 08:49:30.137977 32226 storage/engine/rocksdb.go:119  [db/version_set.cc:3086] More existing levels in DB than needed. max_bytes_for_level_multiplier may not be guaranteed.
I191202 08:49:30.181819 32226 storage/engine/rocksdb.go:119  (Original Log Time 2019/12/02-03:49:30.181399) [db/compaction_job.cc:770] [default] compacted to: base level 6 level multiplier 10.00 max bytes base 67108864 files[0 0 0 0 0 0 1] max score 0.00, MB/sec: 6.1 rd, 5.2 wr, level 6, files in(2, 0) out(1) MB in(0.7, 0.0) out(0.6), read-write-amplify(1.9) write-amplify(0.9) OK, records in: 9919, records dropped: 6040 output_compression: Snappy
I191202 08:49:30.181883 32226 storage/engine/rocksdb.go:119  (Original Log Time 2019/12/02-03:49:30.181513) EVENT_LOG_v1 {"time_micros": 1575276570181453, "job": 5, "event": "compaction_finished", "compaction_time_micros": 122030, "compaction_time_cpu_micros": 78808, "output_level": 6, "num_output_files": 1, "total_output_size": 637455, "num_input_records": 9255, "num_output_records": 3215, "num_subcompactions": 1, "output_compression": "Snappy", "num_single_delete_mismatches": 0, "num_single_delete_fallthrough": 0, "lsm_state": [0, 0, 0, 0, 0, 0, 1]}
I191202 08:49:30.182402 32226 storage/engine/rocksdb.go:119  EVENT_LOG_v1 {"time_micros": 1575276570182361, "job": 5, "event": "table_file_deletion", "file_number": 11}
I191202 08:49:30.182697 32226 storage/engine/rocksdb.go:119  EVENT_LOG_v1 {"time_micros": 1575276570182660, "job": 5, "event": "table_file_deletion", "file_number": 9}
I191202 09:08:23.640038 75147 storage/engine/rocksdb.go:119  bloom filter utility:    -nan%
I191202 09:08:23.640069 75147 storage/engine/rocksdb.go:119  [db/db_impl.cc:392] Shutdown: canceling all background work
I191202 09:08:23.640516 75147 storage/engine/rocksdb.go:119  [db/db_impl.cc:565] Shutdown complete
I191202 09:08:23.657112 75147 storage/engine/rocksdb.go:119  bloom filter utility:    15.2%
I191202 09:08:23.657145 75147 storage/engine/rocksdb.go:119  [db/db_impl.cc:392] Shutdown: canceling all background work
I191202 09:08:23.709676 75147 storage/engine/rocksdb.go:119  [db/db_impl.cc:565] Shutdown complete
