I191204 09:42:55.891626 37 util/log/clog.go:1196  [config] file created at: 2019/12/04 09:42:55
I191204 09:42:55.891626 37 util/log/clog.go:1196  [config] running on machine: proesd
I191204 09:42:55.891626 37 util/log/clog.go:1196  [config] binary: CockroachDB CCL v19.2.0 (x86_64-unknown-linux-gnu, built 2019/11/12 05:13:04, go1.12.12)
I191204 09:42:55.891626 37 util/log/clog.go:1196  [config] arguments: [cockroach start-single-node --insecure --listen-addr=localhost:26257 --http-addr=localhost:9191]
I191204 09:42:55.891626 37 util/log/clog.go:1196  line format: [IWEF]yymmdd hh:mm:ss.uuuuuu goid file:line msg utf8=✓
I191204 09:42:55.891620 37 storage/engine/rocksdb.go:119  RocksDB version: 6.2.1
I191204 09:42:55.892627 37 storage/engine/rocksdb.go:119  Git sha rocksdb_build_git_sha:@b7009236531fa784872f4823eabf393501e41bf2@
I191204 09:42:55.892654 37 storage/engine/rocksdb.go:119  Compile date Nov 12 2019
I191204 09:42:55.892679 37 storage/engine/rocksdb.go:119  DB SUMMARY
I191204 09:42:55.892776 37 storage/engine/rocksdb.go:119  SST files in /var/www/micronaut-crud/databases/cockroach-data/cockroach-temp673089697 dir, Total Num: 0, files: 
I191204 09:42:55.892817 37 storage/engine/rocksdb.go:119  Write Ahead Log file in /var/www/micronaut-crud/databases/cockroach-data/cockroach-temp673089697: 
I191204 09:42:55.892875 37 storage/engine/rocksdb.go:119                          Options.error_if_exists: 0
I191204 09:42:55.892902 37 storage/engine/rocksdb.go:119                        Options.create_if_missing: 1
I191204 09:42:55.892925 37 storage/engine/rocksdb.go:119                          Options.paranoid_checks: 1
I191204 09:42:55.892966 37 storage/engine/rocksdb.go:119                                      Options.env: 0x742ca80
I191204 09:42:55.892992 37 storage/engine/rocksdb.go:119                                 Options.info_log: 0x7fbb7c087fa0
I191204 09:42:55.893029 37 storage/engine/rocksdb.go:119                 Options.max_file_opening_threads: 16
I191204 09:42:55.893077 37 storage/engine/rocksdb.go:119                               Options.statistics: 0x7fbb7c01d8d0
I191204 09:42:55.893131 37 storage/engine/rocksdb.go:119                                Options.use_fsync: 0
I191204 09:42:55.893158 37 storage/engine/rocksdb.go:119                        Options.max_log_file_size: 0
I191204 09:42:55.893182 37 storage/engine/rocksdb.go:119                   Options.max_manifest_file_size: 134217728
I191204 09:42:55.893204 37 storage/engine/rocksdb.go:119                    Options.log_file_time_to_roll: 0
I191204 09:42:55.893227 37 storage/engine/rocksdb.go:119                        Options.keep_log_file_num: 1000
I191204 09:42:55.893263 37 storage/engine/rocksdb.go:119                     Options.recycle_log_file_num: 1
I191204 09:42:55.893286 37 storage/engine/rocksdb.go:119                          Options.allow_fallocate: 1
I191204 09:42:55.902693 37 storage/engine/rocksdb.go:119                         Options.allow_mmap_reads: 0
I191204 09:42:55.903009 37 storage/engine/rocksdb.go:119                        Options.allow_mmap_writes: 0
I191204 09:42:55.903035 37 storage/engine/rocksdb.go:119                         Options.use_direct_reads: 0
I191204 09:42:55.903060 37 storage/engine/rocksdb.go:119                         Options.use_direct_io_for_flush_and_compaction: 0
I191204 09:42:55.903083 37 storage/engine/rocksdb.go:119           Options.create_missing_column_families: 0
I191204 09:42:55.903106 37 storage/engine/rocksdb.go:119                               Options.db_log_dir: 
I191204 09:42:55.903127 37 storage/engine/rocksdb.go:119                                  Options.wal_dir: /var/www/micronaut-crud/databases/cockroach-data/cockroach-temp673089697
I191204 09:42:55.903149 37 storage/engine/rocksdb.go:119                 Options.table_cache_numshardbits: 6
I191204 09:42:55.903170 37 storage/engine/rocksdb.go:119                       Options.max_subcompactions: 1
I191204 09:42:55.903191 37 storage/engine/rocksdb.go:119                   Options.max_background_flushes: -1
I191204 09:42:55.903214 37 storage/engine/rocksdb.go:119                          Options.WAL_ttl_seconds: 0
I191204 09:42:55.903235 37 storage/engine/rocksdb.go:119                        Options.WAL_size_limit_MB: 0
I191204 09:42:55.903257 37 storage/engine/rocksdb.go:119              Options.manifest_preallocation_size: 4194304
I191204 09:42:55.903278 37 storage/engine/rocksdb.go:119                      Options.is_fd_close_on_exec: 1
I191204 09:42:55.903299 37 storage/engine/rocksdb.go:119                    Options.advise_random_on_open: 1
I191204 09:42:55.903320 37 storage/engine/rocksdb.go:119                     Options.db_write_buffer_size: 0
I191204 09:42:55.903355 37 storage/engine/rocksdb.go:119                     Options.write_buffer_manager: 0x7fbb7c060cb0
I191204 09:42:55.903377 37 storage/engine/rocksdb.go:119          Options.access_hint_on_compaction_start: 1
I191204 09:42:55.903398 37 storage/engine/rocksdb.go:119   Options.new_table_reader_for_compaction_inputs: 0
I191204 09:42:55.903419 37 storage/engine/rocksdb.go:119            Options.random_access_max_buffer_size: 1048576
I191204 09:42:55.903441 37 storage/engine/rocksdb.go:119                       Options.use_adaptive_mutex: 0
I191204 09:42:55.903461 37 storage/engine/rocksdb.go:119                             Options.rate_limiter: (nil)
I191204 09:42:55.903484 37 storage/engine/rocksdb.go:119      Options.sst_file_manager.rate_bytes_per_sec: 0
I191204 09:42:55.903505 37 storage/engine/rocksdb.go:119                        Options.wal_recovery_mode: 0
I191204 09:42:55.903526 37 storage/engine/rocksdb.go:119                   Options.enable_thread_tracking: 0
I191204 09:42:55.903547 37 storage/engine/rocksdb.go:119                   Options.enable_pipelined_write: 0
I191204 09:42:55.903569 37 storage/engine/rocksdb.go:119          Options.allow_concurrent_memtable_write: 1
I191204 09:42:55.903590 37 storage/engine/rocksdb.go:119       Options.enable_write_thread_adaptive_yield: 1
I191204 09:42:55.903612 37 storage/engine/rocksdb.go:119              Options.write_thread_max_yield_usec: 100
I191204 09:42:55.903633 37 storage/engine/rocksdb.go:119             Options.write_thread_slow_yield_usec: 3
I191204 09:42:55.903655 37 storage/engine/rocksdb.go:119                                Options.row_cache: None
I191204 09:42:55.903676 37 storage/engine/rocksdb.go:119                               Options.wal_filter: None
I191204 09:42:55.903697 37 storage/engine/rocksdb.go:119              Options.avoid_flush_during_recovery: 0
I191204 09:42:55.903720 37 storage/engine/rocksdb.go:119              Options.allow_ingest_behind: 0
I191204 09:42:55.903741 37 storage/engine/rocksdb.go:119              Options.preserve_deletes: 0
I191204 09:42:55.903762 37 storage/engine/rocksdb.go:119              Options.two_write_queues: 0
I191204 09:42:55.903783 37 storage/engine/rocksdb.go:119              Options.manual_wal_flush: 1
I191204 09:42:55.903805 37 storage/engine/rocksdb.go:119              Options.atomic_flush: 0
I191204 09:42:55.903825 37 storage/engine/rocksdb.go:119              Options.avoid_unnecessary_blocking_io: 0
I191204 09:42:55.903847 37 storage/engine/rocksdb.go:119              Options.max_background_jobs: 4
I191204 09:42:55.903868 37 storage/engine/rocksdb.go:119              Options.max_background_compactions: -1
I191204 09:42:55.903890 37 storage/engine/rocksdb.go:119              Options.avoid_flush_during_shutdown: 0
I191204 09:42:55.903911 37 storage/engine/rocksdb.go:119            Options.writable_file_max_buffer_size: 1048576
I191204 09:42:55.903932 37 storage/engine/rocksdb.go:119              Options.delayed_write_rate : 16777216
I191204 09:42:55.903956 37 storage/engine/rocksdb.go:119              Options.max_total_wal_size: 0
I191204 09:42:55.903978 37 storage/engine/rocksdb.go:119              Options.delete_obsolete_files_period_micros: 21600000000
I191204 09:42:55.903998 37 storage/engine/rocksdb.go:119                    Options.stats_dump_period_sec: 0
I191204 09:42:55.904020 37 storage/engine/rocksdb.go:119                  Options.stats_persist_period_sec: 600
I191204 09:42:55.904041 37 storage/engine/rocksdb.go:119                  Options.stats_history_buffer_size: 1048576
I191204 09:42:55.904063 37 storage/engine/rocksdb.go:119                           Options.max_open_files: 128
I191204 09:42:55.904084 37 storage/engine/rocksdb.go:119                           Options.bytes_per_sync: 524288
I191204 09:42:55.904104 37 storage/engine/rocksdb.go:119                       Options.wal_bytes_per_sync: 0
I191204 09:42:55.904126 37 storage/engine/rocksdb.go:119                    Options.strict_bytes_per_sync: 1
I191204 09:42:55.904148 37 storage/engine/rocksdb.go:119        Options.compaction_readahead_size: 0
I191204 09:42:55.904176 37 storage/engine/rocksdb.go:119  Compression algorithms supported:
I191204 09:42:55.904198 37 storage/engine/rocksdb.go:119  	kZSTDNotFinalCompression supported: 0
I191204 09:42:55.904222 37 storage/engine/rocksdb.go:119  	kZSTD supported: 0
I191204 09:42:55.904245 37 storage/engine/rocksdb.go:119  	kXpressCompression supported: 0
I191204 09:42:55.904267 37 storage/engine/rocksdb.go:119  	kLZ4HCCompression supported: 0
I191204 09:42:55.904289 37 storage/engine/rocksdb.go:119  	kLZ4Compression supported: 0
I191204 09:42:55.904310 37 storage/engine/rocksdb.go:119  	kBZip2Compression supported: 0
I191204 09:42:55.904332 37 storage/engine/rocksdb.go:119  	kZlibCompression supported: 0
I191204 09:42:55.904355 37 storage/engine/rocksdb.go:119  	kSnappyCompression supported: 1
I191204 09:42:55.904435 37 storage/engine/rocksdb.go:119  Fast CRC32 supported: Supported on x86
I191204 09:42:55.904701 37 storage/engine/rocksdb.go:119  [db/db_impl_open.cc:242] Creating manifest 1 
I191204 09:42:56.144618 37 storage/engine/rocksdb.go:119  [db/version_set.cc:4072] Recovering from manifest file: /var/www/micronaut-crud/databases/cockroach-data/cockroach-temp673089697/MANIFEST-000001
I191204 09:42:56.144971 37 storage/engine/rocksdb.go:119  [db/column_family.cc:488] --------------- Options for column family [default]:
I191204 09:42:56.145003 37 storage/engine/rocksdb.go:119                Options.comparator: cockroach_comparator
I191204 09:42:56.145032 37 storage/engine/rocksdb.go:119            Options.merge_operator: cockroach_merge_operator
I191204 09:42:56.145061 37 storage/engine/rocksdb.go:119         Options.compaction_filter: None
I191204 09:42:56.145088 37 storage/engine/rocksdb.go:119         Options.compaction_filter_factory: None
I191204 09:42:56.145117 37 storage/engine/rocksdb.go:119          Options.memtable_factory: SkipListFactory
I191204 09:42:56.145145 37 storage/engine/rocksdb.go:119             Options.table_factory: BlockBasedTable
I191204 09:42:56.145314 37 storage/engine/rocksdb.go:119             table_factory options:   flush_block_policy_factory: FlushBlockBySizePolicyFactory (0x7fbb7c024040)
  cache_index_and_filter_blocks: 0
  cache_index_and_filter_blocks_with_high_priority: 0
  pin_l0_filter_and_index_blocks_in_cache: 0
  pin_top_level_index_and_filter: 1
  index_type: 0
  data_block_index_type: 0
  index_shortening: 1
  data_block_hash_table_util_ratio: 0.750000
  hash_index_allow_collision: 1
  checksum: 1
  no_block_cache: 0
  block_cache: 0x7fbb7c04b210
  block_cache_name: LRUCache
  block_cache_options:
    capacity : 1048576
    num_shard_bits : 4
    strict_capacity_limit : 0
    memory_allocator : None
    high_pri_pool_ratio: 0.000
  block_cache_compressed: (nil)
  persistent_cache: (nil)
  block_size: 32768
  block_size_deviation: 10
  block_restart_interval: 16
  index_block_restart_interval: 1
  metadata_block_size: 4096
  partition_filters: 0
  use_delta_encoding: 1
  filter_policy: rocksdb.BuiltinBloomFilter
  whole_key_filtering: 0
  verify_compression: 0
  read_amp_bytes_per_bit: 0
  format_version: 2
  enable_index_compression: 1
  block_align: 0
I191204 09:42:56.145353 37 storage/engine/rocksdb.go:119         Options.write_buffer_size: 67108864
I191204 09:42:56.145387 37 storage/engine/rocksdb.go:119   Options.max_write_buffer_number: 4
I191204 09:42:56.145416 37 storage/engine/rocksdb.go:119           Options.compression: Snappy
I191204 09:42:56.145444 37 storage/engine/rocksdb.go:119                   Options.bottommost_compression: Disabled
I191204 09:42:56.145473 37 storage/engine/rocksdb.go:119        Options.prefix_extractor: cockroach_prefix_extractor
I191204 09:42:56.145500 37 storage/engine/rocksdb.go:119    Options.memtable_insert_with_hint_prefix_extractor: nullptr
I191204 09:42:56.145529 37 storage/engine/rocksdb.go:119              Options.num_levels: 7
I191204 09:42:56.145557 37 storage/engine/rocksdb.go:119         Options.min_write_buffer_number_to_merge: 1
I191204 09:42:56.145585 37 storage/engine/rocksdb.go:119      Options.max_write_buffer_number_to_maintain: 0
I191204 09:42:56.145624 37 storage/engine/rocksdb.go:119             Options.bottommost_compression_opts.window_bits: -14
I191204 09:42:56.145653 37 storage/engine/rocksdb.go:119                   Options.bottommost_compression_opts.level: 32767
I191204 09:42:56.145681 37 storage/engine/rocksdb.go:119                Options.bottommost_compression_opts.strategy: 0
I191204 09:42:56.145709 37 storage/engine/rocksdb.go:119          Options.bottommost_compression_opts.max_dict_bytes: 0
I191204 09:42:56.145738 37 storage/engine/rocksdb.go:119          Options.bottommost_compression_opts.zstd_max_train_bytes: 0
I191204 09:42:56.145766 37 storage/engine/rocksdb.go:119                   Options.bottommost_compression_opts.enabled: false
I191204 09:42:56.145794 37 storage/engine/rocksdb.go:119             Options.compression_opts.window_bits: -14
I191204 09:42:56.145823 37 storage/engine/rocksdb.go:119                   Options.compression_opts.level: 32767
I191204 09:42:56.145854 37 storage/engine/rocksdb.go:119                Options.compression_opts.strategy: 0
I191204 09:42:56.145882 37 storage/engine/rocksdb.go:119          Options.compression_opts.max_dict_bytes: 0
I191204 09:42:56.145910 37 storage/engine/rocksdb.go:119          Options.compression_opts.zstd_max_train_bytes: 0
I191204 09:42:56.145937 37 storage/engine/rocksdb.go:119                   Options.compression_opts.enabled: false
I191204 09:42:56.145965 37 storage/engine/rocksdb.go:119       Options.level0_file_num_compaction_trigger: 2
I191204 09:42:56.145993 37 storage/engine/rocksdb.go:119           Options.level0_slowdown_writes_trigger: 950
I191204 09:42:56.146021 37 storage/engine/rocksdb.go:119               Options.level0_stop_writes_trigger: 1000
I191204 09:42:56.146049 37 storage/engine/rocksdb.go:119                    Options.target_file_size_base: 4194304
I191204 09:42:56.146077 37 storage/engine/rocksdb.go:119              Options.target_file_size_multiplier: 2
I191204 09:42:56.146105 37 storage/engine/rocksdb.go:119                 Options.max_bytes_for_level_base: 67108864
I191204 09:42:56.146133 37 storage/engine/rocksdb.go:119  Options.level_compaction_dynamic_level_bytes: 1
I191204 09:42:56.146166 37 storage/engine/rocksdb.go:119           Options.max_bytes_for_level_multiplier: 10.000000
I191204 09:42:56.146196 37 storage/engine/rocksdb.go:119  Options.max_bytes_for_level_multiplier_addtl[0]: 1
I191204 09:42:56.146224 37 storage/engine/rocksdb.go:119  Options.max_bytes_for_level_multiplier_addtl[1]: 1
I191204 09:42:56.146254 37 storage/engine/rocksdb.go:119  Options.max_bytes_for_level_multiplier_addtl[2]: 1
I191204 09:42:56.146283 37 storage/engine/rocksdb.go:119  Options.max_bytes_for_level_multiplier_addtl[3]: 1
I191204 09:42:56.146310 37 storage/engine/rocksdb.go:119  Options.max_bytes_for_level_multiplier_addtl[4]: 1
I191204 09:42:56.146338 37 storage/engine/rocksdb.go:119  Options.max_bytes_for_level_multiplier_addtl[5]: 1
I191204 09:42:56.146366 37 storage/engine/rocksdb.go:119  Options.max_bytes_for_level_multiplier_addtl[6]: 1
I191204 09:42:56.146393 37 storage/engine/rocksdb.go:119        Options.max_sequential_skip_in_iterations: 8
I191204 09:42:56.146421 37 storage/engine/rocksdb.go:119                     Options.max_compaction_bytes: 104857600
I191204 09:42:56.146448 37 storage/engine/rocksdb.go:119                         Options.arena_block_size: 8388608
I191204 09:42:56.146477 37 storage/engine/rocksdb.go:119    Options.soft_pending_compaction_bytes_limit: 2199023255552
I191204 09:42:56.146505 37 storage/engine/rocksdb.go:119    Options.hard_pending_compaction_bytes_limit: 4400193994752
I191204 09:42:56.146532 37 storage/engine/rocksdb.go:119        Options.rate_limit_delay_max_milliseconds: 100
I191204 09:42:56.146560 37 storage/engine/rocksdb.go:119                 Options.disable_auto_compactions: 0
I191204 09:42:56.146592 37 storage/engine/rocksdb.go:119                         Options.compaction_style: kCompactionStyleLevel
I191204 09:42:56.146622 37 storage/engine/rocksdb.go:119                           Options.compaction_pri: kMinOverlappingRatio
I191204 09:42:56.146661 37 storage/engine/rocksdb.go:119  Options.compaction_options_universal.size_ratio: 1
I191204 09:42:56.146689 37 storage/engine/rocksdb.go:119  Options.compaction_options_universal.min_merge_width: 2
I191204 09:42:56.146717 37 storage/engine/rocksdb.go:119  Options.compaction_options_universal.max_merge_width: 4294967295
I191204 09:42:56.146745 37 storage/engine/rocksdb.go:119  Options.compaction_options_universal.max_size_amplification_percent: 200
I191204 09:42:56.146773 37 storage/engine/rocksdb.go:119  Options.compaction_options_universal.compression_size_percent: -1
I191204 09:42:56.146802 37 storage/engine/rocksdb.go:119  Options.compaction_options_universal.stop_style: kCompactionStopStyleTotalSize
I191204 09:42:56.146831 37 storage/engine/rocksdb.go:119  Options.compaction_options_fifo.max_table_files_size: 1073741824
I191204 09:42:56.146859 37 storage/engine/rocksdb.go:119  Options.compaction_options_fifo.allow_compaction: 0
I191204 09:42:56.146910 37 storage/engine/rocksdb.go:119                    Options.table_properties_collectors: TimeBoundTblPropCollectorFactory; DeleteRangeTblPropCollectorFactory; 
I191204 09:42:56.146943 37 storage/engine/rocksdb.go:119                    Options.inplace_update_support: 0
I191204 09:42:56.146971 37 storage/engine/rocksdb.go:119                  Options.inplace_update_num_locks: 10000
I191204 09:42:56.147002 37 storage/engine/rocksdb.go:119                Options.memtable_prefix_bloom_size_ratio: 0.000000
I191204 09:42:56.147030 37 storage/engine/rocksdb.go:119                Options.memtable_whole_key_filtering: 0
I191204 09:42:56.147058 37 storage/engine/rocksdb.go:119    Options.memtable_huge_page_size: 0
I191204 09:42:56.147104 37 storage/engine/rocksdb.go:119                            Options.bloom_locality: 0
I191204 09:42:56.147134 37 storage/engine/rocksdb.go:119                     Options.max_successive_merges: 0
I191204 09:42:56.147162 37 storage/engine/rocksdb.go:119                 Options.optimize_filters_for_hits: 1
I191204 09:42:56.147190 37 storage/engine/rocksdb.go:119                 Options.paranoid_file_checks: 0
I191204 09:42:56.147220 37 storage/engine/rocksdb.go:119                 Options.force_consistency_checks: 0
I191204 09:42:56.147248 37 storage/engine/rocksdb.go:119                 Options.report_bg_io_stats: 0
I191204 09:42:56.147277 37 storage/engine/rocksdb.go:119                                Options.ttl: 0
I191204 09:42:56.147305 37 storage/engine/rocksdb.go:119           Options.periodic_compaction_seconds: 0
I191204 09:42:56.149151 37 storage/engine/rocksdb.go:119  [db/version_set.cc:4286] Recovered from manifest file:/var/www/micronaut-crud/databases/cockroach-data/cockroach-temp673089697/MANIFEST-000001 succeeded,manifest_file_number is 1, next_file_number is 3, last_sequence is 0, log_number is 0,prev_log_number is 0,max_column_family is 0,min_log_number_to_keep is 0
I191204 09:42:56.149190 37 storage/engine/rocksdb.go:119  [db/version_set.cc:4295] Column family [default] (ID 0), log number is 0
I191204 09:42:56.202174 37 storage/engine/rocksdb.go:119  DB pointer 0x7fbb7c16c000
I191204 09:42:56.223149 37 storage/engine/rocksdb.go:119  RocksDB version: 6.2.1
I191204 09:42:56.223188 37 storage/engine/rocksdb.go:119  Git sha rocksdb_build_git_sha:@b7009236531fa784872f4823eabf393501e41bf2@
I191204 09:42:56.223233 37 storage/engine/rocksdb.go:119  Compile date Nov 12 2019
I191204 09:42:56.223257 37 storage/engine/rocksdb.go:119  DB SUMMARY
I191204 09:42:56.223404 37 storage/engine/rocksdb.go:119  CURRENT file:  CURRENT
I191204 09:42:56.223429 37 storage/engine/rocksdb.go:119  IDENTITY file:  IDENTITY
I191204 09:42:56.223468 37 storage/engine/rocksdb.go:119  MANIFEST file:  MANIFEST-000024 size: 157 Bytes
I191204 09:42:56.223500 37 storage/engine/rocksdb.go:119  SST files in /var/www/micronaut-crud/databases/cockroach-data dir, Total Num: 2, files: 000021.sst 000023.sst 
I191204 09:42:56.223673 37 storage/engine/rocksdb.go:119  Write Ahead Log file in /var/www/micronaut-crud/databases/cockroach-data: 000025.log size: 240325 ; 
I191204 09:42:56.223723 37 storage/engine/rocksdb.go:119                          Options.error_if_exists: 0
I191204 09:42:56.223748 37 storage/engine/rocksdb.go:119                        Options.create_if_missing: 1
I191204 09:42:56.223772 37 storage/engine/rocksdb.go:119                          Options.paranoid_checks: 1
I191204 09:42:56.223795 37 storage/engine/rocksdb.go:119                                      Options.env: 0x742ca80
I191204 09:42:56.223818 37 storage/engine/rocksdb.go:119                                 Options.info_log: 0x7fbb7c08b080
I191204 09:42:56.223855 37 storage/engine/rocksdb.go:119                 Options.max_file_opening_threads: 16
I191204 09:42:56.223878 37 storage/engine/rocksdb.go:119                               Options.statistics: 0x7fbb7c01d940
I191204 09:42:56.223901 37 storage/engine/rocksdb.go:119                                Options.use_fsync: 0
I191204 09:42:56.223924 37 storage/engine/rocksdb.go:119                        Options.max_log_file_size: 0
I191204 09:42:56.223947 37 storage/engine/rocksdb.go:119                   Options.max_manifest_file_size: 134217728
I191204 09:42:56.223970 37 storage/engine/rocksdb.go:119                    Options.log_file_time_to_roll: 0
I191204 09:42:56.223993 37 storage/engine/rocksdb.go:119                        Options.keep_log_file_num: 1000
I191204 09:42:56.224029 37 storage/engine/rocksdb.go:119                     Options.recycle_log_file_num: 1
I191204 09:42:56.224052 37 storage/engine/rocksdb.go:119                          Options.allow_fallocate: 1
I191204 09:42:56.224076 37 storage/engine/rocksdb.go:119                         Options.allow_mmap_reads: 0
I191204 09:42:56.224099 37 storage/engine/rocksdb.go:119                        Options.allow_mmap_writes: 0
I191204 09:42:56.224121 37 storage/engine/rocksdb.go:119                         Options.use_direct_reads: 0
I191204 09:42:56.224146 37 storage/engine/rocksdb.go:119                         Options.use_direct_io_for_flush_and_compaction: 0
I191204 09:42:56.224183 37 storage/engine/rocksdb.go:119           Options.create_missing_column_families: 0
I191204 09:42:56.224206 37 storage/engine/rocksdb.go:119                               Options.db_log_dir: 
I191204 09:42:56.224230 37 storage/engine/rocksdb.go:119                                  Options.wal_dir: /var/www/micronaut-crud/databases/cockroach-data
I191204 09:42:56.224252 37 storage/engine/rocksdb.go:119                 Options.table_cache_numshardbits: 6
I191204 09:42:56.224275 37 storage/engine/rocksdb.go:119                       Options.max_subcompactions: 1
I191204 09:42:56.224318 37 storage/engine/rocksdb.go:119                   Options.max_background_flushes: -1
I191204 09:42:56.224343 37 storage/engine/rocksdb.go:119                          Options.WAL_ttl_seconds: 0
I191204 09:42:56.224382 37 storage/engine/rocksdb.go:119                        Options.WAL_size_limit_MB: 0
I191204 09:42:56.224432 37 storage/engine/rocksdb.go:119              Options.manifest_preallocation_size: 4194304
I191204 09:42:56.224455 37 storage/engine/rocksdb.go:119                      Options.is_fd_close_on_exec: 1
I191204 09:42:56.224479 37 storage/engine/rocksdb.go:119                    Options.advise_random_on_open: 1
I191204 09:42:56.224502 37 storage/engine/rocksdb.go:119                     Options.db_write_buffer_size: 0
I191204 09:42:56.224525 37 storage/engine/rocksdb.go:119                     Options.write_buffer_manager: 0x7fbb7c0611c0
I191204 09:42:56.224561 37 storage/engine/rocksdb.go:119          Options.access_hint_on_compaction_start: 1
I191204 09:42:56.224585 37 storage/engine/rocksdb.go:119   Options.new_table_reader_for_compaction_inputs: 0
I191204 09:42:56.224608 37 storage/engine/rocksdb.go:119            Options.random_access_max_buffer_size: 1048576
I191204 09:42:56.224632 37 storage/engine/rocksdb.go:119                       Options.use_adaptive_mutex: 0
I191204 09:42:56.224655 37 storage/engine/rocksdb.go:119                             Options.rate_limiter: (nil)
I191204 09:42:56.224687 37 storage/engine/rocksdb.go:119      Options.sst_file_manager.rate_bytes_per_sec: 0
I191204 09:42:56.224724 37 storage/engine/rocksdb.go:119                        Options.wal_recovery_mode: 0
I191204 09:42:56.224747 37 storage/engine/rocksdb.go:119                   Options.enable_thread_tracking: 0
I191204 09:42:56.224770 37 storage/engine/rocksdb.go:119                   Options.enable_pipelined_write: 0
I191204 09:42:56.224793 37 storage/engine/rocksdb.go:119          Options.allow_concurrent_memtable_write: 1
I191204 09:42:56.224816 37 storage/engine/rocksdb.go:119       Options.enable_write_thread_adaptive_yield: 1
I191204 09:42:56.224840 37 storage/engine/rocksdb.go:119              Options.write_thread_max_yield_usec: 100
I191204 09:42:56.224864 37 storage/engine/rocksdb.go:119             Options.write_thread_slow_yield_usec: 3
I191204 09:42:56.224900 37 storage/engine/rocksdb.go:119                                Options.row_cache: None
I191204 09:42:56.224922 37 storage/engine/rocksdb.go:119                               Options.wal_filter: None
I191204 09:42:56.224967 37 storage/engine/rocksdb.go:119              Options.avoid_flush_during_recovery: 0
I191204 09:42:56.224994 37 storage/engine/rocksdb.go:119              Options.allow_ingest_behind: 0
I191204 09:42:56.225017 37 storage/engine/rocksdb.go:119              Options.preserve_deletes: 0
I191204 09:42:56.225040 37 storage/engine/rocksdb.go:119              Options.two_write_queues: 0
I191204 09:42:56.225077 37 storage/engine/rocksdb.go:119              Options.manual_wal_flush: 1
I191204 09:42:56.225101 37 storage/engine/rocksdb.go:119              Options.atomic_flush: 0
I191204 09:42:56.225124 37 storage/engine/rocksdb.go:119              Options.avoid_unnecessary_blocking_io: 0
I191204 09:42:56.225147 37 storage/engine/rocksdb.go:119              Options.max_background_jobs: 4
I191204 09:42:56.225170 37 storage/engine/rocksdb.go:119              Options.max_background_compactions: -1
I191204 09:42:56.225193 37 storage/engine/rocksdb.go:119              Options.avoid_flush_during_shutdown: 0
I191204 09:42:56.225215 37 storage/engine/rocksdb.go:119            Options.writable_file_max_buffer_size: 1048576
I191204 09:42:56.225253 37 storage/engine/rocksdb.go:119              Options.delayed_write_rate : 16777216
I191204 09:42:56.225276 37 storage/engine/rocksdb.go:119              Options.max_total_wal_size: 0
I191204 09:42:56.225299 37 storage/engine/rocksdb.go:119              Options.delete_obsolete_files_period_micros: 21600000000
I191204 09:42:56.225322 37 storage/engine/rocksdb.go:119                    Options.stats_dump_period_sec: 0
I191204 09:42:56.225345 37 storage/engine/rocksdb.go:119                  Options.stats_persist_period_sec: 600
I191204 09:42:56.225368 37 storage/engine/rocksdb.go:119                  Options.stats_history_buffer_size: 1048576
I191204 09:42:56.225404 37 storage/engine/rocksdb.go:119                           Options.max_open_files: 10000
I191204 09:42:56.225427 37 storage/engine/rocksdb.go:119                           Options.bytes_per_sync: 524288
I191204 09:42:56.225450 37 storage/engine/rocksdb.go:119                       Options.wal_bytes_per_sync: 0
I191204 09:42:56.225473 37 storage/engine/rocksdb.go:119                    Options.strict_bytes_per_sync: 1
I191204 09:42:56.225495 37 storage/engine/rocksdb.go:119        Options.compaction_readahead_size: 0
I191204 09:42:56.225518 37 storage/engine/rocksdb.go:119  Compression algorithms supported:
I191204 09:42:56.225596 37 storage/engine/rocksdb.go:119  	kZSTDNotFinalCompression supported: 0
I191204 09:42:56.225622 37 storage/engine/rocksdb.go:119  	kZSTD supported: 0
I191204 09:42:56.225646 37 storage/engine/rocksdb.go:119  	kXpressCompression supported: 0
I191204 09:42:56.225669 37 storage/engine/rocksdb.go:119  	kLZ4HCCompression supported: 0
I191204 09:42:56.225692 37 storage/engine/rocksdb.go:119  	kLZ4Compression supported: 0
I191204 09:42:56.225715 37 storage/engine/rocksdb.go:119  	kBZip2Compression supported: 0
I191204 09:42:56.225744 37 storage/engine/rocksdb.go:119  	kZlibCompression supported: 0
I191204 09:42:56.225780 37 storage/engine/rocksdb.go:119  	kSnappyCompression supported: 1
I191204 09:42:56.225892 37 storage/engine/rocksdb.go:119  Fast CRC32 supported: Supported on x86
I191204 09:42:56.226427 37 storage/engine/rocksdb.go:119  [db/version_set.cc:4072] Recovering from manifest file: /var/www/micronaut-crud/databases/cockroach-data/MANIFEST-000024
I191204 09:42:56.226637 37 storage/engine/rocksdb.go:119  [db/column_family.cc:488] --------------- Options for column family [default]:
I191204 09:42:56.226665 37 storage/engine/rocksdb.go:119                Options.comparator: cockroach_comparator
I191204 09:42:56.226688 37 storage/engine/rocksdb.go:119            Options.merge_operator: cockroach_merge_operator
I191204 09:42:56.226711 37 storage/engine/rocksdb.go:119         Options.compaction_filter: None
I191204 09:42:56.226732 37 storage/engine/rocksdb.go:119         Options.compaction_filter_factory: None
I191204 09:42:56.226754 37 storage/engine/rocksdb.go:119          Options.memtable_factory: SkipListFactory
I191204 09:42:56.226776 37 storage/engine/rocksdb.go:119             Options.table_factory: BlockBasedTable
I191204 09:42:56.226867 37 storage/engine/rocksdb.go:119             table_factory options:   flush_block_policy_factory: FlushBlockBySizePolicyFactory (0x7fbb7c0240a0)
  cache_index_and_filter_blocks: 0
  cache_index_and_filter_blocks_with_high_priority: 0
  pin_l0_filter_and_index_blocks_in_cache: 0
  pin_top_level_index_and_filter: 1
  index_type: 0
  data_block_index_type: 0
  index_shortening: 1
  data_block_hash_table_util_ratio: 0.750000
  hash_index_allow_collision: 1
  checksum: 1
  no_block_cache: 0
  block_cache: 0x7fbb7c183a10
  block_cache_name: LRUCache
  block_cache_options:
    capacity : 67108864
    num_shard_bits : 4
    strict_capacity_limit : 0
    memory_allocator : None
    high_pri_pool_ratio: 0.000
  block_cache_compressed: (nil)
  persistent_cache: (nil)
  block_size: 32768
  block_size_deviation: 10
  block_restart_interval: 16
  index_block_restart_interval: 1
  metadata_block_size: 4096
  partition_filters: 0
  use_delta_encoding: 1
  filter_policy: rocksdb.BuiltinBloomFilter
  whole_key_filtering: 0
  verify_compression: 0
  read_amp_bytes_per_bit: 0
  format_version: 2
  enable_index_compression: 1
  block_align: 0
I191204 09:42:56.226896 37 storage/engine/rocksdb.go:119         Options.write_buffer_size: 67108864
I191204 09:42:56.226922 37 storage/engine/rocksdb.go:119   Options.max_write_buffer_number: 4
I191204 09:42:56.226945 37 storage/engine/rocksdb.go:119           Options.compression: Snappy
I191204 09:42:56.226966 37 storage/engine/rocksdb.go:119                   Options.bottommost_compression: Disabled
I191204 09:42:56.226988 37 storage/engine/rocksdb.go:119        Options.prefix_extractor: cockroach_prefix_extractor
I191204 09:42:56.227011 37 storage/engine/rocksdb.go:119    Options.memtable_insert_with_hint_prefix_extractor: nullptr
I191204 09:42:56.227033 37 storage/engine/rocksdb.go:119              Options.num_levels: 7
I191204 09:42:56.227054 37 storage/engine/rocksdb.go:119         Options.min_write_buffer_number_to_merge: 1
I191204 09:42:56.227075 37 storage/engine/rocksdb.go:119      Options.max_write_buffer_number_to_maintain: 0
I191204 09:42:56.227096 37 storage/engine/rocksdb.go:119             Options.bottommost_compression_opts.window_bits: -14
I191204 09:42:56.227118 37 storage/engine/rocksdb.go:119                   Options.bottommost_compression_opts.level: 32767
I191204 09:42:56.227139 37 storage/engine/rocksdb.go:119                Options.bottommost_compression_opts.strategy: 0
I191204 09:42:56.227160 37 storage/engine/rocksdb.go:119          Options.bottommost_compression_opts.max_dict_bytes: 0
I191204 09:42:56.227182 37 storage/engine/rocksdb.go:119          Options.bottommost_compression_opts.zstd_max_train_bytes: 0
I191204 09:42:56.227203 37 storage/engine/rocksdb.go:119                   Options.bottommost_compression_opts.enabled: false
I191204 09:42:56.227231 37 storage/engine/rocksdb.go:119             Options.compression_opts.window_bits: -14
I191204 09:42:56.227252 37 storage/engine/rocksdb.go:119                   Options.compression_opts.level: 32767
I191204 09:42:56.227273 37 storage/engine/rocksdb.go:119                Options.compression_opts.strategy: 0
I191204 09:42:56.227294 37 storage/engine/rocksdb.go:119          Options.compression_opts.max_dict_bytes: 0
I191204 09:42:56.227316 37 storage/engine/rocksdb.go:119          Options.compression_opts.zstd_max_train_bytes: 0
I191204 09:42:56.227336 37 storage/engine/rocksdb.go:119                   Options.compression_opts.enabled: false
I191204 09:42:56.227357 37 storage/engine/rocksdb.go:119       Options.level0_file_num_compaction_trigger: 2
I191204 09:42:56.227378 37 storage/engine/rocksdb.go:119           Options.level0_slowdown_writes_trigger: 950
I191204 09:42:56.227399 37 storage/engine/rocksdb.go:119               Options.level0_stop_writes_trigger: 1000
I191204 09:42:56.227421 37 storage/engine/rocksdb.go:119                    Options.target_file_size_base: 4194304
I191204 09:42:56.227442 37 storage/engine/rocksdb.go:119              Options.target_file_size_multiplier: 2
I191204 09:42:56.227463 37 storage/engine/rocksdb.go:119                 Options.max_bytes_for_level_base: 67108864
I191204 09:42:56.227484 37 storage/engine/rocksdb.go:119  Options.level_compaction_dynamic_level_bytes: 1
I191204 09:42:56.227510 37 storage/engine/rocksdb.go:119           Options.max_bytes_for_level_multiplier: 10.000000
I191204 09:42:56.227533 37 storage/engine/rocksdb.go:119  Options.max_bytes_for_level_multiplier_addtl[0]: 1
I191204 09:42:56.227555 37 storage/engine/rocksdb.go:119  Options.max_bytes_for_level_multiplier_addtl[1]: 1
I191204 09:42:56.227576 37 storage/engine/rocksdb.go:119  Options.max_bytes_for_level_multiplier_addtl[2]: 1
I191204 09:42:56.227597 37 storage/engine/rocksdb.go:119  Options.max_bytes_for_level_multiplier_addtl[3]: 1
I191204 09:42:56.227618 37 storage/engine/rocksdb.go:119  Options.max_bytes_for_level_multiplier_addtl[4]: 1
I191204 09:42:56.227640 37 storage/engine/rocksdb.go:119  Options.max_bytes_for_level_multiplier_addtl[5]: 1
I191204 09:42:56.227661 37 storage/engine/rocksdb.go:119  Options.max_bytes_for_level_multiplier_addtl[6]: 1
I191204 09:42:56.227682 37 storage/engine/rocksdb.go:119        Options.max_sequential_skip_in_iterations: 8
I191204 09:42:56.227704 37 storage/engine/rocksdb.go:119                     Options.max_compaction_bytes: 104857600
I191204 09:42:56.227725 37 storage/engine/rocksdb.go:119                         Options.arena_block_size: 8388608
I191204 09:42:56.227746 37 storage/engine/rocksdb.go:119    Options.soft_pending_compaction_bytes_limit: 2199023255552
I191204 09:42:56.227767 37 storage/engine/rocksdb.go:119    Options.hard_pending_compaction_bytes_limit: 4400193994752
I191204 09:42:56.227788 37 storage/engine/rocksdb.go:119        Options.rate_limit_delay_max_milliseconds: 100
I191204 09:42:56.227810 37 storage/engine/rocksdb.go:119                 Options.disable_auto_compactions: 0
I191204 09:42:56.227833 37 storage/engine/rocksdb.go:119                         Options.compaction_style: kCompactionStyleLevel
I191204 09:42:56.227856 37 storage/engine/rocksdb.go:119                           Options.compaction_pri: kMinOverlappingRatio
I191204 09:42:56.227878 37 storage/engine/rocksdb.go:119  Options.compaction_options_universal.size_ratio: 1
I191204 09:42:56.227899 37 storage/engine/rocksdb.go:119  Options.compaction_options_universal.min_merge_width: 2
I191204 09:42:56.227920 37 storage/engine/rocksdb.go:119  Options.compaction_options_universal.max_merge_width: 4294967295
I191204 09:42:56.227942 37 storage/engine/rocksdb.go:119  Options.compaction_options_universal.max_size_amplification_percent: 200
I191204 09:42:56.227965 37 storage/engine/rocksdb.go:119  Options.compaction_options_universal.compression_size_percent: -1
I191204 09:42:56.227987 37 storage/engine/rocksdb.go:119  Options.compaction_options_universal.stop_style: kCompactionStopStyleTotalSize
I191204 09:42:56.228016 37 storage/engine/rocksdb.go:119  Options.compaction_options_fifo.max_table_files_size: 1073741824
I191204 09:42:56.228039 37 storage/engine/rocksdb.go:119  Options.compaction_options_fifo.allow_compaction: 0
I191204 09:42:56.228065 37 storage/engine/rocksdb.go:119                    Options.table_properties_collectors: TimeBoundTblPropCollectorFactory; DeleteRangeTblPropCollectorFactory; 
I191204 09:42:56.228090 37 storage/engine/rocksdb.go:119                    Options.inplace_update_support: 0
I191204 09:42:56.228112 37 storage/engine/rocksdb.go:119                  Options.inplace_update_num_locks: 10000
I191204 09:42:56.228224 37 storage/engine/rocksdb.go:119                Options.memtable_prefix_bloom_size_ratio: 0.000000
I191204 09:42:56.228248 37 storage/engine/rocksdb.go:119                Options.memtable_whole_key_filtering: 0
I191204 09:42:56.228269 37 storage/engine/rocksdb.go:119    Options.memtable_huge_page_size: 0
I191204 09:42:56.228292 37 storage/engine/rocksdb.go:119                            Options.bloom_locality: 0
I191204 09:42:56.228313 37 storage/engine/rocksdb.go:119                     Options.max_successive_merges: 0
I191204 09:42:56.228334 37 storage/engine/rocksdb.go:119                 Options.optimize_filters_for_hits: 1
I191204 09:42:56.228356 37 storage/engine/rocksdb.go:119                 Options.paranoid_file_checks: 0
I191204 09:42:56.228377 37 storage/engine/rocksdb.go:119                 Options.force_consistency_checks: 0
I191204 09:42:56.228469 37 storage/engine/rocksdb.go:119                 Options.report_bg_io_stats: 0
I191204 09:42:56.228492 37 storage/engine/rocksdb.go:119                                Options.ttl: 0
I191204 09:42:56.228513 37 storage/engine/rocksdb.go:119           Options.periodic_compaction_seconds: 0
I191204 09:42:56.230198 37 storage/engine/rocksdb.go:119  [db/version_set.cc:3086] More existing levels in DB than needed. max_bytes_for_level_multiplier may not be guaranteed.
I191204 09:42:56.230257 37 storage/engine/rocksdb.go:119  [db/version_set.cc:4286] Recovered from manifest file:/var/www/micronaut-crud/databases/cockroach-data/MANIFEST-000024 succeeded,manifest_file_number is 24, next_file_number is 26, last_sequence is 932728, log_number is 20,prev_log_number is 0,max_column_family is 0,min_log_number_to_keep is 0
I191204 09:42:56.230282 37 storage/engine/rocksdb.go:119  [db/version_set.cc:4295] Column family [default] (ID 0), log number is 20
I191204 09:42:56.230520 37 storage/engine/rocksdb.go:119  EVENT_LOG_v1 {"time_micros": 1575452576230478, "job": 1, "event": "recovery_started", "log_files": [25]}
I191204 09:42:56.230551 37 storage/engine/rocksdb.go:119  [db/db_impl_open.cc:598] Recovering log #25 mode 0
I191204 09:42:56.278822 37 storage/engine/rocksdb.go:119  EVENT_LOG_v1 {"time_micros": 1575452576278485, "cf_name": "default", "job": 1, "event": "table_file_creation", "file_number": 26, "file_size": 36872, "table_properties": {"data_size": 34613, "index_size": 212, "index_partitions": 0, "top_level_index_size": 0, "index_key_is_user_key": 0, "index_value_is_delta_encoded": 0, "filter_size": 1093, "raw_key_size": 41499, "raw_average_key_size": 50, "raw_value_size": 107773, "raw_average_value_size": 131, "num_data_blocks": 4, "num_entries": 821, "num_deletions": 16, "num_merge_operands": 664, "num_range_deletions": 664, "format_version": 0, "fixed_key_len": 0, "filter_policy": "rocksdb.BuiltinBloomFilter", "column_family_name": "default", "column_family_id": 0, "comparator": "cockroach_comparator", "merge_operator": "cockroach_merge_operator", "prefix_extractor_name": "cockroach_prefix_extractor", "property_collectors": "[TimeBoundTblPropCollectorFactory,DeleteRangeTblPropCollectorFactory]", "compression": "Snappy", "compression_options": "window_bits=-14; level=32767; strategy=0; max_dict_bytes=0; zstd_max_train_bytes=0; enabled=0; ", "creation_time": 1575452576, "oldest_key_time": 3, "file_creation_time": 0}}
I191204 09:42:56.279289 37 storage/engine/rocksdb.go:119  [db/version_set.cc:3560] Creating manifest 27
I191204 09:42:56.279876 37 storage/engine/rocksdb.go:119  [db/version_set.cc:3086] More existing levels in DB than needed. max_bytes_for_level_multiplier may not be guaranteed.
I191204 09:42:56.367566 37 storage/engine/rocksdb.go:119  EVENT_LOG_v1 {"time_micros": 1575452576367375, "job": 1, "event": "recovery_finished"}
I191204 09:42:56.427350 37 storage/engine/rocksdb.go:119  DB pointer 0x7fbb7c16e800
I191204 09:42:56.427905 17 storage/engine/rocksdb.go:119  [db/compaction_job.cc:1647] [default] [JOB 3] Compacting 2@0 + 1@6 files to L6, score 1.00
I191204 09:42:56.427957 17 storage/engine/rocksdb.go:119  [db/compaction_job.cc:1651] [default] Compaction start summary: Base version 2 Base level 0, inputs: [26(36KB) 23(350KB)], [21(981KB)]
I191204 09:42:56.428093 17 storage/engine/rocksdb.go:119  EVENT_LOG_v1 {"time_micros": 1575452576428008, "job": 3, "event": "compaction_started", "compaction_reason": "LevelL0FilesNum", "files_L0": [26, 23], "files_L6": [21], "score": 1, "input_data_size": 1400599}
I191204 09:42:56.670341 17 storage/engine/rocksdb.go:119  [db/compaction_job.cc:1334] [default] [JOB 3] Generated table #31: 6080 keys, 1248184 bytes
I191204 09:42:56.670557 17 storage/engine/rocksdb.go:119  EVENT_LOG_v1 {"time_micros": 1575452576670410, "cf_name": "default", "job": 3, "event": "table_file_creation", "file_number": 31, "file_size": 1248184, "table_properties": {"data_size": 1240584, "index_size": 17432, "index_partitions": 0, "top_level_index_size": 0, "index_key_is_user_key": 0, "index_value_is_delta_encoded": 0, "filter_size": 0, "raw_key_size": 264916, "raw_average_key_size": 43, "raw_value_size": 8108853, "raw_average_value_size": 1333, "num_data_blocks": 258, "num_entries": 6080, "num_deletions": 0, "num_merge_operands": 0, "num_range_deletions": 0, "format_version": 0, "fixed_key_len": 0, "filter_policy": "rocksdb.BuiltinBloomFilter", "column_family_name": "default", "column_family_id": 0, "comparator": "cockroach_comparator", "merge_operator": "cockroach_merge_operator", "prefix_extractor_name": "cockroach_prefix_extractor", "property_collectors": "[TimeBoundTblPropCollectorFactory,DeleteRangeTblPropCollectorFactory]", "compression": "Snappy", "compression_options": "window_bits=-14; level=32767; strategy=0; max_dict_bytes=0; zstd_max_train_bytes=0; enabled=0; ", "creation_time": 1575452576, "oldest_key_time": 0, "file_creation_time": 1575452576}}
I191204 09:42:56.704505 17 storage/engine/rocksdb.go:119  [db/compaction_job.cc:1397] [default] [JOB 3] Compacted 2@0 + 1@6 files to L6 => 1248184 bytes
I191204 09:42:56.704670 17 storage/engine/rocksdb.go:119  [db/version_set.cc:3086] More existing levels in DB than needed. max_bytes_for_level_multiplier may not be guaranteed.
I191204 09:42:56.737824 17 storage/engine/rocksdb.go:119  (Original Log Time 2019/12/04-04:42:56.736658) [db/compaction_job.cc:770] [default] compacted to: base level 6 level multiplier 10.00 max bytes base 67108864 files[0 0 0 0 0 0 1] max score 0.00, MB/sec: 5.8 rd, 5.1 wr, level 6, files in(2, 1) out(1) MB in(0.4, 1.0) out(1.2), read-write-amplify(6.7) write-amplify(3.2) OK, records in: 12710, records dropped: 5966 output_compression: Snappy
I191204 09:42:56.737922 17 storage/engine/rocksdb.go:119  (Original Log Time 2019/12/04-04:42:56.736751) EVENT_LOG_v1 {"time_micros": 1575452576736702, "job": 3, "event": "compaction_finished", "compaction_time_micros": 242551, "compaction_time_cpu_micros": 152789, "output_level": 6, "num_output_files": 1, "total_output_size": 1248184, "num_input_records": 12046, "num_output_records": 6080, "num_subcompactions": 1, "output_compression": "Snappy", "num_single_delete_mismatches": 0, "num_single_delete_fallthrough": 0, "lsm_state": [0, 0, 0, 0, 0, 0, 1]}
I191204 09:42:56.751244 37 storage/engine/rocksdb.go:119  EVENT_LOG_v1 {"time_micros": 1575452576751177, "job": 0, "event": "table_file_deletion", "file_number": 26}
I191204 09:42:56.751531 37 storage/engine/rocksdb.go:119  EVENT_LOG_v1 {"time_micros": 1575452576751501, "job": 0, "event": "table_file_deletion", "file_number": 23}
I191204 09:42:56.751853 37 storage/engine/rocksdb.go:119  EVENT_LOG_v1 {"time_micros": 1575452576751823, "job": 0, "event": "table_file_deletion", "file_number": 21}
I191204 09:44:02.298651 1368 storage/engine/rocksdb.go:119  bloom filter utility:    -nan%
I191204 09:44:02.333153 1368 storage/engine/rocksdb.go:119  [db/db_impl.cc:392] Shutdown: canceling all background work
I191204 09:44:02.366924 1368 storage/engine/rocksdb.go:119  [db/db_impl.cc:565] Shutdown complete
I191204 09:44:02.433897 1368 storage/engine/rocksdb.go:119  bloom filter utility:    50.0%
I191204 09:44:02.467291 1368 storage/engine/rocksdb.go:119  [db/db_impl.cc:392] Shutdown: canceling all background work
I191204 09:44:02.501893 1368 storage/engine/rocksdb.go:119  [db/db_impl.cc:565] Shutdown complete
