I191204 09:42:05.551098 1 util/log/clog.go:1196  [config] file created at: 2019/12/04 09:42:05
I191204 09:42:05.551098 1 util/log/clog.go:1196  [config] running on machine: proesd
I191204 09:42:05.551098 1 util/log/clog.go:1196  [config] binary: CockroachDB CCL v19.2.0 (x86_64-unknown-linux-gnu, built 2019/11/12 05:13:04, go1.12.12)
I191204 09:42:05.551098 1 util/log/clog.go:1196  [config] arguments: [cockroach start-single-node --insecure --listen-addr=localhost:9191]
I191204 09:42:05.551098 1 util/log/clog.go:1196  line format: [IWEF]yymmdd hh:mm:ss.uuuuuu goid file:line msg utf8=✓
I191204 09:42:05.551073 1 cli/start.go:1138  logging to directory /var/www/micronaut-crud/databases/cockroach-data/logs
W191204 09:42:05.633760 1 cli/start.go:1176  RUNNING IN INSECURE MODE!

- Your cluster is open for any client that can access localhost.
- Any user, even root, can log in without providing a password.
- Any user, connecting as root, can read or write any data in your cluster.
- There is no network encryption nor authentication, and thus no confidentiality.

Check out how to secure your cluster: https://www.cockroachlabs.com/docs/v19.2/secure-a-cluster.html
I191204 09:42:05.644540 1 server/status/recorder.go:599  available memory from cgroups (8.0 EiB) exceeds system memory 11 GiB, using system memory
W191204 09:42:05.644763 1 cli/start.go:1046  Using the default setting for --cache (128 MiB).
  A significantly larger value is usually needed for good performance.
  If you have a dedicated server a reasonable setting is --cache=.25 (2.7 GiB).
I191204 09:42:05.645135 1 server/status/recorder.go:599  available memory from cgroups (8.0 EiB) exceeds system memory 11 GiB, using system memory
W191204 09:42:05.645185 1 cli/start.go:1059  Using the default setting for --max-sql-memory (128 MiB).
  A significantly larger value is usually needed in production.
  If you have a dedicated server a reasonable setting is --max-sql-memory=.25 (2.7 GiB).
I191204 09:42:05.645440 1 server/status/recorder.go:599  available memory from cgroups (8.0 EiB) exceeds system memory 11 GiB, using system memory
I191204 09:42:05.645504 1 cli/start.go:1190  CockroachDB CCL v19.2.0 (x86_64-unknown-linux-gnu, built 2019/11/12 05:13:04, go1.12.12)
I191204 09:42:05.747791 1 server/status/recorder.go:599  available memory from cgroups (8.0 EiB) exceeds system memory 11 GiB, using system memory
I191204 09:42:05.747877 1 server/config.go:394  system total memory: 11 GiB
I191204 09:42:05.748011 1 server/config.go:396  server configuration:
max offset             500000000
cache size             128 MiB
SQL memory pool size   128 MiB
scan interval          10m0s
scan min idle time     10ms
scan max idle time     1s
event log enabled      true
I191204 09:42:05.748079 1 cli/start.go:1031  process identity: uid 1000 euid 1000 gid 1000 egid 1000
I191204 09:42:05.758980 1 cli/start.go:638  starting cockroach node
I191204 09:42:05.818980 40 storage/engine/rocksdb.go:621  opening rocksdb instance at "/var/www/micronaut-crud/databases/cockroach-data/cockroach-temp137845085"
I191204 09:42:06.478919 40 server/server.go:927  [n?] monitoring forward clock jumps based on server.clock.forward_jump_check_enabled
I191204 09:42:06.524953 40 storage/engine/rocksdb.go:621  opening rocksdb instance at "/var/www/micronaut-crud/databases/cockroach-data"
I191204 09:42:10.398675 40 server/config.go:502  [n?] 1 storage engine initialized
I191204 09:42:10.398750 40 server/config.go:505  [n?] RocksDB cache size: 128 MiB
I191204 09:42:10.398781 40 server/config.go:505  [n?] store 0: RocksDB, max size 0 B, max open file limit 10000
I191204 09:42:10.587659 40 gossip/gossip.go:394  [n1] NodeDescriptor set to node_id:1 address:<network_field:"tcp" address_field:"localhost:9191" > attrs:<> locality:<> ServerVersion:<major_val:19 minor_val:2 patch:0 unstable:0 > build_tag:"v19.2.0" started_at:1575452530575225496 cluster_name:"" sql_address:<network_field:"tcp" address_field:"localhost:9191" > 
W191204 09:42:10.682999 132 storage/replica_range_lease.go:554  can't determine lease status due to node liveness error: node not in the liveness table
github.com/cockroachdb/cockroach/pkg/storage.init.ializers
	/go/src/github.com/cockroachdb/cockroach/pkg/storage/node_liveness.go:44
runtime.main
	/usr/local/go/src/runtime/proc.go:188
runtime.goexit
	/usr/local/go/src/runtime/asm_amd64.s:1337
W191204 09:42:10.683180 132 storage/store.go:1530  [n1,s1,r6/1:/Table/{SystemCon…-11}] could not gossip system config: [NotLeaseHolderError] r6: replica (n1,s1):1 not lease holder; lease holder unknown
I191204 09:42:10.720747 40 server/node.go:431  [n1] initialized store [n1,s1]: disk (capacity=91 GiB, available=36 GiB, used=2.2 MiB, logicalBytes=37 MiB), ranges=26, leases=0, queries=0.00, writes=0.00, bytesPerReplica={p10=0.00 p25=0.00 p50=254.00 p75=7566.00 p90=18985.00 pMax=38615275.00}, writesPerReplica={p10=0.00 p25=0.00 p50=0.00 p75=0.00 p90=0.00 pMax=0.00}
I191204 09:42:10.721566 40 storage/stores.go:240  [n1] read 0 node addresses from persistent storage
W191204 09:42:10.740274 132 storage/store.go:1530  [n1,s1,r6/1:/Table/{SystemCon…-11}] could not gossip system config: [NotLeaseHolderError] r6: replica (n1,s1):1 not lease holder; lease holder unknown
W191204 09:42:10.850825 132 storage/store.go:1530  [n1,s1,r6/1:/Table/{SystemCon…-11}] could not gossip system config: [NotLeaseHolderError] r6: replica (n1,s1):1 not lease holder; lease holder unknown
I191204 09:42:10.859054 40 server/node.go:645  [n1] connecting to gossip network to verify cluster ID...
I191204 09:42:10.859195 40 server/node.go:665  [n1] node connected via gossip and verified as part of cluster "d712e4f9-1d3d-4670-85a6-2695873dea41"
I191204 09:42:10.859855 40 server/node.go:512  [n1] node=1: started with [<no-attributes>=/var/www/micronaut-crud/databases/cockroach-data] engine(s) and attributes []
I191204 09:42:10.882868 40 server/server.go:1513  [n1] starting http server at 127.0.0.1:8080 (use: localhost:8080)
I191204 09:42:10.882935 40 server/server.go:1520  [n1] starting grpc/postgres server at 127.0.0.1:9191
I191204 09:42:10.882987 40 server/server.go:1521  [n1] advertising CockroachDB node at localhost:9191
I191204 09:42:11.052572 172 storage/node_liveness.go:474  [n1,liveness-hb] heartbeat failed on epoch increment; retrying
I191204 09:42:11.575612 40 server/server.go:1589  [n1] done ensuring all necessary migrations have run
I191204 09:42:11.575752 40 server/server.go:1840  [n1] serving sql connections
I191204 09:42:11.575979 40 cli/start.go:797  [config] clusterID: d712e4f9-1d3d-4670-85a6-2695873dea41
I191204 09:42:11.576051 40 cli/start.go:806  node startup completed:
CockroachDB node starting at 2019-12-04 09:42:11.575810458 +0000 UTC (took 6.1s)
build:               CCL v19.2.0 @ 2019/11/12 05:13:04 (go1.12.12)
webui:               http://localhost:8080
sql:                 postgresql://root@localhost:9191?sslmode=disable
RPC client flags:    cockroach <client cmd> --host=localhost:9191 --insecure
logs:                /var/www/micronaut-crud/databases/cockroach-data/logs
temp dir:            /var/www/micronaut-crud/databases/cockroach-data/cockroach-temp137845085
external I/O path:   /var/www/micronaut-crud/databases/cockroach-data/extern
store[0]:            path=/var/www/micronaut-crud/databases/cockroach-data
status:              restarted pre-existing node
clusterID:           d712e4f9-1d3d-4670-85a6-2695873dea41
nodeID:              1
I191204 09:42:12.314618 260 server/server_update.go:53  [n1] no need to upgrade, cluster already at the newest version
I191204 09:42:12.641447 262 sql/event_log.go:130  [n1] Event: "node_restart", target: 1, info: {Descriptor:{NodeID:1 Address:localhost:9191 Attrs: Locality: ServerVersion:19.2 BuildTag:v19.2.0 StartedAt:1575452530575225496 LocalityAddress:[] ClusterName: SQLAddress:localhost:9191} ClusterID:d712e4f9-1d3d-4670-85a6-2695873dea41 StartedAt:1575452530575225496 LastUp:1575283220524280198}
I191204 09:42:12.943428 95 gossip/gossip.go:1531  [n1] node has connected to cluster via gossip
I191204 09:42:12.943731 95 storage/stores.go:259  [n1] wrote 0 node addresses to persistent storage
I191204 09:42:14.822209 264 server/updates.go:267  [n1] A new version is available: 19.2.1, details: https://www.cockroachlabs.com/docs/releases/v19.2.1.html
I191204 09:42:17.560650 1 cli/start.go:859  received signal 'interrupt'
I191204 09:42:17.616186 1 cli/start.go:924  initiating graceful shutdown of server
I191204 09:42:17.696462 444 util/stop/stopper.go:542  [server drain process] quiescing; tasks left:
1      [async] intent_resolver_ir_batcher
1      [async] intent_resolver_gc_batcher
1      [async] closedts-rangefeed-subscriber
I191204 09:42:17.771882 444 util/stop/stopper.go:542  [server drain process] quiescing; tasks left:
1      [async] intent_resolver_ir_batcher
1      [async] closedts-rangefeed-subscriber
I191204 09:42:17.816568 150 storage/queue.go:520  [n1,s1] rate limited in MaybeAdd (gc): node unavailable; try another peer
I191204 09:42:17.860906 150 storage/queue.go:520  [n1,s1] rate limited in MaybeAdd (merge): node unavailable; try another peer
I191204 09:42:17.905338 150 storage/queue.go:520  [n1,s1] rate limited in MaybeAdd (split): node unavailable; try another peer
I191204 09:42:18.049781 150 storage/queue.go:520  [n1,s1] rate limited in MaybeAdd (replicate): node unavailable; try another peer
I191204 09:42:18.094303 150 storage/queue.go:520  [n1,s1] rate limited in MaybeAdd (replicaGC): node unavailable; try another peer
I191204 09:42:18.160905 150 storage/queue.go:520  [n1,s1] rate limited in MaybeAdd (raftlog): node unavailable; try another peer
I191204 09:42:18.205274 150 storage/queue.go:520  [n1,s1] rate limited in MaybeAdd (raftsnapshot): node unavailable; try another peer
I191204 09:42:18.249706 150 storage/queue.go:520  [n1,s1] rate limited in MaybeAdd (consistencyChecker): node unavailable; try another peer
I191204 09:42:18.294315 150 storage/queue.go:520  [n1,s1] rate limited in MaybeAdd (timeSeriesMaintenance): node unavailable; try another peer
I191204 09:42:18.339015 444 storage/engine/rocksdb.go:761  closing rocksdb instance at "/var/www/micronaut-crud/databases/cockroach-data/cockroach-temp137845085"
I191204 09:42:18.518600 444 storage/engine/rocksdb.go:761  closing rocksdb instance at "/var/www/micronaut-crud/databases/cockroach-data"
I191204 09:42:18.717720 1 cli/start.go:970  server drained and shutdown completed
E191204 09:42:18.762303 1 cli/error.go:233  interrupted
